<?xml version="1.0" encoding="UTF-8"?>
<testsuite xmlns:xsi="http://www.w3.org/2001/XMLSchema-instance" xsi:noNamespaceSchemaLocation="https://maven.apache.org/surefire/maven-surefire-plugin/xsd/surefire-test-report.xsd" version="3.0.2" name="test.com.assignment2.selenium_test.SelinumTest" time="57.058" tests="3" errors="0" skipped="0" failures="0">
  <properties>
[...]
</properties>
  <testcase name="testLoginWithWrongCreds" classname="test.com.assignment2.selenium_test.SelinumTest" time="22.534">
    <system-out><![CDATA[23:31:39.877 [main] DEBUG io.github.bonigarcia.wdm.cache.ResolutionCache - Removing resolution chrome=130 from cache (expired on Sun Oct 20 01:52:36 CDT 2024)
23:31:39.930 [main] DEBUG org.apache.hc.client5.http.impl.classic.InternalHttpClient - ex-0000000001 preparing request execution
23:31:39.945 [main] DEBUG org.apache.hc.client5.http.impl.classic.ProtocolExec - ex-0000000001 target auth state: UNCHALLENGED
23:31:39.946 [main] DEBUG org.apache.hc.client5.http.impl.classic.ProtocolExec - ex-0000000001 proxy auth state: UNCHALLENGED
23:31:39.946 [main] DEBUG org.apache.hc.client5.http.impl.classic.ConnectExec - ex-0000000001 acquiring connection with route {s}->https://raw.githubusercontent.com:443
23:31:39.946 [main] DEBUG org.apache.hc.client5.http.impl.classic.InternalHttpClient - ex-0000000001 acquiring endpoint (3 MINUTES)
23:31:39.948 [main] DEBUG org.apache.hc.client5.http.impl.io.PoolingHttpClientConnectionManager - ex-0000000001 endpoint lease request (3 MINUTES) [route: {s}->https://raw.githubusercontent.com:443][total available: 0; route allocated: 0 of 5; total allocated: 0 of 25]
23:31:39.953 [main] DEBUG org.apache.hc.client5.http.impl.io.PoolingHttpClientConnectionManager - ex-0000000001 endpoint leased [route: {s}->https://raw.githubusercontent.com:443][total available: 0; route allocated: 1 of 5; total allocated: 1 of 25]
23:31:39.970 [main] DEBUG org.apache.hc.client5.http.impl.io.PoolingHttpClientConnectionManager - ex-0000000001 acquired ep-0000000001
23:31:39.970 [main] DEBUG org.apache.hc.client5.http.impl.classic.InternalHttpClient - ex-0000000001 acquired endpoint ep-0000000001
23:31:39.971 [main] DEBUG org.apache.hc.client5.http.impl.classic.ConnectExec - ex-0000000001 opening connection {s}->https://raw.githubusercontent.com:443
23:31:39.971 [main] DEBUG org.apache.hc.client5.http.impl.classic.InternalHttpClient - ep-0000000001 connecting endpoint (null)
23:31:39.974 [main] DEBUG org.apache.hc.client5.http.impl.io.PoolingHttpClientConnectionManager - ep-0000000001 connecting endpoint to https://raw.githubusercontent.com:443 (30 SECONDS)
23:31:39.974 [main] DEBUG org.apache.hc.client5.http.impl.io.DefaultHttpClientConnectionOperator - raw.githubusercontent.com resolving remote address
23:31:40.025 [main] DEBUG org.apache.hc.client5.http.impl.io.DefaultHttpClientConnectionOperator - raw.githubusercontent.com resolved to [raw.githubusercontent.com/185.199.111.133, raw.githubusercontent.com/185.199.108.133, raw.githubusercontent.com/185.199.109.133, raw.githubusercontent.com/185.199.110.133]
23:31:40.035 [main] DEBUG org.apache.hc.client5.http.impl.io.DefaultHttpClientConnectionOperator - raw.githubusercontent.com:443 connecting null->raw.githubusercontent.com/185.199.111.133:443 (30 SECONDS)
23:31:40.036 [main] DEBUG org.apache.hc.client5.http.ssl.SSLConnectionSocketFactory - Connecting socket to raw.githubusercontent.com/185.199.111.133:443 with timeout 30 SECONDS
23:31:40.168 [main] DEBUG org.apache.hc.client5.http.ssl.SSLConnectionSocketFactory - Enabled protocols: [TLSv1.3, TLSv1.2]
23:31:40.169 [main] DEBUG org.apache.hc.client5.http.ssl.SSLConnectionSocketFactory - Enabled cipher suites: [TLS_AES_256_GCM_SHA384, TLS_AES_128_GCM_SHA256, TLS_CHACHA20_POLY1305_SHA256, TLS_ECDHE_ECDSA_WITH_AES_256_GCM_SHA384, TLS_ECDHE_ECDSA_WITH_AES_128_GCM_SHA256, TLS_ECDHE_ECDSA_WITH_CHACHA20_POLY1305_SHA256, TLS_ECDHE_RSA_WITH_AES_256_GCM_SHA384, TLS_ECDHE_RSA_WITH_CHACHA20_POLY1305_SHA256, TLS_ECDHE_RSA_WITH_AES_128_GCM_SHA256, TLS_DHE_RSA_WITH_AES_256_GCM_SHA384, TLS_DHE_RSA_WITH_CHACHA20_POLY1305_SHA256, TLS_DHE_DSS_WITH_AES_256_GCM_SHA384, TLS_DHE_RSA_WITH_AES_128_GCM_SHA256, TLS_DHE_DSS_WITH_AES_128_GCM_SHA256, TLS_ECDHE_ECDSA_WITH_AES_256_CBC_SHA384, TLS_ECDHE_RSA_WITH_AES_256_CBC_SHA384, TLS_ECDHE_ECDSA_WITH_AES_128_CBC_SHA256, TLS_ECDHE_RSA_WITH_AES_128_CBC_SHA256, TLS_DHE_RSA_WITH_AES_256_CBC_SHA256, TLS_DHE_DSS_WITH_AES_256_CBC_SHA256, TLS_DHE_RSA_WITH_AES_128_CBC_SHA256, TLS_DHE_DSS_WITH_AES_128_CBC_SHA256, TLS_ECDHE_ECDSA_WITH_AES_256_CBC_SHA, TLS_ECDHE_RSA_WITH_AES_256_CBC_SHA, TLS_ECDHE_ECDSA_WITH_AES_128_CBC_SHA, TLS_ECDHE_RSA_WITH_AES_128_CBC_SHA, TLS_DHE_RSA_WITH_AES_256_CBC_SHA, TLS_DHE_DSS_WITH_AES_256_CBC_SHA, TLS_DHE_RSA_WITH_AES_128_CBC_SHA, TLS_DHE_DSS_WITH_AES_128_CBC_SHA, TLS_RSA_WITH_AES_256_GCM_SHA384, TLS_RSA_WITH_AES_128_GCM_SHA256, TLS_RSA_WITH_AES_256_CBC_SHA256, TLS_RSA_WITH_AES_128_CBC_SHA256, TLS_RSA_WITH_AES_256_CBC_SHA, TLS_RSA_WITH_AES_128_CBC_SHA, TLS_EMPTY_RENEGOTIATION_INFO_SCSV]
23:31:40.169 [main] DEBUG org.apache.hc.client5.http.ssl.SSLConnectionSocketFactory - Starting handshake (null)
23:31:40.386 [main] DEBUG org.apache.hc.client5.http.ssl.SSLConnectionSocketFactory - Secure session established
23:31:40.386 [main] DEBUG org.apache.hc.client5.http.ssl.SSLConnectionSocketFactory -  negotiated protocol: TLSv1.3
23:31:40.386 [main] DEBUG org.apache.hc.client5.http.ssl.SSLConnectionSocketFactory -  negotiated cipher suite: TLS_AES_128_GCM_SHA256
23:31:40.387 [main] DEBUG org.apache.hc.client5.http.ssl.SSLConnectionSocketFactory -  peer principal: CN=*.github.io, O="GitHub, Inc.", L=San Francisco, ST=California, C=US
23:31:40.394 [main] DEBUG org.apache.hc.client5.http.ssl.SSLConnectionSocketFactory -  peer alternative names: [*.github.io, github.io, githubusercontent.com, www.github.com, *.github.com, *.githubusercontent.com, github.com]
23:31:40.394 [main] DEBUG org.apache.hc.client5.http.ssl.SSLConnectionSocketFactory -  issuer principal: CN=DigiCert Global G2 TLS RSA SHA256 2020 CA1, O=DigiCert Inc, C=US
23:31:40.396 [main] DEBUG org.apache.hc.client5.http.impl.io.DefaultManagedHttpClientConnection - http-outgoing-0 set socket timeout to 3 MINUTES
23:31:40.396 [main] DEBUG org.apache.hc.client5.http.impl.io.DefaultHttpClientConnectionOperator - raw.githubusercontent.com:443 connected null->raw.githubusercontent.com/185.199.111.133:443 as http-outgoing-0
23:31:40.396 [main] DEBUG org.apache.hc.client5.http.impl.io.PoolingHttpClientConnectionManager - ep-0000000001 connected http-outgoing-0
23:31:40.396 [main] DEBUG org.apache.hc.client5.http.impl.classic.InternalHttpClient - ep-0000000001 endpoint connected
23:31:40.397 [main] DEBUG org.apache.hc.client5.http.impl.classic.MainClientExec - ex-0000000001 executing GET /bonigarcia/webdrivermanager/master/src/main/resources/commands.properties HTTP/1.1
23:31:40.398 [main] DEBUG org.apache.hc.client5.http.protocol.RequestAddCookies - ex-0000000001 Cookie spec selected: strict
23:31:40.409 [main] DEBUG org.apache.hc.client5.http.impl.classic.InternalHttpClient - ep-0000000001 start execution ex-0000000001
23:31:40.409 [main] DEBUG org.apache.hc.client5.http.impl.io.PoolingHttpClientConnectionManager - ep-0000000001 executing exchange ex-0000000001 over http-outgoing-0
23:31:40.410 [main] DEBUG org.apache.hc.client5.http.headers - http-outgoing-0 >> GET /bonigarcia/webdrivermanager/master/src/main/resources/commands.properties HTTP/1.1
23:31:40.410 [main] DEBUG org.apache.hc.client5.http.headers - http-outgoing-0 >> user-agent: Apache-HttpClient/5.0
23:31:40.410 [main] DEBUG org.apache.hc.client5.http.headers - http-outgoing-0 >> accept-encoding: gzip, deflate, br
23:31:40.410 [main] DEBUG org.apache.hc.client5.http.headers - http-outgoing-0 >> cache-control: max-age=0
23:31:40.410 [main] DEBUG org.apache.hc.client5.http.headers - http-outgoing-0 >> connection: keep-alive
23:31:40.410 [main] DEBUG org.apache.hc.client5.http.headers - http-outgoing-0 >> Host: raw.githubusercontent.com
23:31:40.411 [main] DEBUG org.apache.hc.client5.http.wire - http-outgoing-0 >> "GET /bonigarcia/webdrivermanager/master/src/main/resources/commands.properties HTTP/1.1[\r][\n]"
23:31:40.411 [main] DEBUG org.apache.hc.client5.http.wire - http-outgoing-0 >> "user-agent: Apache-HttpClient/5.0[\r][\n]"
23:31:40.411 [main] DEBUG org.apache.hc.client5.http.wire - http-outgoing-0 >> "accept-encoding: gzip, deflate, br[\r][\n]"
23:31:40.411 [main] DEBUG org.apache.hc.client5.http.wire - http-outgoing-0 >> "cache-control: max-age=0[\r][\n]"
23:31:40.411 [main] DEBUG org.apache.hc.client5.http.wire - http-outgoing-0 >> "connection: keep-alive[\r][\n]"
23:31:40.412 [main] DEBUG org.apache.hc.client5.http.wire - http-outgoing-0 >> "Host: raw.githubusercontent.com[\r][\n]"
23:31:40.412 [main] DEBUG org.apache.hc.client5.http.wire - http-outgoing-0 >> "[\r][\n]"
23:31:40.527 [main] DEBUG org.apache.hc.client5.http.wire - http-outgoing-0 << "HTTP/1.1 200 OK[\r][\n]"
23:31:40.527 [main] DEBUG org.apache.hc.client5.http.wire - http-outgoing-0 << "Connection: keep-alive[\r][\n]"
23:31:40.527 [main] DEBUG org.apache.hc.client5.http.wire - http-outgoing-0 << "Content-Length: 745[\r][\n]"
23:31:40.527 [main] DEBUG org.apache.hc.client5.http.wire - http-outgoing-0 << "Cache-Control: max-age=300[\r][\n]"
23:31:40.527 [main] DEBUG org.apache.hc.client5.http.wire - http-outgoing-0 << "Content-Security-Policy: default-src 'none'; style-src 'unsafe-inline'; sandbox[\r][\n]"
23:31:40.527 [main] DEBUG org.apache.hc.client5.http.wire - http-outgoing-0 << "Content-Type: text/plain; charset=utf-8[\r][\n]"
23:31:40.527 [main] DEBUG org.apache.hc.client5.http.wire - http-outgoing-0 << "ETag: W/"dd41edff335272162022217759820159dac501cff56850e2510f504462cd9b5f"[\r][\n]"
23:31:40.529 [main] DEBUG org.apache.hc.client5.http.wire - http-outgoing-0 << "Strict-Transport-Security: max-age=31536000[\r][\n]"
23:31:40.529 [main] DEBUG org.apache.hc.client5.http.wire - http-outgoing-0 << "X-Content-Type-Options: nosniff[\r][\n]"
23:31:40.529 [main] DEBUG org.apache.hc.client5.http.wire - http-outgoing-0 << "X-Frame-Options: deny[\r][\n]"
23:31:40.529 [main] DEBUG org.apache.hc.client5.http.wire - http-outgoing-0 << "X-XSS-Protection: 1; mode=block[\r][\n]"
23:31:40.529 [main] DEBUG org.apache.hc.client5.http.wire - http-outgoing-0 << "X-GitHub-Request-Id: BDB7:3670F0:C7BF7B:D96D18:670EA094[\r][\n]"
23:31:40.529 [main] DEBUG org.apache.hc.client5.http.wire - http-outgoing-0 << "Content-Encoding: gzip[\r][\n]"
23:31:40.529 [main] DEBUG org.apache.hc.client5.http.wire - http-outgoing-0 << "Accept-Ranges: bytes[\r][\n]"
23:31:40.529 [main] DEBUG org.apache.hc.client5.http.wire - http-outgoing-0 << "Date: Mon, 21 Oct 2024 04:31:40 GMT[\r][\n]"
23:31:40.529 [main] DEBUG org.apache.hc.client5.http.wire - http-outgoing-0 << "Via: 1.1 varnish[\r][\n]"
23:31:40.529 [main] DEBUG org.apache.hc.client5.http.wire - http-outgoing-0 << "X-Served-By: cache-dfw-kdfw8210140-DFW[\r][\n]"
23:31:40.529 [main] DEBUG org.apache.hc.client5.http.wire - http-outgoing-0 << "X-Cache: HIT[\r][\n]"
23:31:40.529 [main] DEBUG org.apache.hc.client5.http.wire - http-outgoing-0 << "X-Cache-Hits: 1[\r][\n]"
23:31:40.529 [main] DEBUG org.apache.hc.client5.http.wire - http-outgoing-0 << "X-Timer: S1729485100.460423,VS0,VE32[\r][\n]"
23:31:40.529 [main] DEBUG org.apache.hc.client5.http.wire - http-outgoing-0 << "Vary: Authorization,Accept-Encoding,Origin[\r][\n]"
23:31:40.529 [main] DEBUG org.apache.hc.client5.http.wire - http-outgoing-0 << "Access-Control-Allow-Origin: *[\r][\n]"
23:31:40.529 [main] DEBUG org.apache.hc.client5.http.wire - http-outgoing-0 << "Cross-Origin-Resource-Policy: cross-origin[\r][\n]"
23:31:40.530 [main] DEBUG org.apache.hc.client5.http.wire - http-outgoing-0 << "X-Fastly-Request-ID: cedd761c688848bc868c5e2d2c95b912160cd885[\r][\n]"
23:31:40.530 [main] DEBUG org.apache.hc.client5.http.wire - http-outgoing-0 << "Expires: Mon, 21 Oct 2024 04:36:40 GMT[\r][\n]"
23:31:40.530 [main] DEBUG org.apache.hc.client5.http.wire - http-outgoing-0 << "Source-Age: 0[\r][\n]"
23:31:40.530 [main] DEBUG org.apache.hc.client5.http.wire - http-outgoing-0 << "[\r][\n]"
23:31:40.536 [main] DEBUG org.apache.hc.client5.http.headers - http-outgoing-0 << HTTP/1.1 200 OK
23:31:40.536 [main] DEBUG org.apache.hc.client5.http.headers - http-outgoing-0 << Connection: keep-alive
23:31:40.536 [main] DEBUG org.apache.hc.client5.http.headers - http-outgoing-0 << Content-Length: 745
23:31:40.536 [main] DEBUG org.apache.hc.client5.http.headers - http-outgoing-0 << Cache-Control: max-age=300
23:31:40.536 [main] DEBUG org.apache.hc.client5.http.headers - http-outgoing-0 << Content-Security-Policy: default-src 'none'; style-src 'unsafe-inline'; sandbox
23:31:40.536 [main] DEBUG org.apache.hc.client5.http.headers - http-outgoing-0 << Content-Type: text/plain; charset=utf-8
23:31:40.537 [main] DEBUG org.apache.hc.client5.http.headers - http-outgoing-0 << ETag: W/"dd41edff335272162022217759820159dac501cff56850e2510f504462cd9b5f"
23:31:40.537 [main] DEBUG org.apache.hc.client5.http.headers - http-outgoing-0 << Strict-Transport-Security: max-age=31536000
23:31:40.537 [main] DEBUG org.apache.hc.client5.http.headers - http-outgoing-0 << X-Content-Type-Options: nosniff
23:31:40.537 [main] DEBUG org.apache.hc.client5.http.headers - http-outgoing-0 << X-Frame-Options: deny
23:31:40.537 [main] DEBUG org.apache.hc.client5.http.headers - http-outgoing-0 << X-XSS-Protection: 1; mode=block
23:31:40.537 [main] DEBUG org.apache.hc.client5.http.headers - http-outgoing-0 << X-GitHub-Request-Id: BDB7:3670F0:C7BF7B:D96D18:670EA094
23:31:40.538 [main] DEBUG org.apache.hc.client5.http.headers - http-outgoing-0 << Content-Encoding: gzip
23:31:40.538 [main] DEBUG org.apache.hc.client5.http.headers - http-outgoing-0 << Accept-Ranges: bytes
23:31:40.538 [main] DEBUG org.apache.hc.client5.http.headers - http-outgoing-0 << Date: Mon, 21 Oct 2024 04:31:40 GMT
23:31:40.538 [main] DEBUG org.apache.hc.client5.http.headers - http-outgoing-0 << Via: 1.1 varnish
23:31:40.538 [main] DEBUG org.apache.hc.client5.http.headers - http-outgoing-0 << X-Served-By: cache-dfw-kdfw8210140-DFW
23:31:40.538 [main] DEBUG org.apache.hc.client5.http.headers - http-outgoing-0 << X-Cache: HIT
23:31:40.538 [main] DEBUG org.apache.hc.client5.http.headers - http-outgoing-0 << X-Cache-Hits: 1
23:31:40.538 [main] DEBUG org.apache.hc.client5.http.headers - http-outgoing-0 << X-Timer: S1729485100.460423,VS0,VE32
23:31:40.538 [main] DEBUG org.apache.hc.client5.http.headers - http-outgoing-0 << Vary: Authorization,Accept-Encoding,Origin
23:31:40.538 [main] DEBUG org.apache.hc.client5.http.headers - http-outgoing-0 << Access-Control-Allow-Origin: *
23:31:40.538 [main] DEBUG org.apache.hc.client5.http.headers - http-outgoing-0 << Cross-Origin-Resource-Policy: cross-origin
23:31:40.540 [main] DEBUG org.apache.hc.client5.http.headers - http-outgoing-0 << X-Fastly-Request-ID: cedd761c688848bc868c5e2d2c95b912160cd885
23:31:40.540 [main] DEBUG org.apache.hc.client5.http.headers - http-outgoing-0 << Expires: Mon, 21 Oct 2024 04:36:40 GMT
23:31:40.540 [main] DEBUG org.apache.hc.client5.http.headers - http-outgoing-0 << Source-Age: 0
23:31:40.545 [main] DEBUG org.apache.hc.client5.http.impl.classic.MainClientExec - ex-0000000001 connection can be kept alive for 3 MINUTES
23:31:40.565 [main] DEBUG org.apache.hc.client5.http.wire - http-outgoing-0 << "[0x1f][0xffffff8b][0x8][0x0][0x0][0x0][0x0][0x0][0x0][0x3][0xffffffb5]W]o[0xffffffda]0[0x14]}[0xffffffe7]W\QUj% [0x1b][0xffffffad][0xffffffa6]i[0x12][0xf]4c[0xffffffdd]4*[0x18][0xffffffb4][0xffffffdd]&[0xfffffff9][0xffffffc5]$N[0xffffffb0][0xffffff94][0xffffffd8][0xffffffc8]NJ[0xffffffb7]_?[0xffffffdb][0xfffffff9]X[0xffffff92]:[0xffffffa3]k[0xffffffe8][0x1b][0xffffffb6][0xffffffef]=[0xffffffe7][0xffffffd8][0xfffffff7][0xffffffe4][0xffffffda][0xffffff9c][0xffffff80][0xffffffcb][0xffffffe3][0x18]3_[0xffffff82][0xffffff8f][0x13][0xffffffbc][0xffffffc1][0xffffff92][0xfffffff4]N[0xffffffe0]vK%[0x4]4"[0xffffffe0]q[0xffffff96]`[0xffffffca]$$[=[0xffffffc8]C[0x13][0xe][0x1b][0x2][0xffffffe4][0xffffff91]xiB|[0xffffffa0][0xffffffcc],[0xffffffcb]-[0xffffff89]"=[0xffffffe0][0xffffffc2]'B[0x7][0xfffffff9]$!^b[0x16][0x1f][0xffffff88][0xffffff90][0xffffff94][0xffffffab][0xffffffb5][0x0][0xffffff88][0xfffffffa][0x1d][\n]"
23:31:40.568 [main] DEBUG org.apache.hc.client5.http.wire - http-outgoing-0 << "B[0x18]l[0x4][0xffffffdf]K[0xffffffb5][0xffffffa0]([0xffffffcf][0xffffffdc][0xffffffad][0xffffffe0]1[0x19][0xffffffc0]'*H[0xffffffc0][0x1f][0x7][0xffffffb0][0xffffffd8][0x11][0xffffff81][0x7]0[0xfffffff3]C5kVi[0x1a][0xffffff9f]k|[0xffffff9f][0x6][0x1][0x11][0xffffff84]%[0xffffffc0]uLBY[0x8][0xfffffff2][0xffffff97]LH,[0xffffffe1][0xffffffec];e[0xffffffbe]B[0x1d][0xffffffc0][0xffffff9c][0xffffffb2]T[0xffffffc1][0xffffffdc]`[0xf][0x16][0xffffffeb][0xfffffff3][0xffffff9e][0xffffffe2][0xffffffc8](z[0xfffffff9]6F[0xffffff9e][0x19][0xffffff8e][0xfffffff6]Y[0xffffffc2][0xffffffe8][0xffffffcd][0xffffffdb][0xffffff89][0x17][0xfffffffb]#[0xffffffb5]+p\[0xffffffd8][0xffffffc7][0xffffffd4]3Gb[0xffffff8e]a[0xffffffbf]U|[0xffffffc0]pL&[0xfffffffd][0xffffffd3][0xffffffe5]jq[0xffffffbd][0xffffff9a][0xffffffde]|[0xfffffffa]2[0xffffff9f][0xffffffad]?[0xffffffa0][0x9]B[0xffffffa7][0x8]]s[0x1e]F[0x4][0xffffffa1][0xffffff8c][0x2][0xffffffa1][0xffffffe9]n[0x17]QOI[0xffffffe3][0xc][0xffffffa1][0xffffff9c]H![0xfffffff7]!$[0x9][0xffffffdc][0xffffffe7]g[0xffffffe1]<[0xffffffe0](m[0xffffffd7]3~[0xffffff81][0xffffff9e][0xffffffb3][0x1f][0xffffffef][0xffffffdf][0xffffff9d][0xffffffbf][0xffffffa6][0xffffffa8][0xffffff8b]g[0xffffff8a][0xffffff9a]/[0xffffffdc][0xffffffe9]|[0xffffffba]\~[0xffffff9c][0xffffffde]N_S[0xffffffcf][0xffffffe5]d5[0xffffffbb][0xffffff86]ow[0xffffffb3][0xffffffd5]O[0xfffffff8][0xfffffffc][0xffffffd5][0xffffffbd]Ck[0x1e]${,H[0xffffffc1][0xffffff96][0xffffff93]][0xffffffcd][0xffffffaf][0x8][0xfffffff6][0xc]^[0xffffffe1][0xffffffc5]^[0x13]4[0xffffffd2][0xffffff8e][0xffffffd1]>pR)[0xffffff9c][\r]eNh0[0xffffff86][0xffffffd9]:[0xc][0xffffff87]E[0xffffffa6]=q<i[0xffffff8b]o&[0xffffffc4][0xffffffd8]3<[0xffffff95][0x13][0xffffff90]N&8w[0xffffffe9][0x8][0xffffffef]v[0xffffff8e][0xffffffab][0xffffffbe]>es[0xffffffe9]([0x13]/[0xffffffd6][0xfffffff5][0xffffff80]*[0xffffffba][0xfffffff2]v[0xfffffffe][0xffffffd9][0xffffff94]DA6>[0xffffff8e][0xffffffbb]o[0xfffffff8]o[0x1a]E[0xffffffb8] A[0xffffffa8]@?T[0xffffffad]'*:{[0xfffffffa]xR.*[0xffffffce][0xffffffe9][0xffffffd7][0xffffffad][0xffffff93][0xffffff93]4[0xffffffc9][0xfffffffa][0xffffffda]<n*t[0xffffffeb][0xffffffb9]oV[0xffffffb6][0xffffffc0]/M[0xffffff94]O[0xffffffc0][0xfffffff0][0xffffffe1]i[0xffffff90][0xffffffb5][0xfffffffe]9[0xffffff8b][0xffffffad][0xfffffff2]U,Ul[0xffffffdd][0x13]KL[0xffffffa2][0x6][0xffffffdd][0xffffffca]\?`[0xffffffea][0x9].[0xffffffd5]I [0xffffffa4]i[0x1a]_i,[\r][0xffffffdd][0xffffffa1][0xffffffc3][0xffffffae]kzI[0xffffffd1]_Q[0xffffffce]Ek[0xffffffcb][0xfffffff8]Kf[0xffffffb8][0xfffffffe][0xffffffd9]3[0xc][0xffffffe6][0xffffffd3][0xffffff8e][0x11][0x17][0x10]C[0x1d]`i[0x19][0xffffffd5][0xffffffbc][0xfffffff1][0xffffffa4]5[0xffffffbc][0x1e]o[0xfffffff5]K[0xffffffa9][0xffffffd6][0xfffffff8][0xffffffc1]f[0xffffff9b]z[0x4][0xffffffd4][0x1a][0xffffff86][0xffffffb9]^K[0x16]s[0xffffff91][0xfffffffe][0xffffffbf][0xffffff8b]l]~)x(p,[0x11]2[0x14][0x8]E8e[0xffffff9e][0xffffffca]:X[0xffffffa6][0xffffff86][0xffffff88].[0xffffffb6]9[0xffffff9a][0xffffff88].[0xfffffff7]]G[0xffffffea][0xffffffcb][0xe][0xfffffffb][0x7f].u[0xffffff83][0xffffffbb][0xfffffff4][0xffffffb3][0x19][0xffffffda][0xffffffec][0xffffff98][0xffffffc5]Y[0xfffffffd]h8m6\4[0xffffffc1][0xffffff8a][0xffffffb7][0xffffff98]z[0xffffffd0][0xffffffd5]oF5q[0x1c][0x13][0x16][0xfffffff0][0x1d][0x1e][0x19]5-[0xffffff9d][0xffffffef][0xffffffad]c[0xb]z[0xffffffae]/m[0xffffffe6]8[0xffffffb6][0xffffff96][0xfffffff6]7X[0xffffffc9]t[0xfffffff8][0xfffffff9][0xffffffa5][0x11]K[0xfffffffb][0x15]3[0xffffffc3][0xfffffffc][0x1f]B[0xffffffdb][0xffffffd3][0xffffffab][0xffffff92]4.[0xffffff93]Z[0xffffffdf]]:[0xffffffda][0xffffffea][0xffffffdc]B[0xffffffa6][0xffffffcd][0xffffffbc][0xffffffae][0x5][0xfffffff5][0x4][0xffffffd6]8[0xffffffc0][0xffffff82][0xffffff96][0xfffffff0][0xffffffd2][0xc][0xffffffed][0xffffffe0]Y[0xffffffa8][\r]:[[0xffffffa9][0x0][0xffffffff][0x1][0xfffffff8][0x15][0xffffffb4][0xffffffee][0xffffff8e][\r][0x0][0x0]"
23:31:40.577 [main] DEBUG org.apache.hc.client5.http.impl.classic.InternalHttpClient - ep-0000000001 releasing valid endpoint
23:31:40.577 [main] DEBUG org.apache.hc.client5.http.impl.io.PoolingHttpClientConnectionManager - ep-0000000001 releasing endpoint
23:31:40.577 [main] DEBUG org.apache.hc.client5.http.impl.io.PoolingHttpClientConnectionManager - ep-0000000001 connection http-outgoing-0 can be kept alive for 3 MINUTES
23:31:40.579 [main] DEBUG org.apache.hc.client5.http.impl.io.PoolingHttpClientConnectionManager - ep-0000000001 connection released [route: {s}->https://raw.githubusercontent.com:443][total available: 1; route allocated: 1 of 5; total allocated: 1 of 25]
23:31:40.589 [main] DEBUG io.github.bonigarcia.wdm.versions.VersionDetector - Detecting chrome version using online commands.properties
23:31:40.593 [main] DEBUG io.github.bonigarcia.wdm.versions.Shell - Running command on the shell: [cmd.exe, /C, wmic, datafile, where, name="%PROGRAMFILES:\=\\%\\Google\\Chrome\\Application\\chrome.exe", get, Version, /value]
23:31:40.830 [main] DEBUG io.github.bonigarcia.wdm.versions.Shell - Result: Version=130.0.6723.59
23:31:40.831 [main] DEBUG io.github.bonigarcia.wdm.cache.ResolutionCache - Removing resolution chrome130=130.0.6723.58 from cache (expired on Sun Oct 20 15:15:38 CDT 2024)
23:31:40.835 [main] DEBUG org.apache.hc.client5.http.impl.classic.InternalHttpClient - ex-0000000002 preparing request execution
23:31:40.835 [main] DEBUG org.apache.hc.client5.http.impl.classic.ProtocolExec - ex-0000000002 target auth state: UNCHALLENGED
23:31:40.835 [main] DEBUG org.apache.hc.client5.http.impl.classic.ProtocolExec - ex-0000000002 proxy auth state: UNCHALLENGED
23:31:40.835 [main] DEBUG org.apache.hc.client5.http.impl.classic.ConnectExec - ex-0000000002 acquiring connection with route {s}->https://googlechromelabs.github.io:443
23:31:40.835 [main] DEBUG org.apache.hc.client5.http.impl.classic.InternalHttpClient - ex-0000000002 acquiring endpoint (3 MINUTES)
23:31:40.835 [main] DEBUG org.apache.hc.client5.http.impl.io.PoolingHttpClientConnectionManager - ex-0000000002 endpoint lease request (3 MINUTES) [route: {s}->https://googlechromelabs.github.io:443][total available: 1; route allocated: 0 of 5; total allocated: 1 of 25]
23:31:40.836 [main] DEBUG org.apache.hc.client5.http.impl.io.PoolingHttpClientConnectionManager - ex-0000000002 endpoint leased [route: {s}->https://googlechromelabs.github.io:443][total available: 1; route allocated: 1 of 5; total allocated: 2 of 25]
23:31:40.836 [main] DEBUG org.apache.hc.client5.http.impl.io.PoolingHttpClientConnectionManager - ex-0000000002 acquired ep-0000000002
23:31:40.836 [main] DEBUG org.apache.hc.client5.http.impl.classic.InternalHttpClient - ex-0000000002 acquired endpoint ep-0000000002
23:31:40.836 [main] DEBUG org.apache.hc.client5.http.impl.classic.ConnectExec - ex-0000000002 opening connection {s}->https://googlechromelabs.github.io:443
23:31:40.836 [main] DEBUG org.apache.hc.client5.http.impl.classic.InternalHttpClient - ep-0000000002 connecting endpoint (null)
23:31:40.836 [main] DEBUG org.apache.hc.client5.http.impl.io.PoolingHttpClientConnectionManager - ep-0000000002 connecting endpoint to https://googlechromelabs.github.io:443 (30 SECONDS)
23:31:40.836 [main] DEBUG org.apache.hc.client5.http.impl.io.DefaultHttpClientConnectionOperator - googlechromelabs.github.io resolving remote address
23:31:40.872 [main] DEBUG org.apache.hc.client5.http.impl.io.DefaultHttpClientConnectionOperator - googlechromelabs.github.io resolved to [googlechromelabs.github.io/185.199.108.153, googlechromelabs.github.io/185.199.109.153, googlechromelabs.github.io/185.199.110.153, googlechromelabs.github.io/185.199.111.153]
23:31:40.873 [main] DEBUG org.apache.hc.client5.http.impl.io.DefaultHttpClientConnectionOperator - googlechromelabs.github.io:443 connecting null->googlechromelabs.github.io/185.199.108.153:443 (30 SECONDS)
23:31:40.873 [main] DEBUG org.apache.hc.client5.http.ssl.SSLConnectionSocketFactory - Connecting socket to googlechromelabs.github.io/185.199.108.153:443 with timeout 30 SECONDS
23:31:40.887 [main] DEBUG org.apache.hc.client5.http.ssl.SSLConnectionSocketFactory - Enabled protocols: [TLSv1.3, TLSv1.2]
23:31:40.887 [main] DEBUG org.apache.hc.client5.http.ssl.SSLConnectionSocketFactory - Enabled cipher suites: [TLS_AES_256_GCM_SHA384, TLS_AES_128_GCM_SHA256, TLS_CHACHA20_POLY1305_SHA256, TLS_ECDHE_ECDSA_WITH_AES_256_GCM_SHA384, TLS_ECDHE_ECDSA_WITH_AES_128_GCM_SHA256, TLS_ECDHE_ECDSA_WITH_CHACHA20_POLY1305_SHA256, TLS_ECDHE_RSA_WITH_AES_256_GCM_SHA384, TLS_ECDHE_RSA_WITH_CHACHA20_POLY1305_SHA256, TLS_ECDHE_RSA_WITH_AES_128_GCM_SHA256, TLS_DHE_RSA_WITH_AES_256_GCM_SHA384, TLS_DHE_RSA_WITH_CHACHA20_POLY1305_SHA256, TLS_DHE_DSS_WITH_AES_256_GCM_SHA384, TLS_DHE_RSA_WITH_AES_128_GCM_SHA256, TLS_DHE_DSS_WITH_AES_128_GCM_SHA256, TLS_ECDHE_ECDSA_WITH_AES_256_CBC_SHA384, TLS_ECDHE_RSA_WITH_AES_256_CBC_SHA384, TLS_ECDHE_ECDSA_WITH_AES_128_CBC_SHA256, TLS_ECDHE_RSA_WITH_AES_128_CBC_SHA256, TLS_DHE_RSA_WITH_AES_256_CBC_SHA256, TLS_DHE_DSS_WITH_AES_256_CBC_SHA256, TLS_DHE_RSA_WITH_AES_128_CBC_SHA256, TLS_DHE_DSS_WITH_AES_128_CBC_SHA256, TLS_ECDHE_ECDSA_WITH_AES_256_CBC_SHA, TLS_ECDHE_RSA_WITH_AES_256_CBC_SHA, TLS_ECDHE_ECDSA_WITH_AES_128_CBC_SHA, TLS_ECDHE_RSA_WITH_AES_128_CBC_SHA, TLS_DHE_RSA_WITH_AES_256_CBC_SHA, TLS_DHE_DSS_WITH_AES_256_CBC_SHA, TLS_DHE_RSA_WITH_AES_128_CBC_SHA, TLS_DHE_DSS_WITH_AES_128_CBC_SHA, TLS_RSA_WITH_AES_256_GCM_SHA384, TLS_RSA_WITH_AES_128_GCM_SHA256, TLS_RSA_WITH_AES_256_CBC_SHA256, TLS_RSA_WITH_AES_128_CBC_SHA256, TLS_RSA_WITH_AES_256_CBC_SHA, TLS_RSA_WITH_AES_128_CBC_SHA, TLS_EMPTY_RENEGOTIATION_INFO_SCSV]
23:31:40.888 [main] DEBUG org.apache.hc.client5.http.ssl.SSLConnectionSocketFactory - Starting handshake (null)
23:31:40.923 [main] DEBUG org.apache.hc.client5.http.ssl.SSLConnectionSocketFactory - Secure session established
23:31:40.923 [main] DEBUG org.apache.hc.client5.http.ssl.SSLConnectionSocketFactory -  negotiated protocol: TLSv1.3
23:31:40.923 [main] DEBUG org.apache.hc.client5.http.ssl.SSLConnectionSocketFactory -  negotiated cipher suite: TLS_AES_128_GCM_SHA256
23:31:40.923 [main] DEBUG org.apache.hc.client5.http.ssl.SSLConnectionSocketFactory -  peer principal: CN=*.github.io, O="GitHub, Inc.", L=San Francisco, ST=California, C=US
23:31:40.923 [main] DEBUG org.apache.hc.client5.http.ssl.SSLConnectionSocketFactory -  peer alternative names: [*.github.io, github.io, githubusercontent.com, www.github.com, *.github.com, *.githubusercontent.com, github.com]
23:31:40.923 [main] DEBUG org.apache.hc.client5.http.ssl.SSLConnectionSocketFactory -  issuer principal: CN=DigiCert Global G2 TLS RSA SHA256 2020 CA1, O=DigiCert Inc, C=US
23:31:40.923 [main] DEBUG org.apache.hc.client5.http.impl.io.DefaultManagedHttpClientConnection - http-outgoing-1 set socket timeout to 3 MINUTES
23:31:40.925 [main] DEBUG org.apache.hc.client5.http.impl.io.DefaultHttpClientConnectionOperator - googlechromelabs.github.io:443 connected null->googlechromelabs.github.io/185.199.108.153:443 as http-outgoing-1
23:31:40.925 [main] DEBUG org.apache.hc.client5.http.impl.io.PoolingHttpClientConnectionManager - ep-0000000002 connected http-outgoing-1
23:31:40.925 [main] DEBUG org.apache.hc.client5.http.impl.classic.InternalHttpClient - ep-0000000002 endpoint connected
23:31:40.925 [main] DEBUG org.apache.hc.client5.http.impl.classic.MainClientExec - ex-0000000002 executing GET /chrome-for-testing/known-good-versions-with-downloads.json HTTP/1.1
23:31:40.925 [main] DEBUG org.apache.hc.client5.http.protocol.RequestAddCookies - ex-0000000002 Cookie spec selected: strict
23:31:40.925 [main] DEBUG org.apache.hc.client5.http.impl.classic.InternalHttpClient - ep-0000000002 start execution ex-0000000002
23:31:40.925 [main] DEBUG org.apache.hc.client5.http.impl.io.PoolingHttpClientConnectionManager - ep-0000000002 executing exchange ex-0000000002 over http-outgoing-1
23:31:40.925 [main] DEBUG org.apache.hc.client5.http.headers - http-outgoing-1 >> GET /chrome-for-testing/known-good-versions-with-downloads.json HTTP/1.1
23:31:40.926 [main] DEBUG org.apache.hc.client5.http.headers - http-outgoing-1 >> user-agent: Apache-HttpClient/5.0
23:31:40.926 [main] DEBUG org.apache.hc.client5.http.headers - http-outgoing-1 >> accept-encoding: gzip, deflate, br
23:31:40.926 [main] DEBUG org.apache.hc.client5.http.headers - http-outgoing-1 >> cache-control: max-age=0
23:31:40.926 [main] DEBUG org.apache.hc.client5.http.headers - http-outgoing-1 >> connection: keep-alive
23:31:40.926 [main] DEBUG org.apache.hc.client5.http.headers - http-outgoing-1 >> Host: googlechromelabs.github.io
23:31:40.926 [main] DEBUG org.apache.hc.client5.http.wire - http-outgoing-1 >> "GET /chrome-for-testing/known-good-versions-with-downloads.json HTTP/1.1[\r][\n]"
23:31:40.926 [main] DEBUG org.apache.hc.client5.http.wire - http-outgoing-1 >> "user-agent: Apache-HttpClient/5.0[\r][\n]"
23:31:40.926 [main] DEBUG org.apache.hc.client5.http.wire - http-outgoing-1 >> "accept-encoding: gzip, deflate, br[\r][\n]"
23:31:40.926 [main] DEBUG org.apache.hc.client5.http.wire - http-outgoing-1 >> "cache-control: max-age=0[\r][\n]"
23:31:40.926 [main] DEBUG org.apache.hc.client5.http.wire - http-outgoing-1 >> "connection: keep-alive[\r][\n]"
23:31:40.926 [main] DEBUG org.apache.hc.client5.http.wire - http-outgoing-1 >> "Host: googlechromelabs.github.io[\r][\n]"
23:31:40.926 [main] DEBUG org.apache.hc.client5.http.wire - http-outgoing-1 >> "[\r][\n]"
23:31:40.940 [main] DEBUG org.apache.hc.client5.http.wire - http-outgoing-1 << "HTTP/1.1 200 OK[\r][\n]"
23:31:40.940 [main] DEBUG org.apache.hc.client5.http.wire - http-outgoing-1 << "Connection: keep-alive[\r][\n]"
23:31:40.940 [main] DEBUG org.apache.hc.client5.http.wire - http-outgoing-1 << "Content-Length: 62181[\r][\n]"
23:31:40.940 [main] DEBUG org.apache.hc.client5.http.wire - http-outgoing-1 << "Server: GitHub.com[\r][\n]"
23:31:40.940 [main] DEBUG org.apache.hc.client5.http.wire - http-outgoing-1 << "Content-Type: application/json; charset=utf-8[\r][\n]"
23:31:40.940 [main] DEBUG org.apache.hc.client5.http.wire - http-outgoing-1 << "permissions-policy: interest-cohort=()[\r][\n]"
23:31:40.941 [main] DEBUG org.apache.hc.client5.http.wire - http-outgoing-1 << "x-origin-cache: HIT[\r][\n]"
23:31:40.941 [main] DEBUG org.apache.hc.client5.http.wire - http-outgoing-1 << "Last-Modified: Mon, 21 Oct 2024 04:10:35 GMT[\r][\n]"
23:31:40.941 [main] DEBUG org.apache.hc.client5.http.wire - http-outgoing-1 << "Access-Control-Allow-Origin: *[\r][\n]"
23:31:40.941 [main] DEBUG org.apache.hc.client5.http.wire - http-outgoing-1 << "Strict-Transport-Security: max-age=31556952[\r][\n]"
23:31:40.941 [main] DEBUG org.apache.hc.client5.http.wire - http-outgoing-1 << "ETag: W/"6715d43b-1d9b72"[\r][\n]"
23:31:40.941 [main] DEBUG org.apache.hc.client5.http.wire - http-outgoing-1 << "expires: Mon, 21 Oct 2024 04:23:39 GMT[\r][\n]"
23:31:40.941 [main] DEBUG org.apache.hc.client5.http.wire - http-outgoing-1 << "Cache-Control: max-age=600[\r][\n]"
23:31:40.941 [main] DEBUG org.apache.hc.client5.http.wire - http-outgoing-1 << "Content-Encoding: gzip[\r][\n]"
23:31:40.941 [main] DEBUG org.apache.hc.client5.http.wire - http-outgoing-1 << "x-proxy-cache: HIT[\r][\n]"
23:31:40.941 [main] DEBUG org.apache.hc.client5.http.wire - http-outgoing-1 << "X-GitHub-Request-Id: 9217:3A218D:1AC63D1:1EC2609:6715D4EC[\r][\n]"
23:31:40.941 [main] DEBUG org.apache.hc.client5.http.wire - http-outgoing-1 << "Accept-Ranges: bytes[\r][\n]"
23:31:40.941 [main] DEBUG org.apache.hc.client5.http.wire - http-outgoing-1 << "Date: Mon, 21 Oct 2024 04:31:40 GMT[\r][\n]"
23:31:40.941 [main] DEBUG org.apache.hc.client5.http.wire - http-outgoing-1 << "Via: 1.1 varnish[\r][\n]"
23:31:40.941 [main] DEBUG org.apache.hc.client5.http.wire - http-outgoing-1 << "Age: 439[\r][\n]"
23:31:40.941 [main] DEBUG org.apache.hc.client5.http.wire - http-outgoing-1 << "X-Served-By: cache-dfw-kdfw8210071-DFW[\r][\n]"
23:31:40.942 [main] DEBUG org.apache.hc.client5.http.wire - http-outgoing-1 << "X-Cache: HIT[\r][\n]"
23:31:40.942 [main] DEBUG org.apache.hc.client5.http.wire - http-outgoing-1 << "X-Cache-Hits: 2[\r][\n]"
23:31:40.942 [main] DEBUG org.apache.hc.client5.http.wire - http-outgoing-1 << "X-Timer: S1729485101.964353,VS0,VE1[\r][\n]"
23:31:40.942 [main] DEBUG org.apache.hc.client5.http.wire - http-outgoing-1 << "Vary: Accept-Encoding[\r][\n]"
23:31:40.942 [main] DEBUG org.apache.hc.client5.http.wire - http-outgoing-1 << "X-Fastly-Request-ID: a07614e77e13e2fc156a4a02d7b74bc3ab20bb1e[\r][\n]"
23:31:40.942 [main] DEBUG org.apache.hc.client5.http.wire - http-outgoing-1 << "[\r][\n]"
23:31:40.942 [main] DEBUG org.apache.hc.client5.http.headers - http-outgoing-1 << HTTP/1.1 200 OK
23:31:40.942 [main] DEBUG org.apache.hc.client5.http.headers - http-outgoing-1 << Connection: keep-alive
23:31:40.943 [main] DEBUG org.apache.hc.client5.http.headers - http-outgoing-1 << Content-Length: 62181
23:31:40.943 [main] DEBUG org.apache.hc.client5.http.headers - http-outgoing-1 << Server: GitHub.com
23:31:40.943 [main] DEBUG org.apache.hc.client5.http.headers - http-outgoing-1 << Content-Type: application/json; charset=utf-8
23:31:40.943 [main] DEBUG org.apache.hc.client5.http.headers - http-outgoing-1 << permissions-policy: interest-cohort=()
23:31:40.943 [main] DEBUG org.apache.hc.client5.http.headers - http-outgoing-1 << x-origin-cache: HIT
23:31:40.943 [main] DEBUG org.apache.hc.client5.http.headers - http-outgoing-1 << Last-Modified: Mon, 21 Oct 2024 04:10:35 GMT
23:31:40.943 [main] DEBUG org.apache.hc.client5.http.headers - http-outgoing-1 << Access-Control-Allow-Origin: *
23:31:40.943 [main] DEBUG org.apache.hc.client5.http.headers - http-outgoing-1 << Strict-Transport-Security: max-age=31556952
23:31:40.943 [main] DEBUG org.apache.hc.client5.http.headers - http-outgoing-1 << ETag: W/"6715d43b-1d9b72"
23:31:40.943 [main] DEBUG org.apache.hc.client5.http.headers - http-outgoing-1 << expires: Mon, 21 Oct 2024 04:23:39 GMT
23:31:40.943 [main] DEBUG org.apache.hc.client5.http.headers - http-outgoing-1 << Cache-Control: max-age=600
23:31:40.943 [main] DEBUG org.apache.hc.client5.http.headers - http-outgoing-1 << Content-Encoding: gzip
23:31:40.943 [main] DEBUG org.apache.hc.client5.http.headers - http-outgoing-1 << x-proxy-cache: HIT
23:31:40.944 [main] DEBUG org.apache.hc.client5.http.headers - http-outgoing-1 << X-GitHub-Request-Id: 9217:3A218D:1AC63D1:1EC2609:6715D4EC
23:31:40.944 [main] DEBUG org.apache.hc.client5.http.headers - http-outgoing-1 << Accept-Ranges: bytes
23:31:40.944 [main] DEBUG org.apache.hc.client5.http.headers - http-outgoing-1 << Date: Mon, 21 Oct 2024 04:31:40 GMT
23:31:40.944 [main] DEBUG org.apache.hc.client5.http.headers - http-outgoing-1 << Via: 1.1 varnish
23:31:40.944 [main] DEBUG org.apache.hc.client5.http.headers - http-outgoing-1 << Age: 439
23:31:40.944 [main] DEBUG org.apache.hc.client5.http.headers - http-outgoing-1 << X-Served-By: cache-dfw-kdfw8210071-DFW
23:31:40.944 [main] DEBUG org.apache.hc.client5.http.headers - http-outgoing-1 << X-Cache: HIT
23:31:40.944 [main] DEBUG org.apache.hc.client5.http.headers - http-outgoing-1 << X-Cache-Hits: 2
23:31:40.944 [main] DEBUG org.apache.hc.client5.http.headers - http-outgoing-1 << X-Timer: S1729485101.964353,VS0,VE1
23:31:40.944 [main] DEBUG org.apache.hc.client5.http.headers - http-outgoing-1 << Vary: Accept-Encoding
23:31:40.944 [main] DEBUG org.apache.hc.client5.http.headers - http-outgoing-1 << X-Fastly-Request-ID: a07614e77e13e2fc156a4a02d7b74bc3ab20bb1e
23:31:40.944 [main] DEBUG org.apache.hc.client5.http.impl.classic.MainClientExec - ex-0000000002 connection can be kept alive for 3 MINUTES
23:31:41.012 [main] DEBUG org.apache.hc.client5.http.wire - http-outgoing-1 << "[0x1f][0xffffff8b][0x8][0x0][0x0][0x0][0x0][0x0][0x0][0x3][0xffffffcc][0xffffffbd][0xffffffdd][0xffffff8e],Iv^[0xfffffff9].}[0xffffffad].[0xffffff86][0xffffffdb][0xffffff9f][0xffffff9b][0xfffffff1]9t5[0xffffff83][0xffffffb9][0xffffffe8]!{[0xffffffc8][0x6][0xffffff9a]l[0xffffffa2][0xffffff9b][0xffffff92][0x6]#[0xffffffe8][0xffffffdd]'22[0xffffffcf][0xffffffc9],[0xffffffdb]_[0x1c]U[0xfffffff8]i[0xffffffec][0xfffffff5]A[0x10][0x4][0xffffff8a][0xffffff9d][0xffffffe5]Fbaa[0xffffff95][0xffffff87][0xffffffed][0xffffffed][0xffffffff][0xfffffff3]w[0xffffffff][0xfffffff9][0xffffffa7][0x7f][0xfffffffb][0xffffffe3][0xffffffdf][0xfffffffe][0xfffffff3][0xf][0xffffffff][0xfffffff6][0x1f][0xffffffbf][0xfffffffb][0xffffffc7][0xffffffdf][0xffffff95][i[0xffffffbf]?n[0xffffffbf]/[0xffffffb7][0xffffffff]Zn[0xffffffff]x[[0xffffffff]X[0xffffffca]/[0xffffffab][0xffffff9d][0xffffffff][0xffffffc7][0xffffffef][0xfffffffe][0xffffffcb][0xffffffef][0xfffffffe][0xfffffffb][0x1f][0xffffffff][0xfffffffa][0xffffffb7]?[0xfffffffd][0xffffffe5][0xffffffdf][0xffffffff][0xfffffff6][0xffffffbb][0x7f][0xfffffffc]?[0xffffffff][0xffffffe7][0xffffffb7][0xffffffff][0xffffffe2][0xfffffffe][0x17][0xffffffc7]Q[0x7f][0xffffffb9][0xfffffffd][0xffffffd2][0xffffffc7]Y~[0xffffffb9][0xffffffdd][0xffffffff]S[0x7f][0xfffffffd][0xffffffe3][0x7f][0xffffffff][0xffffffd3][0xfffffff7][0xffffffff]N9Z[0xffffffef][0xfffffff7][0xffffffff][0xffffffcf][0x7f][0xfffffffe][0xffffffcb][0xffffffff][0xfffffff8][0xfffffff7]?[0xffffffff][0xffffffe5][0xf][0xffffffff]|[0xffffffff][0xffffffdb][0xffffffff][0xfffffff9][0xffffffbb][0x7f][0xfffffffa][0xffffffd7][0xffffffbf][0xfffffffe][0xffffffe5][0xffffffdf][0xfffffffe][0xfffffff8][0xfffffff8][0xffffffa7][0xfffffffc][0xffffffc7][0xffffff9f][0xffffffff][0xfffffff0][0xffffff9f][0xffffffff][0xffffffcf]_[0xfffffffe][0xfffffffa]o[0xfffffff7][0xffffffff][0xfffffff0][0xffffff9f][0xffffffff][0xfffffff4][0xffffffef][0xffffffff][0xffffffed][0xffffffff][0x1d][0xffffffed][0xfffffffe][0x1f][0xfffffffe]o[0x7f][0xfffffffd][0xfffffff3][0xfffffffd][0xffffffbf][0xfffffffe][0xffffffd7][0xffffffff][0xfffffffc][0xffffffcf][0xffffffff][0xfffffff8][0xffffffdb]?[0xfffffffe][0xffffffc3]?[0xfffffffc][0xffffffed]?[0xffffffff][0xfffffff2][0xffffffd7]?[0xfffffffc][0xffffffcb][0x1f][0x7f][0xfffffff9][0xffffff97][0xffffffbf][0xfffffffc][0xffffffe5]_[0xfffffffe][0xfffffffc][0xffffffc7]?[0xfffffffc][0xffffffc7][0xffffff9f][0xfffffffe][0xfffffff6][0xffffffcb]?[0xfffffffd][0xffffffe5][0xffffffdf][0xfffffffe][0xffffffe1][0xfffffffd][0x1f][0xfffffff2][0xfffffffb][0xfffffffb][0x1f][0xffffffff][0xfffffffe]?[0xffffffef][0xffffff87][0xffffffff][0xffffffd3][0xffffffbf][0xffffffff][0xffffffcb][0xffffffef][0xffffffff][0xffffffe3][0xffffffbf][0xfffffffd][0xffffffdf][0x7f][0xfffffffe][0xffffffd3]?[0xfffffffd][0xffffffc3][0xffffffd7][0xfffffff3][0xfffffffc][0xffffffc3][0xffffffc7]?[0xfffffff5][0xffffffdb][0x7f][0xfffffffc][0xffffffe3][0xffffffbf][0xfffffffc][0xffffffe5][0xffffffff][0xfffffffb][0xffffffd3][0x7f][0xfffffffc][0xffffffee][0x7f][0xfffffffd][0xffffff97]_=[0xffffffff][0xffffffdf][0xfffffffe][0xfffffff0]O[0xffffffbf][0xffffffff][0xffffffc3]_[0xffffffff][0xffffffed][0xffffffef]~[0xffffff82][0xffffffef][0xffffffff][0xffffffdc]o[0x7f][0xfffffff0][0xfffffffd][0xffffffff][0xffffffe3][0xffffffd9])[0xfffffffe][0xfffffffe][0xffffffff][[0xfffffff8][0xfffffff8][0xffffffa7]~=[0xffffffc1][0xffffff93][0xffffffff]-[0xfffffffc][0xffffff8f]?[0xfffffffd]{-[0x7f][0xffffffe7][0xffffffa7]?[0xfffffffe][0xffffff99][0xffffffdf][0xfffffffe][0xffffffc3][0xffffff8f][0xffffffff][0xffffffe2][0xffffffc9][0xffffff93][0xffffffff][0xffffffee][0xffffffff]s?[0xfffffffe][0xffffff99]_[0xffffff9e][0xfffffffc][0xffffffed][0x7f][0xffffffe6][0xffffffff][0xffffffeb][0x7f][0xffffffbd]=\"\[0xffffffbb][0x19][0xffffffc3][0xffffffb5][0xffffffe3][0x10][0xffffffdf][0xffffff8f][0xffffffc0]S[0xfffffffc]q[0x8][\n]"
23:31:41.012 [main] DEBUG org.apache.hc.client5.http.wire - http-outgoing-1 << "[0xffffffe3][0xfffffffb][0xffffffe3])[0xffffff8e][0xffffffdf][0x1f][0xfffffffd]*[0xffffffc8][0xffffffa3][0xffffff9a][0xffffff81]<*[0xe][0xfffffff2][0xfffffffd][0x8]<[0xffffffc8][0x1f][0xffffff87][0xffffffa0]@[0xffffffbe]?[0xffffff9e][0x2][0xfffffff9][0xfffffffd][0xffffffd1][0xffffffbf][0x11][0xffffffe4][0xfffffff6][0xfffffff8][0xffffffab]5DT[0xffffff8c]2V:[0xffffffc7][0xffffff9f][0xffffffe7][0xffffffa1]0[0xfffffffe]r[0x2][0xffffff8c][0xffffffe2][0xffffffed][0xc][0xffffffc9][0x10][0x7f]yz2[0xffffffc3][0xffffffbf]~[0xfffffff2]+[0x8][0xffffff9f][0xffffffb7])[0x10][0xffffff9e][0xffffffb5][0x1f][0xc][0xffffffc2][0xffffff8f][0xfffffff3][0xffffffa0][0x8][0xffffffbf][0xffffff9f][0xffffff80]E[0xfffffff8][0xfffffff3][0xc][0x4][0xffffffc2][0xffffffef]O'[0x10][0xfffffffe][0xfffffffe][0xffffffe4][0xffffffd7][0x10]^[\n]"
23:31:41.013 [main] DEBUG org.apache.hc.client5.http.wire - http-outgoing-1 << "[0xffffffe1][0xffffffde][0x1a][0xffffff85][0xfffffff0][0xffffffc2][0x11]^[0x6][0x8]/[0x14][0xffffffe1][0xffffff85]![0xffffffbc]. |[0xffffffdc][0x14][0xffffffc2][0xffffffb3]N[0x8][0xffffffe1][0xffffffb7][0xfffffff3][0xffffffb0][0x8]?N[0x0]#[0xfffffffc][0xfffffffd][0xc][0x8][0xffffffc2][0xffffff8f][0xffffffa7]#[0x8][0x7f]{[0xfffffff2]k[0x8][0x1f][0xffffffbf][0xffffffc4][0x7f][0xffffffa7][[0xffffffc7][0xffffffb8]Q[0x8][0xffffffdf][0xffffffcf][0x3]#[0xfffffffc]v[0x2][0x1a][0xffffffe1]og`[0x10]~{:[0xffffff83][0xfffffff0][0xffffffc7][0xffffff93]_C[0xffffffb8][\n]"
23:31:41.013 [main] DEBUG org.apache.hc.client5.http.wire - http-outgoing-1 << "[0xb][0xffffffaf]sP![0xfffffff1]v[0x1e][0x18][0xffffffe1]j`[0xffffffe1][0xffffff8a]Z[0xffffffb8]b[0x16][0xffffffae]W,[0xffffffdc]#[0xffffffc2][0xfffffff5]Vg[0xffffffa5][0x10][0xffffffee]8[0xffffffc2][0xffffffdd][0x0][0xffffffe1][0xffffff8e]"[0xffffffdc]1[0xffffff84][0xfffffffb][0x15][0xffffff84][0xffffffc5][0x1b][0xffffff89]z[0x14][0xffffffe0][0xffffffe5][0xfffffff0][0xffffffe7]y`[0xffffff84][\r][0xffffffde]H[0x1c][0xffffffe8][0x1b][0xffffff89][0x3]{#q\y#Qn[0xffffffbf][0xffffffb4][0xffffff88][0xfffffff0][0xffffffbc][\r][0x8][0xffffffe1][0xffffffb7][0xfffffff3][0xffffffb0][0x8]?N[0x0]#[0xfffffffc][0xfffffffd][0xc][0x8][0xffffffc2][0xffffff8f][0xffffffa7]#[0x8][0x7f]{[0xfffffff2]k[0x8][0xffffff8b][0xfffffffb][0x12][0xffffffb5]4[0xe]a[0xfffffff0][0xffffffbe][0xffffffc4][0xffffff97][0x13][0xffffffd0][0x8]C[0xfffffff7]%[0xffffffbe]<[0xffffff9d]A[0xfffffff8][0xffffffb5][0xfffffffb][0x12][0x1f][0x7f][0xffffffd4][0x4][0xffffffc2][0xfffffff5]vPo$[0xffffffde][0xffffffce][0x3]#[0xffffffdc][0xc][0x10]n([0xffffffc2][\r]C[0xffffffb8]]AX[0xffffffb5]p+[0x7][0xfffffff5][0xffffffeb]\[0xffffffc1][[0xffffffb8][0x18][0xffffffb4]pA[[0xffffffb8]`-\[0xffffffae][0xffffffb4]pU![0xffffffd1][0xffffffda]*[0x10][0xffffffc2][0x15][0xf][0xffffff89]j[0x10][0x12][0x15][\r][0xffffff89][0xffffff8a][0xffffff85]D[0xffffffbd][0x12][0x12]U[0xffffffbc][0x17][0xffffffae]m[0xffffff9e][0xffffffd4][0x1b][0xffffff89][0xffffff8a][0xffffffbf][0x17][0xffffffae][0x6][0xffffffef][0xffffff85]+[0xfffffffa]^[0xffffffb8]b[0xffffffef][0xffffff85][0xffffffeb][0xffffff95][0xfffffff7][0xffffffc2]U[0xffffffb5]p?n[0x18][0xffffffc2]x[0xb]W[0xffffff83][0x16][0xfffffffe]~[0x6][0x6]a[0xffffffac][0xffffff85][0xffffffbf]=[0xfffffff9]5[0xffffff84][0xffffffd5]O[0x1b][0xffffffbd][0xffffff9f][0xffffffd4][0xffffffbf][0xffffffce]U[0xfffffffc][0xffffffa7][0xffffff8d]j[0xfffffff0][0xffffffd3]FE[0x7f][0xffffffda][0xffffffa8][0xffffffd8]O[0x1b][0xfffffff5][0xffffffca]O[0x1b][0xfffffff7]?*f[0x8][0x17][0x1c][0xffffffe1]b[0xffffff80]pA[0x11].[0x18][0xffffffc2][0xffffffe5][\n]"
23:31:41.013 [main] DEBUG org.apache.hc.client5.http.wire - http-outgoing-1 << "[0xffffffc2][0xffffffe1][0xffffff9a][0xf][0xffffff8c]0|[0xffffffcd][0xffffffe7]q[0x2][0x1e]a[0xfffffff0][0xffffff9a][0xffffffcf][0xffffffe3][0xffffffe9][0x14][0xffffffc2][0xffffffaf]_[0xfffffff3][0xffffffb9][0xffffffff][0xffffffd1]0Cx[0xffffffe0][0x8][0xf][0x3][0xffffff84][0x7][0xffffff8a][0xfffffff0][0xffffffc0][0x10][0x1e]W[0x10]>[0xffffffdc][0x18]>x[0xffffff88][0xf][0x7][0xffffff8a][0xf][0x16][0xffffffe3][0xffffff83][0xffffffe3][0xfffffff8][0xffffffb8][0x4]rq[0x3][0xffffffb9][0xfffffff0] [0x17][0x7][0xffffff90][0xb][0xb]r[0xffffffe1]@.[0xffffff97]@[0xffffff8e][0xffffffc3][0xfffffff9]0[0xffffffc8][0xffffffdc]p[0xfffffffe][0xffffffd7]#[0xfffffff0] 3[0xffffffc3][0xfffffff9]_[0x1f]O[0xffffff81][0xfffffffc][0xffffffd2]p[0xfffffffe][0xfffffff7][0xffffffbf]jn 7[0x1e][0xffffffe4][0xffffffe6][0x0]rcAn[0x1c][0xffffffc8][0xffffffed][0x12][0xffffffc8][0xffffffcb][0xffffffed][0xffffff85][0xfffffff1][0xffffffe2][0xffffffdf][0x18][0xffffffdf][0xffffff8f][0xffffffc0][0xffffff83][0xfffffffc]q[0x8][\n]"
23:31:41.013 [main] DEBUG org.apache.hc.client5.http.wire - http-outgoing-1 << "[0xffffffe4][0xffffffc5][0xffffffbd]4^[0xffffff97][0xffffffde][0x1a][0x1f][0xffffffd5][0xffffffed][0xffffffa5][0xffffffdb][0xfffffffd]D8[0xffffffca]og[0xffffffe0]Y[0xfffffffe]v[\n]"
23:31:41.013 [main] DEBUG org.apache.hc.client5.http.wire - http-outgoing-1 << "[\n]"
23:31:41.013 [main] DEBUG org.apache.hc.client5.http.wire - http-outgoing-1 << "[0xffffffe6][0xffffffb7][0xffffffe7]S4[0x7f]<[0xfffffffb]7[0xffffffe2][0xffffffdc][0xffffffdf][0xffffffff]L[0xffffff8c][0xffffffeb][0xffffffd7][0xfffffff3]6[0xfffffff2]/[0x4]}[0xffffff9e][0xffffff87]B[0xfffffff9][0xffffffcb][0x9]0[0xffffff90][0xffffffb7]3$c[0xfffffffc][0xffffffe5][0xffffffe9][0xffffffc9][0x10][0xffffffff][0xfffffffa][0xffffffc9]/![0xffffffdc][0xffffffc4][0xffffffb8]~=[0xffffffeb][0xffffffcc][0xffffffbf][0xffffff96][0xfffffff9]y[0x1e][0x16][0xffffffe1][0xffffff86][0xffffff8e][0xffffffeb]og@[0x10]n[0xffffffc0][0xffffffb8][0xfffffffe][0xffffffaf][0xffffff9f][0xfffffffc][0x1a][0xffffffc2][0xffffff87]B[0xffffffb8][0xffffffb7][0xfffffffc][0xffffffa4][0xfffffff8]<[0xf][0xffffff8c][0xfffffff0]a[0xffffff80][0xfffffff0][0xffffff81]"|`[0x8][0x1f]W[0x10]V7[0xffffff8b][0xffffffcf][0xffffffbe]N[\n]"
23:31:41.014 [main] DEBUG org.apache.hc.client5.http.wire - http-outgoing-1 << "a[0xfffffff0]f[0xfffffff1][0xffffff97][0x13][0xffffffd0][0x8]C7[0xffffff8b][0xffffffbf]<[0xffffff9d]A[0xfffffff8][0xffffffb5][0xffffff9b][0xffffffc5][0x1f][0x7f][0xffffffa4]n[0x16][0xffffff9f][0xffffffa3][0xffffffe5]/[0x10][0xfffffffc]<[0xf][0xffffff8c]0z[0xffffffb3]x;[0x3][0xffffff83]0p[0xffffffb3][0xfffffff8][0xffffffd7]O~[\r][0xffffffe1]&[0x11]^[0xfffffff9][0x1b]'>[0xffffffcf][0x3]#[0xffffffdc][0xc][0x10]n([0xffffffc2][\r]C[0xffffffb8]]A[0xfffffff8][0x14][0x8][0xffffffcf]R[0xffffffb0][0xffffff90]8q[0xffffff84]O[0x3][0xffffff84]O[0x14][0xffffffe1][0x13]C[0xfffffff8][0xffffffbc][0xffffff82][0xffffffb0]z[0xffffffa9]6g[0xffffffc7],[0xffffff8c][0xffffffbf]Tk[0x6]/[0xffffffd5][0x1a][0xfffffffa]R[0xffffffad]a/[0xffffffd5][0xffffffda][0xffffff95][0xffffff97]j][0xffffffbd]T[[0xffffffe5][0xffffffa0][0x10][0xffffffee][0xfffffff8]K[0xffffffb5]n[0xfffffff0]R[0xffffffad][0xffffffa3]/[0xffffffd5]:[0xfffffff6]R[0xffffffad]_y[0xffffffa9][0xffffffd6][0xffffffd5]K[0xffffffb5][0xffffffd5][\n]"
23:31:41.014 [main] DEBUG org.apache.hc.client5.http.wire - http-outgoing-1 << "[0xfffffff5]R[0xffffffad][0xffffffe3]/[0xffffffd5][0xffffffba][0xffffffc1]K[0xffffffb5][0xffffff8e][0xffffffbe]T[0xffffffeb][0xffffffd8]K[0xffffffb5]~[0xffffffe5][0xffffffa5][0xffffffda][0xfffffffd][0xffffff8f][0xffffffe2][0xffffff88][0x12][0xffffff8b]06[0xffffffa2][0xfffffff4][0xffffffe5][0x4]<[0xffffffc2][0xffffffc8][0xffffff88][0xffffffd2][0xffffff97][0xffffffa7]S[0x8][0xffffffbf]2[0xffffffa2][0xfffffff4][0xfffffff1]GE!|[0xffffffef]j[\n]"
23:31:41.014 [main] DEBUG org.apache.hc.client5.http.wire - http-outgoing-1 << "[0xffffffe1][0xffffff82]#\[0xc][0x10].([0xffffffc2][0x5]C[0xffffffb8]\A"
23:31:41.053 [main] DEBUG org.apache.hc.client5.http.wire - http-outgoing-1 << "X[0xffffffbc][0x17]n[0xffffffb7][[0xffffffc9][0xffffffdf][0xffffffbe][0xfffffff6]y[0x1e][0x18]a[0xffffff83][0xfffffff7][0xffffffc2][0x1d]}/[0xffffffdc][0xffffffb1][0xfffffff7][0xffffffc2][0xfffffffd][0xffffffca]{[0xffffffe1][0xffffffde][0x15][0xffffffc2][0x1d][0xffffffd8]8[0xfffffff1]y[0x1e][0x18][0xffffffe1]n[0xffffff80]pG[0x11][0xffffffee][0x18][0xffffffc2][0xfffffffd][\n]"
23:31:41.054 [main] DEBUG org.apache.hc.client5.http.wire - http-outgoing-1 << "[0xffffffc2][0xffffffe2][0xfffffff3]^w[0xffffff84][0xffffffb1][0xffffff9b]j[0x1d][0xfffffffc][0xffffffbc][0xffffffd7][0xffffff97][0x13][0xffffffd0][0x8]C[0xffffff9f][0xfffffff7][0xfffffffa][0xfffffff2]t[0x6][0xffffffe1][0xffffffd7]>[0xffffffef][0xfffffff5][0xfffffff1]G[0xffffffe2][0xffffffa7][0xffffff8d]v[0x1b][0xffffff9c][0xffffff85][0xfffffff1][0xffffff9f]6[0xffffffba][0xffffffc1]O[0x1b][0x1d][0xfffffffd]i[0xffffffa3]c?m[0xfffffff4]+?mt[0xffffffb1][0x3][0xfffffff3][0xffffff8e]0[0xfffffff0]a[0xffffff99][0xffffffcf][0xfffffff3][0xffffffc0][0x8][0xffffffa3];0[0xffffffb7]30[0x8][0x3];0[0x7f][0xfffffffd][0xffffffe4][0xffffffd7][0x10][0x16][0xffffffbf][0xffffffce][0xffffffb5][0xffffffdb]yR[0xfffffff7][0xffffff85];[0xfffffffe][0xffffffeb]\7[0xfffffff8]u[0xffffffae][0xffffffa3][0xffffffbf][0xffffffce]u[0xffffffec][0xffffffd7][0xffffffb9]~[0xffffffe5][0xffffffd7][0xffffffb9]!~[0xffffffda]h[0xffffffc8]W9>[0xffffffcf][0xffffffc3]"<[0xc]~[0xffffffda][0x18][0xffffffe8]O[0x1b][0x3][0xfffffffb]ic\[0xfffffff9]ic[0xffffff88][0xfffffffb][0xffffffc2][0xffffffed][0x18][0xffffff95]z[0xffffffa9]6[0xfffffff0][0xfffffffb][0xffffffc2][0xffffffc3][0xffffffe0][0xffffffbe][0xfffffff0]@[0xffffffef][0xb][0xf][0xffffffec][0xffffffbe][0xfffffff0][0xffffffb8]r_[0xfffffff8][0xfffffffe]G[0xffffffcd][0xc]a[0xffffffec][0xffffffc3]2_N[0xffffffc0]#[0xffffff8c]|X[0xffffffe6][0xffffffcb][0xffffffd3])[0xffffff84]_[0xfffffff9][0xffffffb0][0xffffffcc][0xffffffc7][0x1f][0xffffffa9][0xffffff9f]6[0xffffff8e]5[0xffffffa8][0x16][0x1e][0xfffffff8]O[0x1b][0xffffffc3][0xffffffe0][0xffffffa7][0xffffff8d][0xffffff81][0xfffffffe][0xffffffb4]1[0xffffffb0][0xffffff9f]6[0xffffffc6][0xf][0x7f][0xffffffda][0xfffffff8]/[0x1f][0x10][0xfffffffe][0xfffffff3]_[0xffffffff]t[0x7][0xffffff99]@[0xfffffff1][0xfffffffd][0xffffffc9][0xe]@~[0xffffff9c][0x4][0xffffffc7][0xfffffff2][0xffffffcb]9 8?N[0xffffff80]![0xfffffffa][0xfffffff9][0xfffffffc][0xffffffff][0xffffffad]k[0xffffffbb]pm[0x19][0xffffffc0]g[0xffffffc5]?[0xffffffcf][0x3][0xffffffbb][0xffffffb6][0x1b][0xffffffb8][0xffffffb6][0x7][0xffffffa8]3q[0xffffffee][0xffffff98]k[0xffffffbb][0xffffff93]k#[0xffffff8a][0xffffff8c]k[0x15][0xffffff90][0xffffff8c]k#[0xffffff96][0xfffffff9][0xffffffae][0xffffffdd][0xffffffe1][0xffffffcc]v[0xffffffed][0xffffff8e][0xffffffe8][0xb][0xffffffae]U[0xffffffbf][0xffffffb4][0xffffffd5]cb[0xffffffae][0xffffffc5][0x7f]i[0x1b][0x6][0xffffffbf][0xffffffb4][\r][0xfffffff4][0xffffff97][0xffffffb6][0xffffff81][0xfffffffd][0xffffffd2]6~[0xfffffff8]K[[0xffffffb6]k#[0xffffff8a][0xffffff8c]k[0x15][0xffffff90][0xffffff8c]k#[0xffffff96][0xfffffff9][0xffffffae][0xffffffdd][0xffffffe1][0xffffffcc]v[0xffffffed][0xffffff8e][0xffffffe8][0xb][0xffffffae]U?[0x9][0xffffffd7]^[0xffffffb1][0x1f]#[0xfffffff0][0xffffff9f][0xffffff84][0xffffff87][0xffffffc1]O[0xffffffc2][0x3][0xfffffffd]Ix`?[0x9][0xffffff8f][0x1f][0xfffffffe]$[0xffffff9c][0xffffffed][0xffffffda][0xffffff88]"[0xffffffe3]Z[0x5]$[0xffffffe3][0xffffffda][0xffffff88]e[0xffffffbe]kw8[0xffffffb3]][0xffffffbb]#[0xfffffffa][0xffffff82]k[0xffffffd5][0xffffffdd][0xffffff85]::[0xffffffb5][0xffffffa2]d[0xffffffe0]w[0x17][0xffffff86][0xffffffc1][0xffffffdd][0xffffff85][0xffffff81][0xffffffde]][0x18][0xffffffd8][0xffffffdd][0xffffff85][0xfffffff1][0xffffffc3][0xffffffbb][0xb][0xffffffd9][0xffffffae][0xffffff8d](2[0xffffffae]U@2[0xffffffae][0xffffff8d]X[0xffffffe6][0xffffffbb]v[0xffffff87]3[0xffffffdb][0xffffffb5];[0xffffffa2][0xffffffbf][0xffffffdd][0xffffffb5][0xffffffa7][0x18][0xffffff81]o[0xfffffff5]<[0xffffffa8][0xffffffc9][0xffffffb5][0x13][0x1f][0xffffff81]?[\r]F[0xffffffe0]Ot[0x4][0xfffffffe][0xffffffc4]F[0xffffffe0][0xffffffcf][0x1f][0xffffff8e][0xffffffc0]'[0xffffffbb]V[0xffffffa0][0xffffff88][0xffffffb8]V[0x2][0xffffff89][0xffffffb8]V`[0xffffff99][0xffffffee][0xffffffda][0x0]g[0xffffffb2]k[0x3][0xffffffa2]/[0xffffffb8]V]h[0xffffffac][0xfffffff7]R[0xffffffa6]\[0xffffff8b]_h<[\r].4[0xffffff9e][0xffffffe8][0xffffff85][0xffffffc6][0x13][0xffffffbb][0xffffffd0]x[0xfffffffe][0xfffffff0]Bc[0xffffffb6]k#[0xffffff8a][0xffffff8c]k[0x15][0xffffff90][0xffffff8c]k#[0xffffff96][0xfffffff9][0xffffffae][0xffffffdd][0xffffffe1][0xffffffcc]v[0xffffffed][0xffffff8e][0xffffffe8][0xb][0xffffffae]U7o[0xffffffeb]<[0xffffffa8]k[0xffffff8b]'~[0xfffffff3][0xfffffff6]4[0xffffffb8]y{[0xffffffa2]7oO[0xffffffec][0xffffffe6][0xffffffed][0xfffffff9][0xffffffc3][0xffffff9b][0xffffffb7][0xffffffd9][0xffffffae][0xffffff8d](2[0xffffffae]U@2[0xffffffae][0xffffff8d]X[0xffffffe6][0xffffffbb]v[0xffffff87]3[0xffffffdb][0xffffffb5];[0xffffffa2]/[0xffffffb8]V[0xffffffdd][0xffffffaf][0xffffffad][0xb][0xfffffff8]V[0xffffffd0][0xffffffe7]y`[0xffffffd7][0x1a][0xffffffdc][0xffffffaf]=[0xffffffe3]E[0xffffffc6]L[0xffffff9c][0xffffffb1][0xfffffffb][0xffffffb5][0xffffffe7]~y[0x11]u[0xffffffad][0xffffffc9][0xfffffffd]Z[0x9]$[0xffffffe3]Z[0xffffff83][0xfffffffb][0xffffffb5][0x1][0xffffffce]l[0xffffffd7]^[0xffffffbf]_{[0xffffffff][0xffffffd3]f[0xffffffe6]Zx[0x1c][0xffffffe7]q[0x2][0xffffffde][0xffffffb5][0xffffffe0]8[0xffffffce][0xffffffe3][0xffffffe9][0xffffff94]k[0x7f]0[0xffffff8e][0xffffff93][0xffffffef][0xffffffda][0x1d]E[0xffffffca][0xffffffb5][0x11]H[0xffffffca][0xffffffb5];[0xffffff96][0xffffff84]k[0x1b][0xffffffec][0xffffffda]v[0xffffffd5][0xffffffb5]j[0x19]S[[0xffffffd8]z[0xffffffe8][0x13]_[0xffffffc6]t[0x1a],c:[0xffffffd1]eL'[0xffffffb6][0xffffff8c][0xffffffe9][0xfffffffc][0xffffffe1]2[0xffffffa6]l[0xffffffd7]F[0x14][0x19][0xffffffd7]* [0x19][0xffffffd7]F,[0xfffffff3]][0xffffffbb][0xffffffc3][0xffffff99][0xffffffed][0xffffffda][0x1d][0xffffffd1][0x17]\[0xffffffab]f[0x19]z[0xffffffc1][0xffffffbe]&q[0xffffffe2][0xffffffb3][0xc][0xffffffa7][0xffffffc1],[0xffffffc3][0x19]/[0xffffff8d]g[0xffffffe2][0xffffff8c][0xffffffcd]2[0xffffff9c][0xfffffffb]Eq[0xffffffd4][0xffffffb5]&[0xffffffb3][0xc][0x12]H[0xffffffc6][0xffffffb5][0x6][0xffffffb3][0xc][0x1][0xffffffce]l[0xffffffd7]^[0xffffff9f]e[0xffffff98][0xffffffea][0x1e][0xffffffc2]h[0xffffffd8]'[0x0]'~[0xf]a[0x1a][0xffffffdc]C[0xffffff98][0xfffffff1][0x7][0xffffffdf]D[0xffffff9c]'v[0xf]a[0xffffffee]?[0xfffffff2][0xffffff92][0xffffffae][0x15]("[0xffffffae][0xffffff95]@"[0xffffffae][0x15]X[0xffffffa6][0xffffffbb]6[0xffffffc0][0xffffff99][0xffffffec][0xffffffda][0xffffff80][0xffffffe8][0xb][0xffffffae][0xffffffed][0xffffffca][0xffffffb5][0xffffffab]4[0xffffffca][0xffffffb5][0x1d]wm7pm[0xf]Pg[0xffffffe2][0xffffffdc]1[0xffffffd7]v'[0xffffffd7]F[0x14][0x19][0xffffffd7]* [0x19][0xffffffd7]F,[0xfffffff3]][0xffffffbb][0xffffffc3][0xffffff99][0xffffffed][0xffffffda][0x1d][0xffffffd1][0x17]\[0xffffffab][0xffffffe6][0xffffffc6][0xffffffce][0xfffffffb]?[0xffffff91]r->76[\r][0xffffffe6][0xffffffc6]f[0x1c][0xffffffd0][0xffffffc9][0xffffffc4][0x19][0xffffff9b][0x1b][0xffffff9b][0xfffffffb]P[0xe][0xffffffea]Z[0xffffff93][0xffffffb9]1[0x9]$[0xffffffe3]Z[0xffffff83][0xffffffb9][0xffffffb1][0x0]g[0xffffffb6]k[0xffffffaf][0xffffffcf][0xffffff8d][0xffffffad][0xffffffdb]/5[0xffffffb8]v[0xffffffde][0xffffffff]/[0xffffffe4][0xffffffda][0xffffffb7][0xfffffff3][0xffffffb0][0xffffffae]}[0xffffff9c][0x0]v[0xffffffed][0xfffffff7]3 [0xffffffae]}<[0x1d]q[0xffffffed][0xffffffb7]'[[0xffffffb8]V[0xffffffa0][0xffffff88][0xffffffb8]V[0x2][0xffffff89][0xffffffb8]V`[0xffffff99][0xffffffee][0xffffffda][0x0]g[0xffffffb2]k[0x3][0xffffffa2]/[0xffffffb9][0xfffffff6]p[0xffffff93][0xffffffed][0xffffffc1][0xffffffdb][0xfffffff6]p[0xffffffd0][0xffffffed][0xffffffc1][0xfffffffa][0xfffffff6][0xffffffe0][0xffffff84]{X[0x19]7[0xfffffff0]H)WPI97[0xffffffb0]IH[0xfffffff7][0xffffffa0][0xffffffad]{[0xfffffffc][0xffffff84]v[0x1f][0xffffffaf]i[0xffffff9d][0xffffffb4][[0xffffffe0][0xffffffcb][0xffffffb6][0xffffffef]G[0xffffffe0][0xffffffb5][[0xffffffc0][0xffffffeb][0xffffffb6][0xffffffef][0xffffff8f][0xffffffa7][0xffffffb4][|.[0xffffffdc]*[0x1e])[0xffffffed][\n]"
23:31:41.055 [main] DEBUG org.apache.hc.client5.http.wire - http-outgoing-1 << "*)[0xffffffed][0x6]6[0x9][0xffffffed][0x16][0xfffffff4][0xffffffd2]m[0xffffffe4][0xfffffff4]%[0xffffffed][0xfffffff6]a[0xffffffa6][0xffffffdd]>p[0xffffffed][0xffffffde][0xffffff8f][0xffffffc0]k[0xfffffff7][0xffffffe3][0x10][0xffffff94]v[0xffffffef][0xffffff8f][0xffffffa7][0xffffffb4][0xfffffffb][0xfffffffe]h[0x17][0xffffffed][0x6][0x1e])[0xffffffed][\n]"
23:31:41.055 [main] DEBUG org.apache.hc.client5.http.wire - http-outgoing-1 << "*)[0xffffffed][0x6]6[0x9][0xffffffed]n[0xffffff84][0xffffffe6]kw[0xffffffe3][0xfffffff4]%[0xffffffed][0xffffff9e][0xffffffdd]L[0xffffffbb]g[0xffffffc7][0xffffffb5]{?[0x2][0xffffffaf][0xffffffdd][0xffffff8f]CP[0xffffffda][0xffffffbd]?[0xffffff9e][0xffffffd2][0xffffffee][0xfffffffb][0xffffffa3]][0xffffffb4][0x1b]x[0xffffffa4][0xffffffb4]+[0xffffffa8][0xffffffa4][0xffffffb4][0x1b][0xffffffd8]$[0xffffffb4][0xffffffbb][0x11][0xffffff9a][0xffffffaf][0xffffffdd][0xffffff8d][0xffffffd3][0xffffff97][0xffffffb4][0xffffffbb][0xffffffe2][0xffffffa5][0x5]V[0xffffffbb][0xb][0xffffffbe][0xffffffb5][0xfffffff0]~[0x4]^[0xffffffbb][0x1f][0xffffff87][0xffffffa0][0xffffffb4][0xffffffbb][0xffffffa0][0xffffff8b][0xb][0xffffffdf][0x1f][0xffffffed][0xffffffa2][0xffffffdd][0xffffffc0]#[0xffffffa5]]A%[0xffffffa5][0xffffffdd][0xffffffc0]&[0xffffffa1][0xffffffdd][0xffffff85][0xffffffde]^[0xffffff88][0xffffff9c][0xffffffbe][0xffffffa6][0xffffffdd][0xffffffe9][0xffffffa6][0xffffffdd][0xffffffc9]kw:hw[0xffffffb2][0xffffffda][0xffffff9d][0xffffff9c]v[0xffffffa7][0xffffff95]vw[0x1e]1[0xffffffed]F*1[0xffffffed][0xffffffee]l"[0xffffffda][0xffffff9d][0xffffffb4]v[0xffffffe7]u[0xffffffed][0x1e][0xffffffb7]b[0xffffffe6][0xffffffdd][0xfffffffb][0xffffff89]p[0xfffffff1][0xffffffbe][0xffffff9d][0xffffff81]7[0xffffffef][0xffffffb7]SP[0xffffffea]}{>[0xffffffe5][0xffffffde][0xffffff8f]g[0xffffffbb][0xffffffc8]7BI[0xffffffd9]W[0xffffffa1]I[0xffffffe9]7[0x2]J[0xfffffff8]w[0xffffffc7]4_[0xffffffc0];[0xffffffac][0xffffffaf][0x19][0xfffffff8]t{[0xffffffe1]p?[0x11]o[0xffffffe0][0xfffffffb][0x19][0xc][0xc][0xfffffffc]q[\n]"
23:31:41.055 [main] DEBUG org.apache.hc.client5.http.wire - http-outgoing-1 << "[0xffffffcc][0xffffffc0]'[0xfffffff7][0xffffffd2][0xffffffe1][0xffffffe3][0xffffffd9]6[0x6][0xe]Pb[0x6][0x16]hb[0x6][0xe][0xffffff80]"[0x6]>[0xffffffe9]7[0xf];[0xffffffac][0xffffffbf]"
23:31:41.063 [main] DEBUG org.apache.hc.client5.http.wire - http-outgoing-1 << "[0xffffffc5][0xffffffc0][0xffffffe3][0xfffffffd][0xffffff8f][0xffffffd5][0xfffffff6][0xffffff85]y[0xffffffd6]|[0xffffffff]~[0xffffff9e][0xffffff87][0xffffffb2][0xffffffef][0xffffff97][0x13]`[0xffffffee][0xffffffdd][0xffffffce][0xffffff90]l[0xffffffde]/OO[0xfffffff6][0xffffffee][0xffffffaf][0xffffff9f][0xc][[0xfffffff7])[0xffffff8a][0xffffffc9][0xffffffce][0xfffffffd][0x1][0xffffff90][0xffffffc9][0xffffffc6]}[0xffffff8a]e[0xffffffa2]o[0xffffff9f][0xffffffc0][0xffffff99]f[0xffffffdb]'[0xffffff88][0xffffffbe][0xffffffe0]Z[0xffffffb5][0xffffff99]|[0xffffffd5]Q([0xffffffd7][0xffffff82][0xffffff9b][0xffffffc9][0xffffffbf][0xffffff9c][0xffffff80]v-[0xffffffb4][0xffffff99][0xfffffffc][0xffffffcb][0xffffffd3][0x19][0xffffffd7]zl&[0x7f][0xffffff8a]"[0xffffffe3]Z[0xffffff83][0xffffffcd][0xffffffe4]O[0xffffffb1][0xffffffcc]w-[0xffffffb6][0xffffff99][0xfffffffc][0x9][0xffffffa2]/[0xffffffb8][0xffffffb6])[0xffffffd7][0xffffff8e][0xffffff9e][0xffffffbf][0xffffff99][0xfffffffc][0xfffffff3]<[0xffffffb0]k[0xffffff9b][0xffffff81]k[[0xffffff80]:[0x13][0xffffffe7][0xffffff86][0xffffffb9][0xffffffb6]9[0xffffffb9]6[0xffffffa2][0xffffffc8][0xffffffb8]V[0x1][0xffffffc9][0xffffffb8]6b[0xffffff99][0xffffffef][0xffffffda][0x1d][0xffffffce]l[0xffffffd7][0xffffffee][0xffffff88][0xffffffbe][0xffffffe0][0xffffffda][0xffffffae]\[0xffffffbb][0xe][0xffffffcc][0xffffffb5][0x1d]wm7pm[0xf]Pg[0xffffffe2][0xffffffdc]1[0xffffffd7]v'[0xffffffd7]F[0x14][0x19][0xffffffd7]* [0x19][0xffffffd7]F,[0xfffffff3]][0xffffffbb][0xffffffc3][0xffffff99][0xffffffed][0xffffffda][0x1d][0xffffffd1][0x17]\;[0xffffffa2]k[0xfffffffb][0xffffffed]60[0xffffffd7][0xe][0xffffffdc][0xffffffb5][0xffffffc3][0xffffffc0][0xffffffb5]#@[0xffffff9d][0xffffff89][0xfffffff3][0xffffffc0]\;[0xffffff9c]\[0x1b]Qd\[0xffffffab][0xffffff80]d\[0x1b][0xffffffb1][0xffffffcc]w[0xffffffed][0xe]g[0xffffffb6]kwD_p[0xffffffad][0xfffffff8][\n]"
23:31:41.063 [main] DEBUG org.apache.hc.client5.http.wire - http-outgoing-1 << "[0xffffffc4][0xffffffdd][0xffffffb5][0xb]{_[0xb]~[0x5][0xffffffe2][0xffffffcb][0x9]h[0xffffffd7]B_[0xffffff81][0xfffffff8][0xfffffff2]t[0xffffffc6][0xffffffb5][0x1e]_[0xffffff81]x[0xffffff8a]"[0xffffffe3]Z[0xffffff83][0xffffffaf]@<[0xffffffc5]2[0xffffffdf][0xffffffb5][0xffffffd8]W [0xffffff9e] [0xfffffffa][0xffffff82]k[0xffffffa7]r[0xffffffed]q[0xffffffe4][0x7f][0x5][0xffffffe2][0xfffffff3]<[0xffffffb0]k[0xffffffa7][0xffffff81]kg[0xffffff80]:[0x13][0xffffffe7][0xffffff89][0xffffffb9]v:[0xffffffb9]6[0xffffffa2][0xffffffc8][0xffffffb8]V[0x1][0xffffffc9][0xffffffb8]6b[0xffffff99][0xffffffef][0xffffffda][0x1d][0xffffffce]l[0xffffffd7][0xffffffee][0xffffff88][0xffffffbe][0xffffffe0]Z[0xffffffb1][0xffffff99][0xfffffffc][0xffffffee]Z[0xffffffe0][0xffffffeb]f[0xffffff9f][0xffffffe7][0xffffff81]][0xffffff8b]n&[0xffffffdf][0xffffffce][0xffffffc0][0xffffffb8][0x16][0xffffffd8]L[0xfffffffe][0xffffffeb]'{[0xffffffb8][0x16][0xffffffdf]L[0xfffffffe][0x3] [0x19][0xffffffd7][0xffffffa2][0xffffff9b][0xffffffc9][0xffffff9f][0xffffffc0][0xffffff99][0xffffffed][0xffffffda]+[0xffffff9b][0xffffffc9][0x1f][0x7f]:o7[0xffffffe5][0xffffffda]R![0xffffffd7]>[0xffffffce][0xffffff83][0xffffffba][0xfffffff6][0xfffffffd][0x4][0xffffffac]k?[0xffffffcf]@[0xffffffb8][0xfffffff6][0xfffffffd][0xffffffe9][0xffffff84]k[0xffffffbf]?[0xffffffd9][0xffffffc1][0xffffffb5][\n]"
23:31:41.064 [main] DEBUG org.apache.hc.client5.http.wire - http-outgoing-1 << "E[0xffffffc2][0xffffffb5][0x1a]H[0xffffffc2][0xffffffb5][\n]"
23:31:41.064 [main] DEBUG org.apache.hc.client5.http.wire - http-outgoing-1 << "[0xffffffcb]l[0xffffffd7]F8s][0x1b][0x11]}[0xffffffc1][0xffffffb5]b[0xffffff96][0xffffffa1][0xffffffdf]j[0xffffff85][0xffffffde]!<[0xffffffce][0x3][0xffffffbb][0xffffff96][0xffffff9f]e[0xfffffff8]<[0x3][0xffffffe3]Zj[0xffffff96][0xffffffe1][0xfffffffb][0xffffff93]=\[0xffffffeb]1[0xffffffcb][0xffffffa0][0xffffff81]d\[0xffffffcb][0xffffffcf]2D8[0xffffffb3]]{y[0xffffff96]a[0xffffffde][0xffffff8a]rm[0x1b]'[0xffffffe5][0xffffffda][0xffffff82][0xffffffbb][0xffffffb6][0x18][0xffffffb8][0xffffffb6][0x4][0xffffffa8]3q.[0xffffff98]k[0xffffff8b][0xffffff93]k#[0xffffff8a][0xffffff8c]k[0x15][0xffffff90][0xffffff8c]k#[0xffffff96][0xfffffff9][0xffffffae][0xffffffdd][0xffffffe1][0xffffffcc]v[0xffffffed][0xffffff8e][0xffffffe8][0xb][0xffffffae][0xffffffad][0xffffffbf][0xffffff84]-5[0xfffffffd][0xffffffb6][\n]"
23:31:41.065 [main] DEBUG org.apache.hc.client5.http.wire - http-outgoing-1 << "[0xffffffe6][0xffffffda][0xfffffffb]y`[0xffffffd7][0xffffffbe][0xffffff9d][0xffffff80]v[0xffffffed][0xffffffb7]30[0xffffffae]}{:[0xffffffe3][0xffffffda][0xffffff8f]'{[0xffffffb8]6[0xffffffa2][0xffffffc8][0xffffffb8]V[0x1][0xffffffc9][0xffffffb8]6b[0xffffff99][0xffffffef][0xffffffda][0x1d][0xffffffce]l[0xffffffd7][0xffffffee][0xffffff88][0xffffffbe][0xffffffe0]Z17[0xffffffd6][0xffffff8f][0xffffffa3]b[0xffffffae][0xffffffa5][0xffffffe7][0xffffffc6][0xffffffde]O@[0xffffffbb][0xffffff96][0xffffff9c][0x1b]{[0x7f]:[0xffffffe3]Z[0xffffffa3][0xffffffb9]1[0xffffff85]"[0xffffffe3]Z[0xffffff97][0xffffffb9]1[0xffffff85]e[0xffffffbe]k[0xffffffd9][0xffffffb9][0xffffffb1][0xffffff88][0xffffffe8][0xb][0xffffffae][0x15]sc[0xfffffffd]h}R[0xffffffae][0xffffffa5][0xffffffe7][0xffffffc6][0xffffffde]O@[0xffffffbb][0xffffff96][0xffffff9c][0x1b]{[0x7f]:[0xffffffe3]Z[0xffffffa3][0xffffffb9]1[0xffffff85]"[0xffffffe3]Z[0xffffff97][0xffffffb9]1[0xffffff85]e[0xffffffbe]k[0xffffffd9][0xffffffb9][0xffffffb1][0xffffff88][0xffffffe8][0xb][0xffffffae][0x1d][0xffffffca][0xffffffb5]g[0xffffffc3][0xffffffba]v[0xffffffe0][0xffffffae][0x1d][0x6][0xffffffae][0x1d][0x1][0xffffffea]L[0xffffff9c][0x7][0xffffffe6][0xffffffda][0xffffffe1][0xffffffe4][0xffffffda][0xffffff88]"[0xffffffe3]Z[0x5]$[0xffffffe3][0xffffffda][0xffffff88]e[0xffffffbe]kw8[0xffffffb3]][0xffffffbb]#[0xfffffffa][0xffffff82]k[0xffffffd5][0xffffffdc]X9N[0xffffffcc][0xffffffb5][0xfffffff4][0xffffffdc][0xffffffd8][0xfffffffb][0x9]h[0xffffffd7][0xffffff92]sc[0xffffffef]Og\k47[0xffffffa6]Pd\[0xffffffeb]27[0xffffffa6][0xffffffb0][0xffffffcc]w-;7[0x16][0x11]}[0xffffffc1][0xffffffb5]jn[0xffffffac][0xffffffb4][0x1b][0xfffffff6][0xe][0xffffff81][0xffffff9e][0x1b]{?[0x1][0xffffffed]Zrn[0xffffffec][0xfffffffd][0xffffffe9][0xffffff8c]k[0xffffff8d][0xffffffe6][0xffffffc6][0x14][0xffffff8a][0xffffff8c]k][0xffffffe6][0xffffffc6][0x14][0xffffff96][0xfffffff9][0xffffffae]e[0xffffffe7][0xffffffc6]"[0xffffffa2]/[0xffffffb9]6[0xffffffde]C`]K[0xffffffdf]C[0xffffff98][0x6][0xfffffff7][0x10]f[0xfffffff8][0xffffffc1]7[0x17]g[0xffffffea][0x1e][0xffffffc2]t[0xffffffba][0xffffff87][0x10]Q[0xffffffa4]\[0xffffffeb]r[0xf]!bI[0xffffffb8][0xffffff96][0xffffffbd][0xffffff87][0xffffffb0]#[0xfffffffa][0xffffff82]k[0xffffffd5][0xffffff8c]n9Ol[0xffffff96][0xffffff81][0xffffff9e][0xffffffd1]}?[0x1][0xffffffed]ZrF[0xfffffff7][0xfffffffd][0xffffffe9][0xffffff8c]k[0xffffff8d]ft[0x15][0xffffff8a][0xffffff8c]k]ft[0x15][0xffffff96][0xfffffff9][0xffffffae]egt#[0xffffffa2]/[0xffffffb9]Vt-[0xffffffea]Z[0xffffffba]k[0xffffff97]A[0xffffffd7][0xffffffae][0x10][0x10][0xffffffb9]8S][0xffffffbb][0xffffff9c][0xffffffba]6[0xffffffa2]H[0xffffffb9][0xffffffd6][0xffffffa5]k#[0xffffff96][0xffffff84]k[0xffffffd9][0xffffffae][0xffffffdd][0x11][0xfffffffd][0xffffffed][0xffffffae]=[0xffffffd4]>[0xffffff84][0xffffffb2][0xffffff8e][0x3]r[0xffffffed][0xffffff81][0xffffffef]C8[0xc][0xfffffff6]![0x1c]q[0xfffffff0]<[0x11][0xffffffe7][0x3][0xffffffdb][0xffffff87]p[0xffffffec][0xffffffc3][0xffffffe6][0xffffffa4]k[0x5][0xffffff8a][0xffffff88]k%[0xffffff90][0xffffff88]k[0x5][0xffffff96][0xffffffe9][0xffffffae][\r]p&[0xffffffbb]6 [0xfffffffa][0xffffff82]k[0xffffffd5][0xffffff8c]nY[0xffffffb3]P[0xffffffae][0xffffffc5]gt[0xf][0xffffff83][0x19][0xffffffdd]#[0xe]Cf[0xffffffe2][0xffffff8c][0xffffffcd][0xffffffe8][0x1e][0xfffffffb][0x0]$[0xffffffea]Z[0xffffff93][0x19]][0x9]$[0xffffffe3]Z[0xffffff83][0x19][0xffffffdd][0x0]g[0xffffffb6]k[0xffffffaf][0xffffffcf][0xffffffe8][0x1e]j[0xffffff96][0xffffffa1][0xfffffff6][[0xffffffa7]\[0xffffff8b][0xffffffcf]2[0x1c][0x6][0xffffffb3][0xc]G[0xffffffbc]4[0xffffff9e][0xffffff89]36[0xffffffcb]p[0xffffffec][0x17][0xffffffc5]Q[0xffffffd7][0xffffff9a][0xffffffcc]2H [0x19][0xffffffd7][0x1a][0xffffffcc]2[0x4]8[0xffffffb3]]{}[0xffffff96][0xffffffe1][0xffffffed][0xffffffff][0xffffff89][0xffffffae]='[0xfffffff6][0xe]a[0xffffffe0][0xffffffae][0x1d][0x6][0xffffffae][0x1d][0x1][0xffffffea]L[0xffffff9c][0x7][0xffffffe6][0xffffffda][0xffffffe1][0xffffffe4][0xffffffda][0xffffff88]"[0xffffffe3]Z[0x5]$[0xffffffe3][0xffffffda][0xffffff88]e[0xffffffbe]kw8[0xffffffb3]][0xffffffbb]#[0xfffffffa][0xffffff82]k[0xffffffd5],C;[0x1a][0xfffffff6][0xe][0x1][0xffffff9f]e8[0xc]f[0x19][0xffffff8e]xi<[0x13]gl[0xffffff96][0xffffffe1][0xffffffd8]/[0xffffff8a][0xffffffa3][0xffffffae]5[0xffffff99]e[0xffffff90]@2[0xffffffae]5[0xffffff98]e[0x8]pf[0xffffffbb][0xfffffff6][0xfffffffa],[0xffffffc3][0xffffffa1]f[0x19]ZmX[0xffffffd7][0xffffffe2][0xffffffb3][0xc][0xffffff87][0xffffffc1],[0xffffffc3][0x11]/[0xffffff8d]g[0xffffffe2][0xffffff8c][0xffffffcd]2[0x1c][0xfffffffb]Eq[0xffffffd4][0xffffffb5]&[0xffffffb3][0xc][0x12]H[0xffffffc6][0xffffffb5][0x6][0xffffffb3][0xc][0x1][0xffffffce]l[0xffffffd7]^[0xffffff9f]e([0xffffffea]}m_[\r][0xfffffffa][0xffffff8e][0xffffffee][0xffffffe3]<[0xffffffac]k[0xffffff8b][0xffffffc1][0xfffffffb][0xffffffda][0x12]_[0xffffff8c]%[0xffffffe2]\[0xffffffb0][0xfffffff7][0xffffffb5]e[0x7f][0x19]F[0xffffffba]V[0xffffffa0][0xffffff88][0xffffffb8]V[0x2][0xffffff89][0xffffffb8]V`[0xffffff99][0xffffffee][0xffffffda][0x0]g[0xffffffb2]k[0x3][0xffffffa2]/[0xffffffb8]V[0xffffffbd]C[0x18]7[0xffffffea][0xffffffdb][0xffffff8e][0xffffff8f][0xfffffff3][0xffffffc0][0xffffffae]5x[0xffffff87]P[0xffffffe2][0xffffffbf][0xffffffac]e[0xffffffe2][0xffffff8c][0xffffffbd]C([0xfffffffb][0xffffffbf][0xffffffa0][0xffffffa1][0xffffffae]5y[0xffffff87] [0xffffff81]d\k[0xfffffff0][0xe]![0xffffffc0][0xffffff99][0xffffffed][0xffffffda][0xffffffeb][0xffffffef][0x10][0xffffff8a]z[0xffffff87]0[0xe][0xffffffec]{c[0x5][0x7f][0xffffff87]P[0xc][0xffffffde]![0xffffff94][0xfffffff8]/k[0xffffff99]8c[0xffffffef][0x10][0xffffffca][0xfffffffe]/h[0xffffffa8]kM[0xffffffde]!H [0x19][0xffffffd7][0x1a][0xffffffbc]C[0x8]pf[0xffffffbb][0xfffffff6]'[0xffffffde]![0xffffffa8][0x19][0xffffffdd][0xffffffd1][0xffffffce]F[0xffffffb9][0x16][0xffffff9f][0xffffffd1]-[0x6]3[0xffffffba]%[0xe]Cf[0xffffffe2][0xffffff8c][0xffffffcd][0xffffffe8][0xffffff96]}[0x0][0x12]u[0xffffffad]"
23:31:41.068 [main] DEBUG org.apache.hc.client5.http.wire - http-outgoing-1 << "[0xffffffc9][0xffffff8c][0xffffffae][0x4][0xffffff92]q[0xffffffad][0xffffffc1][0xffffff8c]n[0xffffff80]3[0xffffffdb][0xffffffb5][0xffffffd7]gt[0xffffffab][0xffffff9a]e8[[0xffffffa7]\[[0xfffffff1]Y[0xffffff86]j0[0xffffffcb]P[0xffffffe3][0xffffffa5][0xfffffff1]D[0xffffff9c]+6[0xffffffcb]P[0xfffffff7][0xffffff8b][0xffffffe2][0xffffffa4]k[0x5][0xffffff8a][0xffffff88]k%[0xffffff90][0xffffff88]k[0x5][0xffffff96][0xffffffe9][0xffffffae][\r]p&[0xffffffbb]6 [0xfffffffa][0xffffff82]k[0xffffffd5]oc[0xffffffb3][0xffffff9d][0xffffffd4];[0xffffff84][0xffffff8a][0xffffffff]6V[\r]~[0x1b][0xffffffab][0xfffffff1]G[0xffffff88]L[0xffffff9c][0xffffffb1][0xffffffdf][0xffffffc6][0xffffffea][0xfffffffe][0xffffffc3][0x3][0xffffffea]Z[0xffffff93][0xffffffdf][0xffffffc6]$[0xffffff90][0xffffff8c]k[\r]~[0x1b][0xb]pf[0xffffffbb][0xfffffff6][0xfffffffa]ocU[0xffffffbd]CX[0xffffffb5]R;[0x15]+[0xfffffffe][0xe][0xffffffa1][0x1a][0xffffffbc]C[0xffffffa8][0xfffffff1]_[0xffffffd6]2q[0xffffffc6][0xffffffde]![0xffffffd4][0xfffffffd]_[0xffffffd0]P[0xffffffd7][0xffffff9a][0xffffffbc]C[0xffffff90]@2[0xffffffae]5x[0xffffff87][0x10][0xffffffe0][0xffffffcc]v[0xffffffed][0xfffffff5]w[0x8]M[0xffffffed][0xffffff9e]Y[0x15][0xffffff9b][0x1b]k[0xfffffff8][0xffffffee][0xffffff99]f[0xffffffb0]{[0xffffffa6][0xffffffc5]%[0x1f][0xffffff89]87l[0xfffffff7]L[0xffffffdb][0x17]{[0xffffff90][0xffffffae][0x15]("[0xffffffae][0xffffff95]@"[0xffffffae][0x15]X[0xffffffa6][0xffffffbb]6[0xffffffc0][0xffffff99][0xffffffec][0xffffffda][0xffffff80][0xffffffe8][0xb][0xffffffae]=[0xffffff94]k[0xffffffdb]A}[0x3][0xffffffe7][0xffffffed]<[0xffffffb0]k[0xf][0x3][0xffffffd7][0x1e][0x1][0xffffffea]L[0xffffff9c][0xf][0xffffffcc][0xffffffb5][0xffffff87][0xffffff93]k#[0xffffff8a][0xffffff8c]k[0x15][0xffffff90][0xffffff8c]k#[0xffffff96][0xfffffff9][0xffffffae][0xffffffdd][0xffffffe1][0xffffffcc]v[0xffffffed][0xffffff8e][0xffffffe8][0xb][0xffffffae]U[0xffffffbf][0xffffff8d][0xffffffad]^[0xffffffa9][0xfffffffb][0xffffffb5][\r][0xffffffff]m[0xffffffac][0x19][0xfffffffc]6[0xffffffd6][0xffffffe2][0xffffff8f][0x10][0xffffff99]8c[0xffffffbf][0xffffff8d][0xffffffb5][0xfffffffd][0xffffff87][0x7][0xffffffd4][0xffffffb5]&[0xffffffbf][0xffffff8d]I [0x19][0xffffffd7][0x1a][0xfffffffc]6[0x16][0xffffffe0][0xffffffcc]v[0xffffffed][0xfffffff5][0xffffffdf][0xffffffc6]ZU[0xffffffae]=[0xffffffb1]}[0x8]o[0xffffffe7][0xffffff81]][[\r]\[[0x3][0xffffffd4][0xffffff99]8W[0xffffffcc][0xffffffb5][0xffffffd5][0xffffffc9][0xffffffb5][0x11]E[0xffffffc6][0xffffffb5][\n]"
23:31:41.069 [main] DEBUG org.apache.hc.client5.http.wire - http-outgoing-1 << "H[0xffffffc6][0xffffffb5][0x11][0xffffffcb]|[0xffffffd7][0xffffffee]pf[0xffffffbb]vG[0xfffffff4][0x5][0xffffffd7]6[0xffffffe5][0xffffffda][0xffffffd5][0xffffffb0][0xffffffae]m[0xffffffb8]k[0xffffff9b][0xffffff81]k[[0xffffff80]:[0x13][0xffffffe7][0xffffff86][0xffffffb9][0xffffffb6]9[0xffffffb9]6[0xffffffa2][0xffffffc8][0xffffffb8]V[0x1][0xffffffc9][0xffffffb8]6b[0xffffff99][0xffffffef][0xffffffda][0x1d][0xffffffce]l[0xffffffd7][0xffffffee][0xffffff88][0xffffffbe][0xffffffe0]Zq[0xffffffe7]k[0xffffffdc]j[0xffffffc1]~[0x1b][0xffffffc3][0xffffffef]|5[0xffffff83];_-^[0xffffffae][0xffffffc9][0xffffffc4][0x19][0xffffffbb][0xfffffff3][0xffffffd5][0xfffffff6][0xb]5[0xffffffa8]kM[0xffffffee]|I [0x19][0xffffffd7][0x1a][0xffffffdc][0xfffffff9][\n]"
23:31:41.070 [main] DEBUG org.apache.hc.client5.http.wire - http-outgoing-1 << "pf[0xffffffbb][0xfffffff6][0xfffffffa][0xffffff9d][0xffffffaf][0xfffffffb][0xffffff9f][0x16]3[0xffffffd7][0xffffffc2][0xffffffdf][0x1b]{[0xffffff9c][0xffffff80]w-[0xfffffff8][0xffffffbd][0xffffffb1][0xffffffc7][0xffffffd3])[0xffffffd7][0xfffffffa]|oL[0xffffffa0]H[0xffffffb9][0xffffffd6][0xffffffe4]{c[0x2]K[0xffffffc2][0xffffffb5][0xffffffe8][0xfffffff7][0xffffffc6][0x2][0xffffffa2]/[0xffffffb9][0xffffffb6][0xffffff9a][0xffffffb9][0xffffffb6][0xffffffe2][0xffffffae][0xffffffad][0x6][0xffffffae][0xffffffad][0xffffffa8]k+[0xffffffe6][0xffffffda][0xffffffea][0xffffffe4][0xffffffda][0x1d]E[0xffffffca][0xffffffb5][0x11]H[0xffffffca][0xffffffb5];[0xffffff96][0xffffff84]k+[0xffffffec][0xffffffda]z[0xffffffdd][0xffffffb5][0xffffffcd][0xffffffcc][0xffffffb5][\r]wm3pmC][0xffffffdb]0[0xffffffd7]6'[0xffffffd7][0xffffffee](R[0xffffffae][0xffffff8d]@R[0xffffffae][0xffffffdd][0xffffffb1]$\[0xffffffdb]`[0xffffffd7][0xffffffb6][0xffffffeb][0xffffffae]=[0xffffffdc]d{[0xfffffff0][0xffffffb6]=[0x1c]t{[0xffffffb0][0xffffffbe]=8[0xffffffe1][0x1e]V[0xffffffc6][\r]<R[0xffffffca][0x15]TR[0xffffffce][\r]l[0x12][0xffffffd2]=h[0xffffffeb][0x1e]?[0xffffffa1][0xffffffdd][0xffffffea][0xfffffff6][0xffffffee][0xffffffb6][0xfffffff2]/o[0xffffffab][0xffffffc3][0xffffffdb][0xffffffdb][0xffffffca][0xffffffbe][0xffffffbe][0xffffffad][0xffffffdc][0xfffffffb][0xffffffdb]j[0xfffffff5][0x2]7[0xfffffff0]HiWPIi7[0xffffffb0]Ih[0xffffffb7][0xffffffd2]/q[0xffffffeb]O[0xffffffbc][0xffffffc5]mn[0xffffffda]m[0xffffffbc]v[0xffffff9b][0xffffff83]v[0x1b][0xffffffab][0xffffffdd][0xffffffc6]i[0xffffffb7]Yi7[0xfffffff0]HiWPIi7[0xffffffb0]Ih[0xffffffb7][0xffffffd1][0xffffffda]m?[0xffffffa3][0xffffffdd][0xffffffe5][0xffffffa6][0xffffffdd][0xffffffc5]kw9hw[0xffffffb1][0xffffffda]][0xffffff9c]v[0xffffff97][0xffffff95]vw[0x1e]1[0xffffffed]F*1[0xffffffed][0xffffffee]l"[0xffffffda]][0xffffffb4]v[0xffffffd7]u[0xffffffed][0xe][0xffffffb7][0xffffffda][0x1d]|[0xffffffed][0xe][0xffffff87][0xffffffda][0x1d]l[0xffffffed][0xe][0xffffffae]v[0xffffff87]U[0xffffffed][0x6][0x1e])[0xffffffed][\n]"
23:31:41.070 [main] DEBUG org.apache.hc.client5.http.wire - http-outgoing-1 << "*)[0xffffffed][0x6]6[0x9][0xffffffed][0xe][0xffffffba]v[0xffffffc7]O[0xffffffd4][0xffffffee]t[0xffffffd3][0xffffffee][0xffffffe4][0xffffffb5];[0x1d][0xffffffb4];Y[0xffffffed]NN[0xffffffbb][0xffffffd3]J[0xffffffbb][0xffffff81]GJ[0xffffffbb][0xffffff82]JJ[0xffffffbb][0xffffff81]MB[0xffffffbb][0xffffff93][0xffffffd6][0xffffffee][0xfffffffc][0x9][0xffffffed][0xffffffae]a[0xffffffa6][0xffffffdd]5p[0xffffffed][0xffffffde][0xffffff8f][0xffffffc0]k[0xfffffff7][0xffffffe3][0x10][0xffffff94]v[0xffffffef][0xffffff8f][0xffffffa7][0xffffffb4][0xfffffffb][0xfffffffe]h[0x17][0xffffffed][0x6][0x1e])[0xffffffed][\n]"
23:31:41.070 [main] DEBUG org.apache.hc.client5.http.wire - http-outgoing-1 << "*)[0xffffffed][0x6]6[0x9][0xffffffed]n[0xffffff84][0xffffffe6]kw[0xffffffe3][0xfffffff4][0xffffffb7]h[0xfffffff7]|[0xffffffff][0xffffffdb][0xffffffa1][0x6]~Wi[0xffffffe9][0xffffffd6][0xfffffffd]<[0xf]%[0xffffffdd]/'[0xffffffc0][0xffffff9c][0xffffffbb][0xffffff9d]!Y[0xffffffb9]_[0xffffff9e][0xffffff9e]l[0xffffffdc]_?[0x19][0x16][0xffffffee]S[0x14][0xffffff93]}[0xfffffffb][0x3] [0xffffff93]u[0xfffffffb][0x14][0xffffffcb]D[0xffffffdb]>[0xffffff81]3M[0xffffffb6]O[0x10]}[0xffffffc1][0xffffffb5][0xffffffe2][0x3][0xffffffe8][0xffffffe3]8[0xffffff80][0x5][0xffffff8d][0xffffff9f][0xffffffe7][0xffffff81]][0xffffff8b]~[0x0]};[0x3][0xffffffe3]Z[0xffffffe0][0x3][0xffffffe8][0xffffffbf]~[0xffffffb2][0xffffff87]k[0xfffffff1][0xf][0xffffffa0][0xffffffff][0x0]H[0xffffffc6][0xffffffb5][0xffffffe8][0x7][0xffffffd0][0xffffff9f][0xffffffc0][0xffffff99][0xffffffed][0xffffffda][0x1d][0xffffffd1][0x17]\;[0xffffffc5]r[0xffffff85][0xffffffa3][0xffffff95][0xfffffffc][0xf][0xffffffea]|[0xffffff9e][0x7]v[0xffffffed]$[0xffffff97]+lg`\;[0xfffffff3][0xffffff97]+[0xfffffffc][0xfffffffa][0xffffffc9][0x1e][0xffffffae][0xffffff8d](2[0xffffffae]U@2[0xffffffae][0xffffff8d]X[0xffffffe6][0xffffffbb]v[0xffffff87]3[0xffffffdb][0xffffffb5];[0xffffffa2]/[0xffffffb8]v)[0xffffffd7][0xffffff8e]3[0xffffffff]#[0xf][0xffffff9f][0xffffffe7][0xffffff81]][0xffffffbb][0xc]\[0xffffffbb][0x2][0xffffffd4][0xffffff99]8/[0xffffffcc][0xffffffb5][0xffffffcb][0xffffffc9][0xffffffb5][0x11]E[0xffffffc6][0xffffffb5][\n]"
23:31:41.070 [main] DEBUG org.apache.hc.client5.http.wire - http-outgoing-1 << "H[0xffffffc6][0xffffffb5][0x11][0xffffffcb]|[0xffffffd7][0xffffffee]pf[0xffffffbb]vG[0xfffffff4][0xffffffb7][0xffffffbb][0xffffffb6][0xffffff8b][0xf][0xffffffea][0xffffff8c]r[[0xfffffff9][0xffffffbf][0xffffff92]}[0xffffff9e][0xffffff87]umG?[0xffffffa8][0xffffffb3][0xffffff9d][0x1]qm[0x7]>[0xffffffa8][0xfffffff3][0xffffffeb]'[[0xffffffb8]V[0xffffffa0][0xffffff88][0xffffffb8]V[0x2][0xffffff89][0xffffffb8]V`[0xffffff99][0xffffffee][0xffffffda][0x0]g[0xffffffb2]k[0x3][0xffffffa2]/[0xffffffb8]V|[0xffffffe4]a[0xffffff94]cP[0xffffffef]k;[0xfffffff8][0xffffff91][0xffffff87]/'[0xffffffa0]][0xb]}[0xffffffe4][0xffffffe1][0xffffffcb][0xffffffd3][0x19][0xffffffd7]z|[0xffffffe4][0xffffffe1])[0xffffff8a][0xffffff8c]k[\r]>[0xfffffff2][0xfffffff0][0x14][0xffffffcb]|[0xffffffd7]b[0x1f]yx[0xffffff82][0xffffffe8][0xb][0xffffffae][0x15][0x1f]y[0x18][0xffffffa5][0xffffffdc]*[0xffffffe5]Z[0xfffffff0]#[0xf]_N@[0xffffffbb][0x16][0xfffffffa][0xffffffc8][0xffffffc3][0xffffff97][0xffffffa7]3[0xffffffae][0xfffffff5][0xfffffff8][0xffffffc8][0xffffffc3]S[0x14][0x19][0xffffffd7][0x1a]|[0xffffffe4][0xffffffe1])[0xffffff96][0xfffffff9][0xffffffae][0xffffffc5]>[0xfffffff2][0xfffffff0][0x4][0xffffffd1][0x17]\[0xffffffab]>[0xfffffff2]P[0xffffffea][\r][0xffffffeb]Z[0xfffffff0]#[0xf]_N@[0xffffffbb][0x16][0xfffffffa][0xffffffc8][0xffffffc3][0xffffff97][0xffffffa7]3[0xffffffae][0xfffffff5][0xfffffff8][0xffffffc8][0xffffffc3]S[0x14][0x19][0xffffffd7][0x1a]|[0xffffffe4][0xffffffe1])[0xffffff96][0xfffffff9][0xffffffae][0xffffffc5]>[0xfffffff2][0xfffffff0][0x4][0xffffffd1][0x17]\{*[0xffffffd7][0xffffffce][0xffffffd1])[0xffffffd7][0xffffff9e][0xffffffb8]kO[0x3][0xffffffd7][0xffffff9e][0x1][0xffffffea]L[0xffffff9c]O[0xffffffcc][0xffffffb5][0xffffffa7][0xffffff93]k#[0xffffff8a][0xffffff8c]k[0x15][0xffffff90][0xffffff8c]k#[0xffffff96][0xfffffff9][0xffffffae][0xffffffdd][0xffffffe1][0xffffffcc]v[0xffffffed][0xffffff8e][0xffffffe8]K[0xffffffae][0xffffff8d][0xfffffff7][0x10]X[0xffffffd7][0xffffffc2][0xfffffff7][0x10][0x1e]'[0xffffffe0]][0xb][0xffffffde]Cx<[0xffffff9d]r[0xffffffad][0xffffffcf]=[0x4][0xffffff81]"[0xffffffe5]Z[0xffffff93]{[0x8][0x2]K[0xffffffc2][0xffffffb5][0xffffffe8]=[0xffffff84][0xffffff80][0xffffffe8][0xb][0xffffffae][0xffffff9d][0xffffffa2]kk9[0xffffffb1][0xfffffff7][0xffffffb5][0x13][0xffffffef][0xffffffda]i[0xffffffd0][0xffffffb5]3[0x4]D&[0xffffffce][0x13][0xffffffeb][0xffffffda][0xffffffe9][0xffffffd4][0xffffffb5][0x11]E[0xffffffc6][0xffffffb5][\n]"
23:31:41.071 [main] DEBUG org.apache.hc.client5.http.wire - http-outgoing-1 << "H[0xffffffc6][0xffffffb5][0x11][0xffffffcb]|[0xffffffd7][0xffffffee]pf[0xffffffbb]vG[0xfffffff4][0x5][0xffffffd7].[0xffffffe5][0xffffffda]v[0x16][0xffffffca][0xffffffb5][0xb]w[0xffffffed]2p[0xffffffed][\n]"
23:31:41.071 [main] DEBUG org.apache.hc.client5.http.wire - http-outgoing-1 << "Pg[0xffffffe2][0xffffffbc]0[0xffffffd7]"
[...]
23:31:41.212 [main] DEBUG org.apache.hc.client5.http.wire - http-outgoing-1 << "R[0xffffffc2]D[0x11][0xffffffa1][0xffffff84][\r]$B[0x9][0x13][0xffffffcb]rJH8[0xffffff8b])![0x11][\r][0xffffffa2][0xffffff84]+O[0xffffff94][0x12][0xffffffbe]KQJ[0xffffffb8]j[0xffffffc5]([0xffffffa1]M[0xb]QB[0xffffff8b]w[0xffffff81][0x12]n[0xffffffed]r\[0xffffffd8][0xffffffae][0xffffffc4][0xffffffc0][0xffffffd7].G[0xffffffc0][0xffffffda][0xffffffe5]0[0xffffff93]l[0xffffff85][0x1][0xffffffc7][0xffffffd6].[0xffffff87][0xffffff8c][0xffffffae][0xffffff91][0xffffff94][0x8]Y[0xffffffbb][0xffffffb4][0xffffff81]d([0x11][0xffffffb0]v)[0xffffffe1][0xffffffac][0xffffffa6]D[0xfffffff0][0xffffffda][0xffffffa5]+O[0xffffff96][0x12]yk[0xffffff97][0xffffffae]Z9J[0xffffffa4][0xffffffac]]j[0xfffffff1].P[0xffffffc2]MT[0xffffff8d][0xfffffffb][0xffffffa6]Np[0xc]|[0xffffffa2]j[0x4]LT[\r][0xffffffb3][0xffffffa3]R[0x18]pl[0xffffffa2]j[0xffffffc8]R[\n]"
23:31:41.212 [main] DEBUG org.apache.hc.client5.http.wire - http-outgoing-1 << "I[0xffffff89][0xffffff90][0xffffff89]*[0x1b]H[0xffffff86][0x12][0x1][0x13]U[0x12][0xffffffce]jJ[0x4]OT[0xffffffb9][0xfffffff2]d)[0xffffff91]7Q[0xffffffe5][0xffffffaa][0xffffff95][0xffffffa3]D[0xffffffca]D[0xffffff95][0x16][0xffffffef][0x2]%[0xffffffdc]D[0xffffffd5][0xfffffff5]8v[0xffffff8a][0x12][0xfffffff8]D[0xffffffd5][0x8][0xffffff98][0xffffffa8][0x1a]fG[0xffffffa5]0[0xffffffe0][0xffffffd8]D[0xffffffd5][0xffffff90][0xffffffa5][0x14][0xffffff92][0x12]![0x13]U6[0xffffff90][0xc]%[0x2]&[0xffffffaa]$[0xffffff9c][0xffffffd5][0xffffff94][0x8][0xffffff9e][0xffffffa8]r[0xffffffe5][0xffffffc9]R"o[0xffffffa2][0xffffffca]U+G[0xffffff89][0xffffff94][0xffffff89]*-[0xffffffde][0x5]J[0xffffffb8][0xffffff89][0xffffffaa][0xffffffeb]qc[0x7f][0xffffffe0][0xffffffc0]'[0xffffffaa]F[0xffffffc0]D[0xffffffd5]0;*[0xffffff85][0x1][0xffffffc7]&[0xffffffaa][0xffffff86],[0xffffffa5][0xffffff90][0xffffff94][0x8][0xffffff99][0xffffffa8][0xffffffb2][0xffffff81]d([0x11]0Q%[0xffffffe1][0xffffffac][0xffffffa6]D[0xfffffff0]D[0xffffff95]+O[0xffffff96][0x12]y[0x13]U[0xffffffae]Z9J[0xffffffa4]LTi[0xfffffff1].P[0xffffffc2]MT]m;)J[0xffffffe0][0x13]U#`[0xffffffa2]j[0xffffff98][0x1d][0xffffff95][0xffffffc2][0xffffff80]c[0x13]UC[0xffffff96]RHJ[0xffffff84]LT[0xffffffd9]@2[0xffffff94][0x8][0xffffff98][0xffffffa8][0xffffff92]pVS"x[0xffffffa2][0xffffffca][0xffffff95]'K[0xffffff89][0xffffffbc][0xffffff89]*W[0xffffffad][0x1c]%R&[0xffffffaa][0xffffffb4]x[0xffffff97]([0xffffffd1][0xffffffc2]([0xffffffd1]pJ[0xffffffb4][0x0]J4[0xffffff94][0x12][\r][0xffffffa3]DK[0xffffffa2][0xffffffc4][0x1c]E[0xffffff8a][0x12][0x1a]H[0xffffff8a][0x12]s,[0x9]J4[0xffffff98][0x12]-[0xffffff98][0x12]R[0xffffff9e]4%L[0xffffff97][0xffffffd2][0xffffff94][0xffffff90]j%)[0xffffffd1]R([0xffffffd1]~L[0x9][0xffffffb7]vy[0xffffff9d][\r];[0xc][0xffffff8a][0xffffffaf]][0xffffff8e][0xffffff80][0xffffffb5][0xffffffcb]a&[0xffffffd9][\n]"
23:31:41.212 [main] DEBUG org.apache.hc.client5.http.wire - http-outgoing-1 << "[0x3][0xffffff8e][0xffffffad]][0xe][0x19]]#)[0x11][0xffffffb2]vi[0x3][0xffffffc9]P"`[0xffffffed]R[0xffffffc2]YM[0xffffff89][0xffffffe0][0xffffffb5]KW[0xffffff9e],%[0xfffffff2][0xffffffd6].][0xffffffb5]r[0xffffff94]HY[0xffffffbb][0xffffffd4][0xffffffe2]][0xffffffa2][0xffffff84]y+[0xffffff81]R[0xffffff82]~+q[0x5][0xffffffbc][0xffffff95][0xffffffb8][0xffffff94][0xffffffce][0xffffffa5][0x1][0xffffffa7][0xffffffde]J\Io%4[0xffffff8a][0x14]%R[0xffffffde]Jh,[0x9]J[0xffffffb0]o%[0xffffffe6][0xffffff88]fQ"[0xffffffec][0xffffffad][0xffffff84][0xffffffed]R[0xffffff9a][0x12]Ao%[0xffffffa4]i9J[0xfffffffc][0xffffff8b][0xffffffb7][0x12]{[0x18]%v[0xffffff9c][0x12]{[0x0]%v[0xffffff94][0x12];F[0xffffff89]=[0xffffff89][0x12]s[0x14])Jh )J[0xffffffcc][0xffffffb1]$([0xffffffb1][0xffffffc3][0xffffff94][0xffffffd8][0xffffff83])![0xffffffe5]IS[0xffffffc2]t)M[0x9][0xffffffa9]V[0xffffff92][0x12]{[\n]"
23:31:41.212 [main] DEBUG org.apache.hc.client5.http.wire - http-outgoing-1 << "%[0xfffffff6]uJ[0xffffffb4][0xffffffe7][0xffffffbf][0xffffffe1][0xffffff86][0xffffffb3][0xffffffef][\r]8[0xc][0xfffffffa][0xffffffe7]y(J|y[0x2][0xffffff8c][0x12][0xffffffd3]3[0x14]S[0xffffffe2][0xffffffcb][0xffffffaf][0x17]S[0xffffffe2][0xffffffbf][0xffffffbf][0xc]S[0xffffffe2]e[0x14][0xffffff8b])[0xfffffff1][0xffffff97]@[0x16]S[0xffffffe2]e,[0xb])[0xfffffff1]"[0xffffff9c]e[0xffffff94]x[0x11][0xffffffd1][0x8]J[0xffffffbc].O[0xffffff88][0x12][0x7f][0xffffffeb]R[0xffffff88][0x12][0xffffffaf][0xffffffab][0x15][0xffffffa0][0xffffffc4][0xffffffab][0xffffffa6]-[0xffffffa7][0xffffffc4][0xffffffab][0xffffffe2][0xfffffffd]>%.7[0xffffff9c]}[0xffffffef][0xfffffffb][0xffffff80](q[0xffffff81][0xffffffc3][0xffffffd9]_[0xffffff9e][0x0][0xffffffa6][0xffffffc4]e[0xffffffd6]][0xffffffeb][0x2]~[0x1][0xffffffc3][0xffffffd9][0xffffffff][0xfffffffd][0xffffffe5][0x8]J[0xffffff98]("[0xffffff94][0xffffffb0][0xffffff81]D(abYN[0x9][0x9]g1%$[0xffffffa2]A[0xffffff94]p[0xffffffe5][0xffffff89]R[0xffffffc2]w)J[0x9]W[0xffffffad][0x18]%[0xffffffb4]i!Jh[0xfffffff1].Pbs[0xffffff94][0x18][0x7]F[0xffffff89][\r][0xffffffa7][0xffffffc4][0x16]@[0xffffff89]M[0xfffffff3]^[0x18][0xfffffff0][\r][0xffffffa3][0xffffffc4][0xffffff96]D[0x9][0xffffff8d]"C[0x9][0x17]H[0xffffff86][0x12][0x1a][0xffffffcb]zJ[0xffffffcc][0xffffffe1][0xffffffac][0xffffffa6][0xffffffc4][0x1c][0xffffffd1]$J[0xffffff98][0xfffffff2]d)a[0xffffffbb][0xffffff94][0xffffffa5][0xffffff84][0xffffffa9]V[0xffffff8e][0x12][0xffffffd2][0xffffffb4][0x14]%[0xffffffa4]x[0x17]([0xffffffb1]+%[0xffffffc6]c[0x1f][0xffffffd4][0x1f]8[0xffffffde][0xffffff9f][0x7][0xffffffa6][0xffffffc4][0x1e]@[0xffffff89]][0xfffffff3]^[0x18][0xfffffff0][0x1d][0xffffffa3][0xffffffc4][0xffffff9e]D[0x9][0xffffff8d]"C[0x9][0x17]H[0xffffff86][0x12][0x1a][0xffffffcb]zJ[0xffffffcc][0xffffffe1][0xffffffac][0xffffffa6][0xffffffc4][0x1c][0xffffffd1]$J[0xffffff98][0xfffffff2]d)a[0xffffffbb][0xffffff94][0xffffffa5][0xffffff84][0xffffffa9]V[0xffffff8e][0x12][0xffffffd2][0xffffffb4][0x14]%[0xffffffa4]x[0x17](a[0xffffffee][0xffffffe0][0x18][0xffffff8f][0xfffffff3][0xffffffe3][0xffffffff]/[0xffffff84][0x12][0xffffffe0][0x1d][0x1c]_[0xffffff9e][0xffffff80][0xffffffa6][0x4]t[0x7][0xffffffc7][0xffffff97]_g([0xffffff91]q[0x7][0xffffffc7][0xffffffcb](2[0xffffff94][0x8][0xffffffb8][0xffffff83][0xffffffe3]e,[0xffffffeb])[0xffffff81][0xffffffdd][0xffffffc1][0xfffffff1]"[0xffffffa2]I[0xffffff94][0xffffffc8][0xffffffb9][0xffffff83][0xffffffe3]o][0xffffffca]R"[0xffffffe3][0xe][0xffffff8e]WMKQ[0xffffffe2]Gwp|[0xfffffffe][0x1b][0xffffffe6][0xe][0xffffff8e][0xfffffff1][0xffffffb8][0xfffffff7][0xffffff83][0xffffffa2][0x4]x[0x7][0xffffffc7][0xffffff97]'[0xffffffa0])[0x1][0xffffffdd][0xffffffc1][0xfffffff1][0xffffffe5][0xffffffd7][0x19]Jd[0xffffffdc][0xffffffc1][0xfffffff1]2[0xffffff8a][0xc]%[0x2][0xffffffee][0xffffffe0]x[0x19][0xffffffcb]zJ`wp[0xffffffbc][0xffffff88]h[0x12]%r[0xffffffee][0xffffffe0][0xfffffff8][[0xffffff97][0xffffffb2][0xffffff94][0xffffffc8][0xffffffb8][0xffffff83][0xffffffe3]U[0xffffffd3]R[0xffffff94][0xfffffff8][0xffffffd1][0x1d][0x1c][0xffffff9f][0xffffffff][0xffffff86][0xffffffb9][0xffffff83][0xffffffe3][0xffffff8d][0x12]7F[0x9][0xfffffff0][0xe][0xffffff8e]/O@S[0x2][0xffffffba][0xffffff83][0xffffffe3][0xffffffcb][0xffffffaf]3[0xffffff94][0xffffffc8][0xffffffb8][0xffffff83][0xffffffe3]e[0x14][0x19]J[0x4][0xffffffdc][0xffffffc1][0xfffffff1]2[0xffffff96][0xfffffff5][0xffffff94][0xffffffc0][0xffffffee][0xffffffe0]x[0x11][0xffffffd1]$J[0xffffffe4][0xffffffdc][0xffffffc1]"
23:31:41.216 [main] DEBUG org.apache.hc.client5.http.wire - http-outgoing-1 << "[0xfffffff1][0xffffffb7].e)[0xffffff91]q[0x7][0xffffffc7][0xffffffab][0xffffffa6][0xffffffa5]([0xfffffff1][0xffffffa3];8>[0xffffffff][\r]s[0x7][0xffffffc7][0xffffffd8][0x1e][0xffffffbd]S[0xffffff94][0x0][0xffffffef][0xffffffe0][0xfffffff8][0xfffffff2][0x4]4%[0xffffffa0];8[0xffffffbe][0xfffffffc]:C[0xffffff89][0xffffff8c];8^F[0xffffff91][0xffffffa1]D[0xffffffc0][0x1d][0x1c]/cYO[0x9][0xffffffec][0xe][0xffffff8e][0x17][0x11]M[0xffffffa2]D[0xffffffce][0x1d][0x1c][0x7f][0xffffffeb]R[0xffffff96][0x12][0x19]wp[0xffffffbc]jZ[0xffffff8a][0x12]?[0xffffffba][0xffffff83][0xffffffe3][0xfffffff3][0xffffffdf]0[0xffffffc3][0xffffffd9]c[0xffffffdb]6[0xffffffec][[0x9]p8[0xfffffffb][0xffffffcb][0x13][0xffffffd0][0xffffff94][0xffffff80][0xffffff86][0xffffffb3][0xffffffbf][0xfffffffc]:C[0xffffff89][0xffffff8c][0xffffffe1][0xffffffec][0xffffff97]Qd([0x11]0[0xffffff9c][0xfffffffd]2[0xffffff96][0xfffffff5][0xffffff94][0xffffffc0][0xffffff86][0xffffffb3]_D4[0xffffff89][0x12]9[0xffffffc3][0xffffffd9][0x7f][0xffffffeb]R[0xffffff96][0x12][0x19][0xffffffc3][0xffffffd9][0xffffffaf][0xffffff9a][0xffffff96][0xffffffa2][0xffffffc4][0xfffffff7][0xffffff86][0xffffffb3][0xffffffff][0xffffffef][0xffffffff][0xfffffffb]?[0xffffffff][0x1f][0x16]n[0xb][0xffffffdb]r[0xffffff9b][0x1d][0x0]"
23:31:41.219 [main] DEBUG org.apache.hc.client5.http.impl.classic.InternalHttpClient - ep-0000000002 releasing valid endpoint
23:31:41.220 [main] DEBUG org.apache.hc.client5.http.impl.io.PoolingHttpClientConnectionManager - ep-0000000002 releasing endpoint
23:31:41.220 [main] DEBUG org.apache.hc.client5.http.impl.io.PoolingHttpClientConnectionManager - ep-0000000002 connection http-outgoing-1 can be kept alive for 3 MINUTES
23:31:41.220 [main] DEBUG org.apache.hc.client5.http.impl.io.PoolingHttpClientConnectionManager - ep-0000000002 connection released [route: {s}->https://googlechromelabs.github.io:443][total available: 2; route allocated: 1 of 5; total allocated: 2 of 25]
23:31:41.225 [main] INFO io.github.bonigarcia.wdm.WebDriverManager - Using chromedriver 130.0.6723.58 (resolved driver for Chrome 130)
23:31:41.230 [main] DEBUG io.github.bonigarcia.wdm.cache.ResolutionCache - Storing resolution chrome=130 in cache (valid until 00:31:41 21/10/2024 CDT)
23:31:41.232 [main] DEBUG io.github.bonigarcia.wdm.cache.ResolutionCache - Storing resolution chrome130=130.0.6723.58 in cache (valid until 23:31:41 21/10/2024 CDT)
23:31:41.259 [main] DEBUG io.github.bonigarcia.wdm.WebDriverManager - Driver chromedriver 130.0.6723.58 found in cache
23:31:41.262 [main] INFO io.github.bonigarcia.wdm.WebDriverManager - Exporting webdriver.chrome.driver as C:\Users\ravit\.cache\selenium\chromedriver\win64\130.0.6723.58\chromedriver.exe
This is the user Id::vxs0570@mavs.uta.edu and This is the Invalid password::WrongPassword
]]></system-out>
    <system-err><![CDATA[Starting ChromeDriver 130.0.6723.58 (3a50e012e4c9b8a410a4e2b12bf577e69ee8f755-refs/branch-heads/6723@{#1353}) on port 5986
Only local connections are allowed.
Please see https://chromedriver.chromium.org/security-considerations for suggestions on keeping ChromeDriver safe.
ChromeDriver was started successfully on port 5986.
Oct 20, 2024 11:31:42 PM org.openqa.selenium.remote.ProtocolHandshake createSession
INFO: Detected dialect: W3C
]]></system-err>
  </testcase>
  <testcase name="testLoginWithWrongCreds" classname="test.com.assignment2.selenium_test.SelinumTest" time="19.164">
    <system-out><![CDATA[23:32:39.692 [main] DEBUG io.github.bonigarcia.wdm.cache.ResolutionCache - Resolution chrome=130 in cache (valid until 00:31:41 21/10/2024 CDT)
23:32:39.694 [main] DEBUG io.github.bonigarcia.wdm.cache.ResolutionCache - Resolution chrome130=130.0.6723.58 in cache (valid until 23:31:41 21/10/2024 CDT)
23:32:39.694 [main] INFO io.github.bonigarcia.wdm.WebDriverManager - Using chromedriver 130.0.6723.58 (resolved driver for Chrome 130)
23:32:39.720 [main] DEBUG io.github.bonigarcia.wdm.WebDriverManager - Driver chromedriver 130.0.6723.58 found in cache
23:32:39.722 [main] INFO io.github.bonigarcia.wdm.WebDriverManager - Exporting webdriver.chrome.driver as C:\Users\ravit\.cache\selenium\chromedriver\win64\130.0.6723.58\chromedriver.exe
This is the user Id::vxs0570@mavs.uta.edu and This is the Invalid password::WrongPassword
]]></system-out>
    <system-err><![CDATA[Starting ChromeDriver 130.0.6723.58 (3a50e012e4c9b8a410a4e2b12bf577e69ee8f755-refs/branch-heads/6723@{#1353}) on port 5853
Only local connections are allowed.
Please see https://chromedriver.chromium.org/security-considerations for suggestions on keeping ChromeDriver safe.
ChromeDriver was started successfully on port 5853.
Oct 20, 2024 11:32:40 PM org.openqa.selenium.remote.ProtocolHandshake createSession
INFO: Detected dialect: W3C
]]></system-err>
  </testcase>
  <testcase name="testLoginWithWrongCreds1" classname="test.com.assignment2.selenium_test.SelinumTest" time="18.954">
    <system-out><![CDATA[23:32:01.528 [main] DEBUG io.github.bonigarcia.wdm.cache.ResolutionCache - Resolution chrome=130 in cache (valid until 00:31:41 21/10/2024 CDT)
23:32:01.529 [main] DEBUG io.github.bonigarcia.wdm.cache.ResolutionCache - Resolution chrome130=130.0.6723.58 in cache (valid until 23:31:41 21/10/2024 CDT)
23:32:01.530 [main] INFO io.github.bonigarcia.wdm.WebDriverManager - Using chromedriver 130.0.6723.58 (resolved driver for Chrome 130)
23:32:01.544 [main] DEBUG io.github.bonigarcia.wdm.WebDriverManager - Driver chromedriver 130.0.6723.58 found in cache
23:32:01.545 [main] INFO io.github.bonigarcia.wdm.WebDriverManager - Exporting webdriver.chrome.driver as C:\Users\ravit\.cache\selenium\chromedriver\win64\130.0.6723.58\chromedriver.exe
This is the user Id::null and This is the Invalid password::SE2@Assignment2
]]></system-out>
    <system-err><![CDATA[Starting ChromeDriver 130.0.6723.58 (3a50e012e4c9b8a410a4e2b12bf577e69ee8f755-refs/branch-heads/6723@{#1353}) on port 60447
Only local connections are allowed.
Please see https://chromedriver.chromium.org/security-considerations for suggestions on keeping ChromeDriver safe.
ChromeDriver was started successfully on port 60447.
Oct 20, 2024 11:32:02 PM org.openqa.selenium.remote.ProtocolHandshake createSession
INFO: Detected dialect: W3C
]]></system-err>
  </testcase>
  <testcase name="testLoginWithWrongCreds1" classname="test.com.assignment2.selenium_test.SelinumTest" time="19.001">
    <system-out><![CDATA[23:32:58.844 [main] DEBUG io.github.bonigarcia.wdm.cache.ResolutionCache - Resolution chrome=130 in cache (valid until 00:31:41 21/10/2024 CDT)
23:32:58.845 [main] DEBUG io.github.bonigarcia.wdm.cache.ResolutionCache - Resolution chrome130=130.0.6723.58 in cache (valid until 23:31:41 21/10/2024 CDT)
23:32:58.845 [main] INFO io.github.bonigarcia.wdm.WebDriverManager - Using chromedriver 130.0.6723.58 (resolved driver for Chrome 130)
23:32:58.855 [main] DEBUG io.github.bonigarcia.wdm.WebDriverManager - Driver chromedriver 130.0.6723.58 found in cache
23:32:58.856 [main] INFO io.github.bonigarcia.wdm.WebDriverManager - Exporting webdriver.chrome.driver as C:\Users\ravit\.cache\selenium\chromedriver\win64\130.0.6723.58\chromedriver.exe
This is the user Id::null and This is the Invalid password::SE2@Assignment2
]]></system-out>
    <system-err><![CDATA[Starting ChromeDriver 130.0.6723.58 (3a50e012e4c9b8a410a4e2b12bf577e69ee8f755-refs/branch-heads/6723@{#1353}) on port 26530
Only local connections are allowed.
Please see https://chromedriver.chromium.org/security-considerations for suggestions on keeping ChromeDriver safe.
ChromeDriver was started successfully on port 26530.
Oct 20, 2024 11:32:59 PM org.openqa.selenium.remote.ProtocolHandshake createSession
INFO: Detected dialect: W3C
]]></system-err>
  </testcase>
  <testcase name="testLoginWithCorrectCreds" classname="test.com.assignment2.selenium_test.SelinumTest" time="19.18">
    <system-out><![CDATA[23:32:20.484 [main] DEBUG io.github.bonigarcia.wdm.cache.ResolutionCache - Resolution chrome=130 in cache (valid until 00:31:41 21/10/2024 CDT)
23:32:20.485 [main] DEBUG io.github.bonigarcia.wdm.cache.ResolutionCache - Resolution chrome130=130.0.6723.58 in cache (valid until 23:31:41 21/10/2024 CDT)
23:32:20.485 [main] INFO io.github.bonigarcia.wdm.WebDriverManager - Using chromedriver 130.0.6723.58 (resolved driver for Chrome 130)
23:32:20.499 [main] DEBUG io.github.bonigarcia.wdm.WebDriverManager - Driver chromedriver 130.0.6723.58 found in cache
23:32:20.501 [main] INFO io.github.bonigarcia.wdm.WebDriverManager - Exporting webdriver.chrome.driver as C:\Users\ravit\.cache\selenium\chromedriver\win64\130.0.6723.58\chromedriver.exe
This is the user Id::vxs0570@mavs.uta.edu and This is the Valid password::SE2@Assignment2
]]></system-out>
    <system-err><![CDATA[Starting ChromeDriver 130.0.6723.58 (3a50e012e4c9b8a410a4e2b12bf577e69ee8f755-refs/branch-heads/6723@{#1353}) on port 12626
Only local connections are allowed.
Please see https://chromedriver.chromium.org/security-considerations for suggestions on keeping ChromeDriver safe.
ChromeDriver was started successfully on port 12626.
Oct 20, 2024 11:32:21 PM org.openqa.selenium.remote.ProtocolHandshake createSession
INFO: Detected dialect: W3C
]]></system-err>
  </testcase>
  <testcase name="testLoginWithCorrectCreds" classname="test.com.assignment2.selenium_test.SelinumTest" time="18.888">
    <system-out><![CDATA[23:33:17.844 [main] DEBUG io.github.bonigarcia.wdm.cache.ResolutionCache - Resolution chrome=130 in cache (valid until 00:31:41 21/10/2024 CDT)
23:33:17.845 [main] DEBUG io.github.bonigarcia.wdm.cache.ResolutionCache - Resolution chrome130=130.0.6723.58 in cache (valid until 23:31:41 21/10/2024 CDT)
23:33:17.845 [main] INFO io.github.bonigarcia.wdm.WebDriverManager - Using chromedriver 130.0.6723.58 (resolved driver for Chrome 130)
23:33:17.854 [main] DEBUG io.github.bonigarcia.wdm.WebDriverManager - Driver chromedriver 130.0.6723.58 found in cache
23:33:17.854 [main] INFO io.github.bonigarcia.wdm.WebDriverManager - Exporting webdriver.chrome.driver as C:\Users\ravit\.cache\selenium\chromedriver\win64\130.0.6723.58\chromedriver.exe
This is the user Id::vxs0570@mavs.uta.edu and This is the Valid password::SE2@Assignment2
]]></system-out>
    <system-err><![CDATA[Starting ChromeDriver 130.0.6723.58 (3a50e012e4c9b8a410a4e2b12bf577e69ee8f755-refs/branch-heads/6723@{#1353}) on port 50647
Only local connections are allowed.
Please see https://chromedriver.chromium.org/security-considerations for suggestions on keeping ChromeDriver safe.
ChromeDriver was started successfully on port 50647.
Oct 20, 2024 11:33:18 PM org.openqa.selenium.remote.ProtocolHandshake createSession
INFO: Detected dialect: W3C
]]></system-err>
  </testcase>
</testsuite>