<?xml version="1.0" encoding="UTF-8"?>
<testsuite xmlns:xsi="http://www.w3.org/2001/XMLSchema-instance" xsi:noNamespaceSchemaLocation="https://maven.apache.org/surefire/maven-surefire-plugin/xsd/surefire-test-report.xsd" version="3.0.2" name="test.com.assignment2.selenium_test.SelinumTest" time="30.73" tests="3" errors="3" skipped="0" failures="0">
  <properties>
[...]
</properties>
  <testcase name="testLoginWithWrongCreds" classname="test.com.assignment2.selenium_test.SelinumTest" time="11.87">
    <error message="session not created&#10;from unknown error: cannot find Chrome binary&#10;Build info: version: &apos;3.141.59&apos;, revision: &apos;e82be7d358&apos;, time: &apos;2018-11-14T08:17:03&apos;&#10;System info: host: &apos;codespaces-5e54c8&apos;, ip: &apos;127.0.0.1&apos;, os.name: &apos;Linux&apos;, os.arch: &apos;amd64&apos;, os.version: &apos;6.5.0-1025-azure&apos;, java.version: &apos;11.0.14.1&apos;&#10;Driver info: driver.version: ChromeDriver&#10;remote stacktrace: #0 0x5a96469840aa &lt;unknown&gt;&#10;#1 0x5a964649b1a0 &lt;unknown&gt;&#10;#2 0x5a96464ce683 &lt;unknown&gt;&#10;#3 0x5a96464cc885 &lt;unknown&gt;&#10;#4 0x5a9646517ec6 &lt;unknown&gt;&#10;#5 0x5a9646517516 &lt;unknown&gt;&#10;#6 0x5a964650bb23 &lt;unknown&gt;&#10;#7 0x5a96464da990 &lt;unknown&gt;&#10;#8 0x5a96464db96e &lt;unknown&gt;&#10;#9 0x5a964695016b &lt;unknown&gt;&#10;#10 0x5a9646953f68 &lt;unknown&gt;&#10;#11 0x5a964693d64c &lt;unknown&gt;&#10;#12 0x5a9646954ae7 &lt;unknown&gt;&#10;#13 0x5a96469224af &lt;unknown&gt;&#10;#14 0x5a96469724f8 &lt;unknown&gt;&#10;#15 0x5a96469726c0 &lt;unknown&gt;&#10;#16 0x5a9646982f26 &lt;unknown&gt;&#10;#17 0x716a4a6f7609 start_thread&#10;" type="org.openqa.selenium.SessionNotCreatedException"><![CDATA[org.openqa.selenium.SessionNotCreatedException: 
session not created
from unknown error: cannot find Chrome binary
Build info: version: '3.141.59', revision: 'e82be7d358', time: '2018-11-14T08:17:03'
System info: host: 'codespaces-5e54c8', ip: '127.0.0.1', os.name: 'Linux', os.arch: 'amd64', os.version: '6.5.0-1025-azure', java.version: '11.0.14.1'
Driver info: driver.version: ChromeDriver
remote stacktrace: #0 0x5a96469840aa <unknown>
#1 0x5a964649b1a0 <unknown>
#2 0x5a96464ce683 <unknown>
#3 0x5a96464cc885 <unknown>
#4 0x5a9646517ec6 <unknown>
#5 0x5a9646517516 <unknown>
#6 0x5a964650bb23 <unknown>
#7 0x5a96464da990 <unknown>
#8 0x5a96464db96e <unknown>
#9 0x5a964695016b <unknown>
#10 0x5a9646953f68 <unknown>
#11 0x5a964693d64c <unknown>
#12 0x5a9646954ae7 <unknown>
#13 0x5a96469224af <unknown>
#14 0x5a96469724f8 <unknown>
#15 0x5a96469726c0 <unknown>
#16 0x5a9646982f26 <unknown>
#17 0x716a4a6f7609 start_thread

	at java.base/jdk.internal.reflect.NativeConstructorAccessorImpl.newInstance0(Native Method)
	at java.base/jdk.internal.reflect.NativeConstructorAccessorImpl.newInstance(NativeConstructorAccessorImpl.java:62)
	at java.base/jdk.internal.reflect.DelegatingConstructorAccessorImpl.newInstance(DelegatingConstructorAccessorImpl.java:45)
	at java.base/java.lang.reflect.Constructor.newInstance(Constructor.java:490)
	at org.openqa.selenium.remote.W3CHandshakeResponse.lambda$errorHandler$0(W3CHandshakeResponse.java:62)
	at org.openqa.selenium.remote.HandshakeResponse.lambda$getResponseFunction$0(HandshakeResponse.java:30)
	at org.openqa.selenium.remote.ProtocolHandshake.lambda$createSession$0(ProtocolHandshake.java:126)
	at java.base/java.util.stream.ReferencePipeline$3$1.accept(ReferencePipeline.java:195)
	at java.base/java.util.Spliterators$ArraySpliterator.tryAdvance(Spliterators.java:958)
	at java.base/java.util.stream.ReferencePipeline.forEachWithCancel(ReferencePipeline.java:127)
	at java.base/java.util.stream.AbstractPipeline.copyIntoWithCancel(AbstractPipeline.java:502)
	at java.base/java.util.stream.AbstractPipeline.copyInto(AbstractPipeline.java:488)
	at java.base/java.util.stream.AbstractPipeline.wrapAndCopyInto(AbstractPipeline.java:474)
	at java.base/java.util.stream.FindOps$FindOp.evaluateSequential(FindOps.java:150)
	at java.base/java.util.stream.AbstractPipeline.evaluate(AbstractPipeline.java:234)
	at java.base/java.util.stream.ReferencePipeline.findFirst(ReferencePipeline.java:543)
	at org.openqa.selenium.remote.ProtocolHandshake.createSession(ProtocolHandshake.java:128)
	at org.openqa.selenium.remote.ProtocolHandshake.createSession(ProtocolHandshake.java:74)
	at org.openqa.selenium.remote.HttpCommandExecutor.execute(HttpCommandExecutor.java:136)
	at org.openqa.selenium.remote.service.DriverCommandExecutor.execute(DriverCommandExecutor.java:83)
	at org.openqa.selenium.remote.RemoteWebDriver.execute(RemoteWebDriver.java:552)
	at org.openqa.selenium.remote.RemoteWebDriver.startSession(RemoteWebDriver.java:213)
	at org.openqa.selenium.remote.RemoteWebDriver.<init>(RemoteWebDriver.java:131)
	at org.openqa.selenium.chrome.ChromeDriver.<init>(ChromeDriver.java:181)
	at org.openqa.selenium.chrome.ChromeDriver.<init>(ChromeDriver.java:168)
	at org.openqa.selenium.chrome.ChromeDriver.<init>(ChromeDriver.java:123)
	at com.assignment2.selenium_test.DriverCall.chromeDriverCall(DriverCall.java:36)
	at com.assignment2.selenium_test.DriverCall.driverCall(DriverCall.java:24)
	at test.com.assignment2.selenium_test.SelinumTest.testSetUp(SelinumTest.java:42)
	at java.base/java.lang.reflect.Method.invoke(Method.java:566)
	at java.base/java.util.ArrayList.forEach(ArrayList.java:1541)
	at java.base/java.util.ArrayList.forEach(ArrayList.java:1541)
	Suppressed: java.lang.NullPointerException
		at test.com.assignment2.selenium_test.SelinumTest.testTearDown(SelinumTest.java:80)
		... 3 more
]]></error>
    <system-out><![CDATA[01:07:31.231 [main] DEBUG org.apache.hc.client5.http.impl.classic.InternalHttpClient - ex-0000000001 preparing request execution
01:07:31.320 [main] DEBUG org.apache.hc.client5.http.impl.classic.ProtocolExec - ex-0000000001 target auth state: UNCHALLENGED
01:07:31.321 [main] DEBUG org.apache.hc.client5.http.impl.classic.ProtocolExec - ex-0000000001 proxy auth state: UNCHALLENGED
01:07:31.321 [main] DEBUG org.apache.hc.client5.http.impl.classic.ConnectExec - ex-0000000001 acquiring connection with route {s}->https://raw.githubusercontent.com:443
01:07:31.321 [main] DEBUG org.apache.hc.client5.http.impl.classic.InternalHttpClient - ex-0000000001 acquiring endpoint (3 MINUTES)
01:07:31.323 [main] DEBUG org.apache.hc.client5.http.impl.io.PoolingHttpClientConnectionManager - ex-0000000001 endpoint lease request (3 MINUTES) [route: {s}->https://raw.githubusercontent.com:443][total available: 0; route allocated: 0 of 5; total allocated: 0 of 25]
01:07:31.367 [main] DEBUG org.apache.hc.client5.http.impl.io.PoolingHttpClientConnectionManager - ex-0000000001 endpoint leased [route: {s}->https://raw.githubusercontent.com:443][total available: 0; route allocated: 1 of 5; total allocated: 1 of 25]
01:07:31.391 [main] DEBUG org.apache.hc.client5.http.impl.io.PoolingHttpClientConnectionManager - ex-0000000001 acquired ep-0000000001
01:07:31.391 [main] DEBUG org.apache.hc.client5.http.impl.classic.InternalHttpClient - ex-0000000001 acquired endpoint ep-0000000001
01:07:31.392 [main] DEBUG org.apache.hc.client5.http.impl.classic.ConnectExec - ex-0000000001 opening connection {s}->https://raw.githubusercontent.com:443
01:07:31.393 [main] DEBUG org.apache.hc.client5.http.impl.classic.InternalHttpClient - ep-0000000001 connecting endpoint (null)
01:07:31.400 [main] DEBUG org.apache.hc.client5.http.impl.io.PoolingHttpClientConnectionManager - ep-0000000001 connecting endpoint to https://raw.githubusercontent.com:443 (30 SECONDS)
01:07:31.401 [main] DEBUG org.apache.hc.client5.http.impl.io.DefaultHttpClientConnectionOperator - raw.githubusercontent.com resolving remote address
01:07:31.413 [main] DEBUG org.apache.hc.client5.http.impl.io.DefaultHttpClientConnectionOperator - raw.githubusercontent.com resolved to [raw.githubusercontent.com/185.199.108.133, raw.githubusercontent.com/185.199.110.133, raw.githubusercontent.com/185.199.111.133, raw.githubusercontent.com/185.199.109.133, raw.githubusercontent.com/2606:50c0:8002:0:0:0:0:154, raw.githubusercontent.com/2606:50c0:8000:0:0:0:0:154, raw.githubusercontent.com/2606:50c0:8003:0:0:0:0:154, raw.githubusercontent.com/2606:50c0:8001:0:0:0:0:154]
01:07:31.422 [main] DEBUG org.apache.hc.client5.http.impl.io.DefaultHttpClientConnectionOperator - raw.githubusercontent.com:443 connecting null->raw.githubusercontent.com/185.199.108.133:443 (30 SECONDS)
01:07:31.422 [main] DEBUG org.apache.hc.client5.http.ssl.SSLConnectionSocketFactory - Connecting socket to raw.githubusercontent.com/185.199.108.133:443 with timeout 30 SECONDS
01:07:31.489 [main] DEBUG org.apache.hc.client5.http.ssl.SSLConnectionSocketFactory - Enabled protocols: [TLSv1.3, TLSv1.2]
01:07:31.489 [main] DEBUG org.apache.hc.client5.http.ssl.SSLConnectionSocketFactory - Enabled cipher suites: [TLS_AES_256_GCM_SHA384, TLS_AES_128_GCM_SHA256, TLS_CHACHA20_POLY1305_SHA256, TLS_ECDHE_ECDSA_WITH_AES_256_GCM_SHA384, TLS_ECDHE_ECDSA_WITH_AES_128_GCM_SHA256, TLS_ECDHE_ECDSA_WITH_CHACHA20_POLY1305_SHA256, TLS_ECDHE_RSA_WITH_AES_256_GCM_SHA384, TLS_ECDHE_RSA_WITH_CHACHA20_POLY1305_SHA256, TLS_ECDHE_RSA_WITH_AES_128_GCM_SHA256, TLS_DHE_RSA_WITH_AES_256_GCM_SHA384, TLS_DHE_RSA_WITH_CHACHA20_POLY1305_SHA256, TLS_DHE_DSS_WITH_AES_256_GCM_SHA384, TLS_DHE_RSA_WITH_AES_128_GCM_SHA256, TLS_DHE_DSS_WITH_AES_128_GCM_SHA256, TLS_ECDHE_ECDSA_WITH_AES_256_CBC_SHA384, TLS_ECDHE_RSA_WITH_AES_256_CBC_SHA384, TLS_ECDHE_ECDSA_WITH_AES_128_CBC_SHA256, TLS_ECDHE_RSA_WITH_AES_128_CBC_SHA256, TLS_DHE_RSA_WITH_AES_256_CBC_SHA256, TLS_DHE_DSS_WITH_AES_256_CBC_SHA256, TLS_DHE_RSA_WITH_AES_128_CBC_SHA256, TLS_DHE_DSS_WITH_AES_128_CBC_SHA256, TLS_ECDH_ECDSA_WITH_AES_256_GCM_SHA384, TLS_ECDH_RSA_WITH_AES_256_GCM_SHA384, TLS_ECDH_ECDSA_WITH_AES_128_GCM_SHA256, TLS_ECDH_RSA_WITH_AES_128_GCM_SHA256, TLS_ECDH_ECDSA_WITH_AES_256_CBC_SHA384, TLS_ECDH_RSA_WITH_AES_256_CBC_SHA384, TLS_ECDH_ECDSA_WITH_AES_128_CBC_SHA256, TLS_ECDH_RSA_WITH_AES_128_CBC_SHA256, TLS_ECDHE_ECDSA_WITH_AES_256_CBC_SHA, TLS_ECDHE_RSA_WITH_AES_256_CBC_SHA, TLS_ECDHE_ECDSA_WITH_AES_128_CBC_SHA, TLS_ECDHE_RSA_WITH_AES_128_CBC_SHA, TLS_DHE_RSA_WITH_AES_256_CBC_SHA, TLS_DHE_DSS_WITH_AES_256_CBC_SHA, TLS_DHE_RSA_WITH_AES_128_CBC_SHA, TLS_DHE_DSS_WITH_AES_128_CBC_SHA, TLS_ECDH_ECDSA_WITH_AES_256_CBC_SHA, TLS_ECDH_RSA_WITH_AES_256_CBC_SHA, TLS_ECDH_ECDSA_WITH_AES_128_CBC_SHA, TLS_ECDH_RSA_WITH_AES_128_CBC_SHA, TLS_RSA_WITH_AES_256_GCM_SHA384, TLS_RSA_WITH_AES_128_GCM_SHA256, TLS_RSA_WITH_AES_256_CBC_SHA256, TLS_RSA_WITH_AES_128_CBC_SHA256, TLS_RSA_WITH_AES_256_CBC_SHA, TLS_RSA_WITH_AES_128_CBC_SHA, TLS_EMPTY_RENEGOTIATION_INFO_SCSV]
01:07:31.490 [main] DEBUG org.apache.hc.client5.http.ssl.SSLConnectionSocketFactory - Starting handshake (null)
01:07:31.701 [main] DEBUG org.apache.hc.client5.http.ssl.SSLConnectionSocketFactory - Secure session established
01:07:31.701 [main] DEBUG org.apache.hc.client5.http.ssl.SSLConnectionSocketFactory -  negotiated protocol: TLSv1.3
01:07:31.701 [main] DEBUG org.apache.hc.client5.http.ssl.SSLConnectionSocketFactory -  negotiated cipher suite: TLS_AES_128_GCM_SHA256
01:07:31.701 [main] DEBUG org.apache.hc.client5.http.ssl.SSLConnectionSocketFactory -  peer principal: CN=*.github.io, O="GitHub, Inc.", L=San Francisco, ST=California, C=US
01:07:31.711 [main] DEBUG org.apache.hc.client5.http.ssl.SSLConnectionSocketFactory -  peer alternative names: [*.github.io, github.io, githubusercontent.com, www.github.com, *.github.com, *.githubusercontent.com, github.com]
01:07:31.711 [main] DEBUG org.apache.hc.client5.http.ssl.SSLConnectionSocketFactory -  issuer principal: CN=DigiCert Global G2 TLS RSA SHA256 2020 CA1, O=DigiCert Inc, C=US
01:07:31.712 [main] DEBUG org.apache.hc.client5.http.impl.io.DefaultManagedHttpClientConnection - http-outgoing-0 set socket timeout to 3 MINUTES
01:07:31.713 [main] DEBUG org.apache.hc.client5.http.impl.io.DefaultHttpClientConnectionOperator - raw.githubusercontent.com:443 connected null->raw.githubusercontent.com/185.199.108.133:443 as http-outgoing-0
01:07:31.713 [main] DEBUG org.apache.hc.client5.http.impl.io.PoolingHttpClientConnectionManager - ep-0000000001 connected http-outgoing-0
01:07:31.713 [main] DEBUG org.apache.hc.client5.http.impl.classic.InternalHttpClient - ep-0000000001 endpoint connected
01:07:31.713 [main] DEBUG org.apache.hc.client5.http.impl.classic.MainClientExec - ex-0000000001 executing GET /bonigarcia/webdrivermanager/master/src/main/resources/commands.properties HTTP/1.1
01:07:31.714 [main] DEBUG org.apache.hc.client5.http.protocol.RequestAddCookies - ex-0000000001 Cookie spec selected: strict
01:07:31.734 [main] DEBUG org.apache.hc.client5.http.impl.classic.InternalHttpClient - ep-0000000001 start execution ex-0000000001
01:07:31.742 [main] DEBUG org.apache.hc.client5.http.impl.io.PoolingHttpClientConnectionManager - ep-0000000001 executing exchange ex-0000000001 over http-outgoing-0
01:07:31.743 [main] DEBUG org.apache.hc.client5.http.headers - http-outgoing-0 >> GET /bonigarcia/webdrivermanager/master/src/main/resources/commands.properties HTTP/1.1
01:07:31.743 [main] DEBUG org.apache.hc.client5.http.headers - http-outgoing-0 >> user-agent: Apache-HttpClient/5.0
01:07:31.743 [main] DEBUG org.apache.hc.client5.http.headers - http-outgoing-0 >> accept-encoding: gzip, deflate, br
01:07:31.743 [main] DEBUG org.apache.hc.client5.http.headers - http-outgoing-0 >> cache-control: max-age=0
01:07:31.744 [main] DEBUG org.apache.hc.client5.http.headers - http-outgoing-0 >> connection: keep-alive
01:07:31.744 [main] DEBUG org.apache.hc.client5.http.headers - http-outgoing-0 >> Host: raw.githubusercontent.com
01:07:31.744 [main] DEBUG org.apache.hc.client5.http.wire - http-outgoing-0 >> "GET /bonigarcia/webdrivermanager/master/src/main/resources/commands.properties HTTP/1.1[\r][\n]"
01:07:31.744 [main] DEBUG org.apache.hc.client5.http.wire - http-outgoing-0 >> "user-agent: Apache-HttpClient/5.0[\r][\n]"
01:07:31.744 [main] DEBUG org.apache.hc.client5.http.wire - http-outgoing-0 >> "accept-encoding: gzip, deflate, br[\r][\n]"
01:07:31.744 [main] DEBUG org.apache.hc.client5.http.wire - http-outgoing-0 >> "cache-control: max-age=0[\r][\n]"
01:07:31.744 [main] DEBUG org.apache.hc.client5.http.wire - http-outgoing-0 >> "connection: keep-alive[\r][\n]"
01:07:31.744 [main] DEBUG org.apache.hc.client5.http.wire - http-outgoing-0 >> "Host: raw.githubusercontent.com[\r][\n]"
01:07:31.744 [main] DEBUG org.apache.hc.client5.http.wire - http-outgoing-0 >> "[\r][\n]"
01:07:31.758 [main] DEBUG org.apache.hc.client5.http.wire - http-outgoing-0 << "HTTP/1.1 200 OK[\r][\n]"
01:07:31.759 [main] DEBUG org.apache.hc.client5.http.wire - http-outgoing-0 << "Connection: keep-alive[\r][\n]"
01:07:31.759 [main] DEBUG org.apache.hc.client5.http.wire - http-outgoing-0 << "Content-Length: 745[\r][\n]"
01:07:31.759 [main] DEBUG org.apache.hc.client5.http.wire - http-outgoing-0 << "Cache-Control: max-age=300[\r][\n]"
01:07:31.759 [main] DEBUG org.apache.hc.client5.http.wire - http-outgoing-0 << "Content-Security-Policy: default-src 'none'; style-src 'unsafe-inline'; sandbox[\r][\n]"
01:07:31.759 [main] DEBUG org.apache.hc.client5.http.wire - http-outgoing-0 << "Content-Type: text/plain; charset=utf-8[\r][\n]"
01:07:31.759 [main] DEBUG org.apache.hc.client5.http.wire - http-outgoing-0 << "ETag: W/"dd41edff335272162022217759820159dac501cff56850e2510f504462cd9b5f"[\r][\n]"
01:07:31.759 [main] DEBUG org.apache.hc.client5.http.wire - http-outgoing-0 << "Strict-Transport-Security: max-age=31536000[\r][\n]"
01:07:31.775 [main] DEBUG org.apache.hc.client5.http.wire - http-outgoing-0 << "X-Content-Type-Options: nosniff[\r][\n]"
01:07:31.776 [main] DEBUG org.apache.hc.client5.http.wire - http-outgoing-0 << "X-Frame-Options: deny[\r][\n]"
01:07:31.776 [main] DEBUG org.apache.hc.client5.http.wire - http-outgoing-0 << "X-XSS-Protection: 1; mode=block[\r][\n]"
01:07:31.776 [main] DEBUG org.apache.hc.client5.http.wire - http-outgoing-0 << "X-GitHub-Request-Id: 9A10:1113:470EA8B:497368A:66F41F01[\r][\n]"
01:07:31.776 [main] DEBUG org.apache.hc.client5.http.wire - http-outgoing-0 << "Content-Encoding: gzip[\r][\n]"
01:07:31.776 [main] DEBUG org.apache.hc.client5.http.wire - http-outgoing-0 << "Accept-Ranges: bytes[\r][\n]"
01:07:31.776 [main] DEBUG org.apache.hc.client5.http.wire - http-outgoing-0 << "Date: Tue, 22 Oct 2024 01:07:31 GMT[\r][\n]"
01:07:31.776 [main] DEBUG org.apache.hc.client5.http.wire - http-outgoing-0 << "Via: 1.1 varnish[\r][\n]"
01:07:31.776 [main] DEBUG org.apache.hc.client5.http.wire - http-outgoing-0 << "X-Served-By: cache-bur-kbur8200069-BUR[\r][\n]"
01:07:31.776 [main] DEBUG org.apache.hc.client5.http.wire - http-outgoing-0 << "X-Cache: HIT[\r][\n]"
01:07:31.776 [main] DEBUG org.apache.hc.client5.http.wire - http-outgoing-0 << "X-Cache-Hits: 1[\r][\n]"
01:07:31.776 [main] DEBUG org.apache.hc.client5.http.wire - http-outgoing-0 << "X-Timer: S1729559252.745206,VS0,VE1[\r][\n]"
01:07:31.777 [main] DEBUG org.apache.hc.client5.http.wire - http-outgoing-0 << "Vary: Authorization,Accept-Encoding,Origin[\r][\n]"
01:07:31.777 [main] DEBUG org.apache.hc.client5.http.wire - http-outgoing-0 << "Access-Control-Allow-Origin: *[\r][\n]"
01:07:31.777 [main] DEBUG org.apache.hc.client5.http.wire - http-outgoing-0 << "Cross-Origin-Resource-Policy: cross-origin[\r][\n]"
01:07:31.777 [main] DEBUG org.apache.hc.client5.http.wire - http-outgoing-0 << "X-Fastly-Request-ID: 359b1e6516478e189fcafd65d3b2b01446f69930[\r][\n]"
01:07:31.777 [main] DEBUG org.apache.hc.client5.http.wire - http-outgoing-0 << "Expires: Tue, 22 Oct 2024 01:12:31 GMT[\r][\n]"
01:07:31.777 [main] DEBUG org.apache.hc.client5.http.wire - http-outgoing-0 << "Source-Age: 35[\r][\n]"
01:07:31.777 [main] DEBUG org.apache.hc.client5.http.wire - http-outgoing-0 << "[\r][\n]"
01:07:31.784 [main] DEBUG org.apache.hc.client5.http.headers - http-outgoing-0 << HTTP/1.1 200 OK
01:07:31.784 [main] DEBUG org.apache.hc.client5.http.headers - http-outgoing-0 << Connection: keep-alive
01:07:31.784 [main] DEBUG org.apache.hc.client5.http.headers - http-outgoing-0 << Content-Length: 745
01:07:31.784 [main] DEBUG org.apache.hc.client5.http.headers - http-outgoing-0 << Cache-Control: max-age=300
01:07:31.784 [main] DEBUG org.apache.hc.client5.http.headers - http-outgoing-0 << Content-Security-Policy: default-src 'none'; style-src 'unsafe-inline'; sandbox
01:07:31.784 [main] DEBUG org.apache.hc.client5.http.headers - http-outgoing-0 << Content-Type: text/plain; charset=utf-8
01:07:31.784 [main] DEBUG org.apache.hc.client5.http.headers - http-outgoing-0 << ETag: W/"dd41edff335272162022217759820159dac501cff56850e2510f504462cd9b5f"
01:07:31.784 [main] DEBUG org.apache.hc.client5.http.headers - http-outgoing-0 << Strict-Transport-Security: max-age=31536000
01:07:31.784 [main] DEBUG org.apache.hc.client5.http.headers - http-outgoing-0 << X-Content-Type-Options: nosniff
01:07:31.784 [main] DEBUG org.apache.hc.client5.http.headers - http-outgoing-0 << X-Frame-Options: deny
01:07:31.785 [main] DEBUG org.apache.hc.client5.http.headers - http-outgoing-0 << X-XSS-Protection: 1; mode=block
01:07:31.785 [main] DEBUG org.apache.hc.client5.http.headers - http-outgoing-0 << X-GitHub-Request-Id: 9A10:1113:470EA8B:497368A:66F41F01
01:07:31.785 [main] DEBUG org.apache.hc.client5.http.headers - http-outgoing-0 << Content-Encoding: gzip
01:07:31.785 [main] DEBUG org.apache.hc.client5.http.headers - http-outgoing-0 << Accept-Ranges: bytes
01:07:31.785 [main] DEBUG org.apache.hc.client5.http.headers - http-outgoing-0 << Date: Tue, 22 Oct 2024 01:07:31 GMT
01:07:31.785 [main] DEBUG org.apache.hc.client5.http.headers - http-outgoing-0 << Via: 1.1 varnish
01:07:31.785 [main] DEBUG org.apache.hc.client5.http.headers - http-outgoing-0 << X-Served-By: cache-bur-kbur8200069-BUR
01:07:31.785 [main] DEBUG org.apache.hc.client5.http.headers - http-outgoing-0 << X-Cache: HIT
01:07:31.785 [main] DEBUG org.apache.hc.client5.http.headers - http-outgoing-0 << X-Cache-Hits: 1
01:07:31.785 [main] DEBUG org.apache.hc.client5.http.headers - http-outgoing-0 << X-Timer: S1729559252.745206,VS0,VE1
01:07:31.785 [main] DEBUG org.apache.hc.client5.http.headers - http-outgoing-0 << Vary: Authorization,Accept-Encoding,Origin
01:07:31.785 [main] DEBUG org.apache.hc.client5.http.headers - http-outgoing-0 << Access-Control-Allow-Origin: *
01:07:31.785 [main] DEBUG org.apache.hc.client5.http.headers - http-outgoing-0 << Cross-Origin-Resource-Policy: cross-origin
01:07:31.785 [main] DEBUG org.apache.hc.client5.http.headers - http-outgoing-0 << X-Fastly-Request-ID: 359b1e6516478e189fcafd65d3b2b01446f69930
01:07:31.785 [main] DEBUG org.apache.hc.client5.http.headers - http-outgoing-0 << Expires: Tue, 22 Oct 2024 01:12:31 GMT
01:07:31.786 [main] DEBUG org.apache.hc.client5.http.headers - http-outgoing-0 << Source-Age: 35
01:07:31.801 [main] DEBUG org.apache.hc.client5.http.impl.classic.MainClientExec - ex-0000000001 connection can be kept alive for 3 MINUTES
01:07:31.824 [main] DEBUG org.apache.hc.client5.http.wire - http-outgoing-0 << "[0x1f][0xffffff8b][0x8][0x0][0x0][0x0][0x0][0x0][0x0][0x3][0xffffffb5]W]o[0xffffffda]0[0x14]}[0xffffffe7]W\QUj% [0x1b][0xffffffad][0xffffffa6]i[0x12][0xf]4c[0xffffffdd]4*[0x18][0xffffffb4][0xffffffdd]&[0xfffffff9][0xffffffc5]$N[0xffffffb0][0xffffff94][0xffffffd8][0xffffffc8]NJ[0xffffffb7]_?[0xffffffdb][0xfffffff9]X[0xffffff92]:[0xffffffa3]k[0xffffffe8][0x1b][0xffffffb6][0xffffffef]=[0xffffffe7][0xffffffd8][0xfffffff7][0xffffffe4][0xffffffda][0xffffff9c][0xffffff80][0xffffffcb][0xffffffe3][0x18]3_[0xffffff82][0xffffff8f][0x13][0xffffffbc][0xffffffc1][0xffffff92][0xfffffff4]N[0xffffffe0]vK%[0x4]4"[0xffffffe0]q[0xffffff96]`[0xffffffca]$$[=[0xffffffc8]C[0x13][0xe][0x1b][0x2][0xffffffe4][0xffffff91]xiB|[0xffffffa0][0xffffffcc],[0xffffffcb]-[0xffffff89]"=[0xffffffe0][0xffffffc2]'B[0x7][0xfffffff9]$!^b[0x16][0x1f][0xffffff88][0xffffff90][0xffffff94][0xffffffab][0xffffffb5][0x0][0xffffff88][0xfffffffa][0x1d][\n]"
01:07:31.826 [main] DEBUG org.apache.hc.client5.http.wire - http-outgoing-0 << "B[0x18]l[0x4][0xffffffdf]K[0xffffffb5][0xffffffa0]([0xffffffcf][0xffffffdc][0xffffffad][0xffffffe0]1[0x19][0xffffffc0]'*H[0xffffffc0][0x1f][0x7][0xffffffb0][0xffffffd8][0x11][0xffffff81][0x7]0[0xfffffff3]C5kVi[0x1a][0xffffff9f]k|[0xffffff9f][0x6][0x1][0x11][0xffffff84]%[0xffffffc0]uLBY[0x8][0xfffffff2][0xffffff97]LH,[0xffffffe1][0xffffffec];e[0xffffffbe]B[0x1d][0xffffffc0][0xffffff9c][0xffffffb2]T[0xffffffc1][0xffffffdc]`[0xf][0x16][0xffffffeb][0xfffffff3][0xffffff9e][0xffffffe2][0xffffffc8](z[0xfffffff9]6F[0xffffff9e][0x19][0xffffff8e][0xfffffff6]Y[0xffffffc2][0xffffffe8][0xffffffcd][0xffffffdb][0xffffff89][0x17][0xfffffffb]#[0xffffffb5]+p\[0xffffffd8][0xffffffc7][0xffffffd4]3Gb[0xffffff8e]a[0xffffffbf]U|[0xffffffc0]pL&[0xfffffffd][0xffffffd3][0xffffffe5]jq[0xffffffbd][0xffffff9a][0xffffffde]|[0xfffffffa]2[0xffffff9f][0xffffffad]?[0xffffffa0][0x9]B[0xffffffa7][0x8]]s[0x1e]F[0x4][0xffffffa1][0xffffff8c][0x2][0xffffffa1][0xffffffe9]n[0x17]QOI[0xffffffe3][0xc][0xffffffa1][0xffffff9c]H![0xfffffff7]!$[0x9][0xffffffdc][0xffffffe7]g[0xffffffe1]<[0xffffffe0](m[0xffffffd7]3~[0xffffff81][0xffffff9e][0xffffffb3][0x1f][0xffffffef][0xffffffdf][0xffffff9d][0xffffffbf][0xffffffa6][0xffffffa8][0xffffff8b]g[0xffffff8a][0xffffff9a]/[0xffffffdc][0xffffffe9]|[0xffffffba]\~[0xffffff9c][0xffffffde]N_S[0xffffffcf][0xffffffe5]d5[0xffffffbb][0xffffff86]ow[0xffffffb3][0xffffffd5]O[0xfffffff8][0xfffffffc][0xffffffd5][0xffffffbd]Ck[0x1e]${,H[0xffffffc1][0xffffff96][0xffffff93]][0xffffffcd][0xffffffaf][0x8][0xfffffff6][0xc]^[0xffffffe1][0xffffffc5]^[0x13]4[0xffffffd2][0xffffff8e][0xffffffd1]>pR)[0xffffff9c][\r]eNh0[0xffffff86][0xffffffd9]:[0xc][0xffffff87]E[0xffffffa6]=q<i[0xffffff8b]o&[0xffffffc4][0xffffffd8]3<[0xffffff95][0x13][0xffffff90]N&8w[0xffffffe9][0x8][0xffffffef]v[0xffffff8e][0xffffffab][0xffffffbe]>es[0xffffffe9]([0x13]/[0xffffffd6][0xfffffff5][0xffffff80]*[0xffffffba][0xfffffff2]v[0xfffffffe][0xffffffd9][0xffffff94]DA6>[0xffffff8e][0xffffffbb]o[0xfffffff8]o[0x1a]E[0xffffffb8] A[0xffffffa8]@?T[0xffffffad]'*:{[0xfffffffa]xR.*[0xffffffce][0xffffffe9][0xffffffd7][0xffffffad][0xffffff93][0xffffff93]4[0xffffffc9][0xfffffffa][0xffffffda]<n*t[0xffffffeb][0xffffffb9]oV[0xffffffb6][0xffffffc0]/M[0xffffff94]O[0xffffffc0][0xfffffff0][0xffffffe1]i[0xffffff90][0xffffffb5][0xfffffffe]9[0xffffff8b][0xffffffad][0xfffffff2]U,Ul[0xffffffdd][0x13]KL[0xffffffa2][0x6][0xffffffdd][0xffffffca]\?`[0xffffffea][0x9].[0xffffffd5]I [0xffffffa4]i[0x1a]_i,[\r][0xffffffdd][0xffffffa1][0xffffffc3][0xffffffae]kzI[0xffffffd1]_Q[0xffffffce]Ek[0xffffffcb][0xfffffff8]Kf[0xffffffb8][0xfffffffe][0xffffffd9]3[0xc][0xffffffe6][0xffffffd3][0xffffff8e][0x11][0x17][0x10]C[0x1d]`i[0x19][0xffffffd5][0xffffffbc][0xfffffff1][0xffffffa4]5[0xffffffbc][0x1e]o[0xfffffff5]K[0xffffffa9][0xffffffd6][0xfffffff8][0xffffffc1]f[0xffffff9b]z[0x4][0xffffffd4][0x1a][0xffffff86][0xffffffb9]^K[0x16]s[0xffffff91][0xfffffffe][0xffffffbf][0xffffff8b]l]~)x(p,[0x11]2[0x14][0x8]E8e[0xffffff9e][0xffffffca]:X[0xffffffa6][0xffffff86][0xffffff88].[0xffffffb6]9[0xffffff9a][0xffffff88].[0xfffffff7]]G[0xffffffea][0xffffffcb][0xe][0xfffffffb][0x7f].u[0xffffff83][0xffffffbb][0xfffffff4][0xffffffb3][0x19][0xffffffda][0xffffffec][0xffffff98][0xffffffc5]Y[0xfffffffd]h8m6\4[0xffffffc1][0xffffff8a][0xffffffb7][0xffffff98]z[0xffffffd0][0xffffffd5]oF5q[0x1c][0x13][0x16][0xfffffff0][0x1d][0x1e][0x19]5-[0xffffff9d][0xffffffef][0xffffffad]c[0xb]z[0xffffffae]/m[0xffffffe6]8[0xffffffb6][0xffffff96][0xfffffff6]7X[0xffffffc9]t[0xfffffff8][0xfffffff9][0xffffffa5][0x11]K[0xfffffffb][0x15]3[0xffffffc3][0xfffffffc][0x1f]B[0xffffffdb][0xffffffd3][0xffffffab][0xffffff92]4.[0xffffff93]Z[0xffffffdf]]:[0xffffffda][0xffffffea][0xffffffdc]B[0xffffffa6][0xffffffcd][0xffffffbc][0xffffffae][0x5][0xfffffff5][0x4][0xffffffd6]8[0xffffffc0][0xffffff82][0xffffff96][0xfffffff0][0xffffffd2][0xc][0xffffffed][0xffffffe0]Y[0xffffffa8][\r]:[[0xffffffa9][0x0][0xffffffff][0x1][0xfffffff8][0x15][0xffffffb4][0xffffffee][0xffffff8e][\r][0x0][0x0]"
01:07:31.835 [main] DEBUG org.apache.hc.client5.http.impl.classic.InternalHttpClient - ep-0000000001 releasing valid endpoint
01:07:31.835 [main] DEBUG org.apache.hc.client5.http.impl.io.PoolingHttpClientConnectionManager - ep-0000000001 releasing endpoint
01:07:31.835 [main] DEBUG org.apache.hc.client5.http.impl.io.PoolingHttpClientConnectionManager - ep-0000000001 connection http-outgoing-0 can be kept alive for 3 MINUTES
01:07:31.836 [main] DEBUG org.apache.hc.client5.http.impl.io.PoolingHttpClientConnectionManager - ep-0000000001 connection released [route: {s}->https://raw.githubusercontent.com:443][total available: 1; route allocated: 1 of 5; total allocated: 1 of 25]
01:07:31.836 [main] DEBUG io.github.bonigarcia.wdm.versions.VersionDetector - Detecting chrome version using online commands.properties
01:07:31.838 [main] DEBUG io.github.bonigarcia.wdm.versions.Shell - Running command on the shell: [/usr/bin/google-chrome, --version]
01:07:31.840 [main] DEBUG io.github.bonigarcia.wdm.versions.Shell - There was a problem executing command </usr/bin/google-chrome --version> on the shell: Cannot run program "/usr/bin/google-chrome" (in directory "."): error=2, No such file or directory
01:07:31.840 [main] DEBUG io.github.bonigarcia.wdm.versions.Shell - Result: 
01:07:31.841 [main] DEBUG io.github.bonigarcia.wdm.versions.Shell - Running command on the shell: [google-chrome, --version]
01:07:31.844 [main] DEBUG io.github.bonigarcia.wdm.versions.Shell - There was a problem executing command <google-chrome --version> on the shell: Cannot run program "google-chrome" (in directory "."): error=2, No such file or directory
01:07:31.844 [main] DEBUG io.github.bonigarcia.wdm.versions.Shell - Result: 
01:07:31.844 [main] DEBUG io.github.bonigarcia.wdm.versions.VersionDetector - Browser version for chrome not detected using online properties (using local commands.properties)
01:07:31.844 [main] DEBUG io.github.bonigarcia.wdm.versions.Shell - Running command on the shell: [/usr/bin/google-chrome, --version]
01:07:31.845 [main] DEBUG io.github.bonigarcia.wdm.versions.Shell - There was a problem executing command </usr/bin/google-chrome --version> on the shell: Cannot run program "/usr/bin/google-chrome" (in directory "."): error=2, No such file or directory
01:07:31.845 [main] DEBUG io.github.bonigarcia.wdm.versions.Shell - Result: 
01:07:31.845 [main] DEBUG io.github.bonigarcia.wdm.versions.Shell - Running command on the shell: [google-chrome, --version]
01:07:31.849 [main] DEBUG io.github.bonigarcia.wdm.versions.Shell - There was a problem executing command <google-chrome --version> on the shell: Cannot run program "google-chrome" (in directory "."): error=2, No such file or directory
01:07:31.849 [main] DEBUG io.github.bonigarcia.wdm.versions.Shell - Result: 
01:07:31.849 [main] DEBUG io.github.bonigarcia.wdm.WebDriverManager - The driver version for CHROME is unknown ... trying with latest
01:07:31.854 [main] DEBUG org.apache.hc.client5.http.impl.classic.InternalHttpClient - ex-0000000002 preparing request execution
01:07:31.855 [main] DEBUG org.apache.hc.client5.http.impl.classic.ProtocolExec - ex-0000000002 target auth state: UNCHALLENGED
01:07:31.855 [main] DEBUG org.apache.hc.client5.http.impl.classic.ProtocolExec - ex-0000000002 proxy auth state: UNCHALLENGED
01:07:31.855 [main] DEBUG org.apache.hc.client5.http.impl.classic.ConnectExec - ex-0000000002 acquiring connection with route {s}->https://googlechromelabs.github.io:443
01:07:31.855 [main] DEBUG org.apache.hc.client5.http.impl.classic.InternalHttpClient - ex-0000000002 acquiring endpoint (3 MINUTES)
01:07:31.855 [main] DEBUG org.apache.hc.client5.http.impl.io.PoolingHttpClientConnectionManager - ex-0000000002 endpoint lease request (3 MINUTES) [route: {s}->https://googlechromelabs.github.io:443][total available: 1; route allocated: 0 of 5; total allocated: 1 of 25]
01:07:31.856 [main] DEBUG org.apache.hc.client5.http.impl.io.PoolingHttpClientConnectionManager - ex-0000000002 endpoint leased [route: {s}->https://googlechromelabs.github.io:443][total available: 1; route allocated: 1 of 5; total allocated: 2 of 25]
01:07:31.856 [main] DEBUG org.apache.hc.client5.http.impl.io.PoolingHttpClientConnectionManager - ex-0000000002 acquired ep-0000000002
01:07:31.856 [main] DEBUG org.apache.hc.client5.http.impl.classic.InternalHttpClient - ex-0000000002 acquired endpoint ep-0000000002
01:07:31.856 [main] DEBUG org.apache.hc.client5.http.impl.classic.ConnectExec - ex-0000000002 opening connection {s}->https://googlechromelabs.github.io:443
01:07:31.856 [main] DEBUG org.apache.hc.client5.http.impl.classic.InternalHttpClient - ep-0000000002 connecting endpoint (null)
01:07:31.856 [main] DEBUG org.apache.hc.client5.http.impl.io.PoolingHttpClientConnectionManager - ep-0000000002 connecting endpoint to https://googlechromelabs.github.io:443 (30 SECONDS)
01:07:31.856 [main] DEBUG org.apache.hc.client5.http.impl.io.DefaultHttpClientConnectionOperator - googlechromelabs.github.io resolving remote address
01:07:31.859 [main] DEBUG org.apache.hc.client5.http.impl.io.DefaultHttpClientConnectionOperator - googlechromelabs.github.io resolved to [googlechromelabs.github.io/185.199.108.153, googlechromelabs.github.io/185.199.110.153, googlechromelabs.github.io/185.199.109.153, googlechromelabs.github.io/185.199.111.153, googlechromelabs.github.io/2606:50c0:8000:0:0:0:0:153, googlechromelabs.github.io/2606:50c0:8001:0:0:0:0:153, googlechromelabs.github.io/2606:50c0:8002:0:0:0:0:153, googlechromelabs.github.io/2606:50c0:8003:0:0:0:0:153]
01:07:31.860 [main] DEBUG org.apache.hc.client5.http.impl.io.DefaultHttpClientConnectionOperator - googlechromelabs.github.io:443 connecting null->googlechromelabs.github.io/185.199.108.153:443 (30 SECONDS)
01:07:31.882 [main] DEBUG org.apache.hc.client5.http.ssl.SSLConnectionSocketFactory - Connecting socket to googlechromelabs.github.io/185.199.108.153:443 with timeout 30 SECONDS
01:07:31.892 [main] DEBUG org.apache.hc.client5.http.ssl.SSLConnectionSocketFactory - Enabled protocols: [TLSv1.3, TLSv1.2]
01:07:31.892 [main] DEBUG org.apache.hc.client5.http.ssl.SSLConnectionSocketFactory - Enabled cipher suites: [TLS_AES_256_GCM_SHA384, TLS_AES_128_GCM_SHA256, TLS_CHACHA20_POLY1305_SHA256, TLS_ECDHE_ECDSA_WITH_AES_256_GCM_SHA384, TLS_ECDHE_ECDSA_WITH_AES_128_GCM_SHA256, TLS_ECDHE_ECDSA_WITH_CHACHA20_POLY1305_SHA256, TLS_ECDHE_RSA_WITH_AES_256_GCM_SHA384, TLS_ECDHE_RSA_WITH_CHACHA20_POLY1305_SHA256, TLS_ECDHE_RSA_WITH_AES_128_GCM_SHA256, TLS_DHE_RSA_WITH_AES_256_GCM_SHA384, TLS_DHE_RSA_WITH_CHACHA20_POLY1305_SHA256, TLS_DHE_DSS_WITH_AES_256_GCM_SHA384, TLS_DHE_RSA_WITH_AES_128_GCM_SHA256, TLS_DHE_DSS_WITH_AES_128_GCM_SHA256, TLS_ECDHE_ECDSA_WITH_AES_256_CBC_SHA384, TLS_ECDHE_RSA_WITH_AES_256_CBC_SHA384, TLS_ECDHE_ECDSA_WITH_AES_128_CBC_SHA256, TLS_ECDHE_RSA_WITH_AES_128_CBC_SHA256, TLS_DHE_RSA_WITH_AES_256_CBC_SHA256, TLS_DHE_DSS_WITH_AES_256_CBC_SHA256, TLS_DHE_RSA_WITH_AES_128_CBC_SHA256, TLS_DHE_DSS_WITH_AES_128_CBC_SHA256, TLS_ECDH_ECDSA_WITH_AES_256_GCM_SHA384, TLS_ECDH_RSA_WITH_AES_256_GCM_SHA384, TLS_ECDH_ECDSA_WITH_AES_128_GCM_SHA256, TLS_ECDH_RSA_WITH_AES_128_GCM_SHA256, TLS_ECDH_ECDSA_WITH_AES_256_CBC_SHA384, TLS_ECDH_RSA_WITH_AES_256_CBC_SHA384, TLS_ECDH_ECDSA_WITH_AES_128_CBC_SHA256, TLS_ECDH_RSA_WITH_AES_128_CBC_SHA256, TLS_ECDHE_ECDSA_WITH_AES_256_CBC_SHA, TLS_ECDHE_RSA_WITH_AES_256_CBC_SHA, TLS_ECDHE_ECDSA_WITH_AES_128_CBC_SHA, TLS_ECDHE_RSA_WITH_AES_128_CBC_SHA, TLS_DHE_RSA_WITH_AES_256_CBC_SHA, TLS_DHE_DSS_WITH_AES_256_CBC_SHA, TLS_DHE_RSA_WITH_AES_128_CBC_SHA, TLS_DHE_DSS_WITH_AES_128_CBC_SHA, TLS_ECDH_ECDSA_WITH_AES_256_CBC_SHA, TLS_ECDH_RSA_WITH_AES_256_CBC_SHA, TLS_ECDH_ECDSA_WITH_AES_128_CBC_SHA, TLS_ECDH_RSA_WITH_AES_128_CBC_SHA, TLS_RSA_WITH_AES_256_GCM_SHA384, TLS_RSA_WITH_AES_128_GCM_SHA256, TLS_RSA_WITH_AES_256_CBC_SHA256, TLS_RSA_WITH_AES_128_CBC_SHA256, TLS_RSA_WITH_AES_256_CBC_SHA, TLS_RSA_WITH_AES_128_CBC_SHA, TLS_EMPTY_RENEGOTIATION_INFO_SCSV]
01:07:31.892 [main] DEBUG org.apache.hc.client5.http.ssl.SSLConnectionSocketFactory - Starting handshake (null)
01:07:31.926 [main] DEBUG org.apache.hc.client5.http.ssl.SSLConnectionSocketFactory - Secure session established
01:07:31.926 [main] DEBUG org.apache.hc.client5.http.ssl.SSLConnectionSocketFactory -  negotiated protocol: TLSv1.3
01:07:31.926 [main] DEBUG org.apache.hc.client5.http.ssl.SSLConnectionSocketFactory -  negotiated cipher suite: TLS_AES_128_GCM_SHA256
01:07:31.926 [main] DEBUG org.apache.hc.client5.http.ssl.SSLConnectionSocketFactory -  peer principal: CN=*.github.io, O="GitHub, Inc.", L=San Francisco, ST=California, C=US
01:07:31.926 [main] DEBUG org.apache.hc.client5.http.ssl.SSLConnectionSocketFactory -  peer alternative names: [*.github.io, github.io, githubusercontent.com, www.github.com, *.github.com, *.githubusercontent.com, github.com]
01:07:31.926 [main] DEBUG org.apache.hc.client5.http.ssl.SSLConnectionSocketFactory -  issuer principal: CN=DigiCert Global G2 TLS RSA SHA256 2020 CA1, O=DigiCert Inc, C=US
01:07:31.926 [main] DEBUG org.apache.hc.client5.http.impl.io.DefaultManagedHttpClientConnection - http-outgoing-1 set socket timeout to 3 MINUTES
01:07:31.927 [main] DEBUG org.apache.hc.client5.http.impl.io.DefaultHttpClientConnectionOperator - googlechromelabs.github.io:443 connected null->googlechromelabs.github.io/185.199.108.153:443 as http-outgoing-1
01:07:31.927 [main] DEBUG org.apache.hc.client5.http.impl.io.PoolingHttpClientConnectionManager - ep-0000000002 connected http-outgoing-1
01:07:31.927 [main] DEBUG org.apache.hc.client5.http.impl.classic.InternalHttpClient - ep-0000000002 endpoint connected
01:07:31.927 [main] DEBUG org.apache.hc.client5.http.impl.classic.MainClientExec - ex-0000000002 executing GET /chrome-for-testing/last-known-good-versions-with-downloads.json HTTP/1.1
01:07:31.927 [main] DEBUG org.apache.hc.client5.http.protocol.RequestAddCookies - ex-0000000002 Cookie spec selected: strict
01:07:31.927 [main] DEBUG org.apache.hc.client5.http.impl.classic.InternalHttpClient - ep-0000000002 start execution ex-0000000002
01:07:31.927 [main] DEBUG org.apache.hc.client5.http.impl.io.PoolingHttpClientConnectionManager - ep-0000000002 executing exchange ex-0000000002 over http-outgoing-1
01:07:31.927 [main] DEBUG org.apache.hc.client5.http.headers - http-outgoing-1 >> GET /chrome-for-testing/last-known-good-versions-with-downloads.json HTTP/1.1
01:07:31.927 [main] DEBUG org.apache.hc.client5.http.headers - http-outgoing-1 >> user-agent: Apache-HttpClient/5.0
01:07:31.927 [main] DEBUG org.apache.hc.client5.http.headers - http-outgoing-1 >> accept-encoding: gzip, deflate, br
01:07:31.927 [main] DEBUG org.apache.hc.client5.http.headers - http-outgoing-1 >> cache-control: max-age=0
01:07:31.928 [main] DEBUG org.apache.hc.client5.http.headers - http-outgoing-1 >> connection: keep-alive
01:07:31.928 [main] DEBUG org.apache.hc.client5.http.headers - http-outgoing-1 >> Host: googlechromelabs.github.io
01:07:31.928 [main] DEBUG org.apache.hc.client5.http.wire - http-outgoing-1 >> "GET /chrome-for-testing/last-known-good-versions-with-downloads.json HTTP/1.1[\r][\n]"
01:07:31.928 [main] DEBUG org.apache.hc.client5.http.wire - http-outgoing-1 >> "user-agent: Apache-HttpClient/5.0[\r][\n]"
01:07:31.928 [main] DEBUG org.apache.hc.client5.http.wire - http-outgoing-1 >> "accept-encoding: gzip, deflate, br[\r][\n]"
01:07:31.928 [main] DEBUG org.apache.hc.client5.http.wire - http-outgoing-1 >> "cache-control: max-age=0[\r][\n]"
01:07:31.928 [main] DEBUG org.apache.hc.client5.http.wire - http-outgoing-1 >> "connection: keep-alive[\r][\n]"
01:07:31.928 [main] DEBUG org.apache.hc.client5.http.wire - http-outgoing-1 >> "Host: googlechromelabs.github.io[\r][\n]"
01:07:31.928 [main] DEBUG org.apache.hc.client5.http.wire - http-outgoing-1 >> "[\r][\n]"
01:07:31.939 [main] DEBUG org.apache.hc.client5.http.wire - http-outgoing-1 << "HTTP/1.1 200 OK[\r][\n]"
01:07:31.939 [main] DEBUG org.apache.hc.client5.http.wire - http-outgoing-1 << "Connection: keep-alive[\r][\n]"
01:07:31.939 [main] DEBUG org.apache.hc.client5.http.wire - http-outgoing-1 << "Content-Length: 644[\r][\n]"
01:07:31.939 [main] DEBUG org.apache.hc.client5.http.wire - http-outgoing-1 << "Server: GitHub.com[\r][\n]"
01:07:31.939 [main] DEBUG org.apache.hc.client5.http.wire - http-outgoing-1 << "Content-Type: application/json; charset=utf-8[\r][\n]"
01:07:31.939 [main] DEBUG org.apache.hc.client5.http.wire - http-outgoing-1 << "permissions-policy: interest-cohort=()[\r][\n]"
01:07:31.939 [main] DEBUG org.apache.hc.client5.http.wire - http-outgoing-1 << "x-origin-cache: HIT[\r][\n]"
01:07:31.939 [main] DEBUG org.apache.hc.client5.http.wire - http-outgoing-1 << "Last-Modified: Tue, 22 Oct 2024 00:31:32 GMT[\r][\n]"
01:07:31.939 [main] DEBUG org.apache.hc.client5.http.wire - http-outgoing-1 << "Access-Control-Allow-Origin: *[\r][\n]"
01:07:31.939 [main] DEBUG org.apache.hc.client5.http.wire - http-outgoing-1 << "Strict-Transport-Security: max-age=31556952[\r][\n]"
01:07:31.939 [main] DEBUG org.apache.hc.client5.http.wire - http-outgoing-1 << "ETag: W/"6716f264-21d8"[\r][\n]"
01:07:31.939 [main] DEBUG org.apache.hc.client5.http.wire - http-outgoing-1 << "expires: Tue, 22 Oct 2024 00:44:34 GMT[\r][\n]"
01:07:31.939 [main] DEBUG org.apache.hc.client5.http.wire - http-outgoing-1 << "Cache-Control: max-age=600[\r][\n]"
01:07:31.939 [main] DEBUG org.apache.hc.client5.http.wire - http-outgoing-1 << "Content-Encoding: gzip[\r][\n]"
01:07:31.940 [main] DEBUG org.apache.hc.client5.http.wire - http-outgoing-1 << "x-proxy-cache: HIT[\r][\n]"
01:07:31.940 [main] DEBUG org.apache.hc.client5.http.wire - http-outgoing-1 << "X-GitHub-Request-Id: 9E6E:1126:657106:67497F:6716F372[\r][\n]"
01:07:31.940 [main] DEBUG org.apache.hc.client5.http.wire - http-outgoing-1 << "Accept-Ranges: bytes[\r][\n]"
01:07:31.940 [main] DEBUG org.apache.hc.client5.http.wire - http-outgoing-1 << "Date: Tue, 22 Oct 2024 01:07:31 GMT[\r][\n]"
01:07:31.940 [main] DEBUG org.apache.hc.client5.http.wire - http-outgoing-1 << "Via: 1.1 varnish[\r][\n]"
01:07:31.940 [main] DEBUG org.apache.hc.client5.http.wire - http-outgoing-1 << "Age: 237[\r][\n]"
01:07:31.940 [main] DEBUG org.apache.hc.client5.http.wire - http-outgoing-1 << "X-Served-By: cache-bur-kbur8200055-BUR[\r][\n]"
01:07:31.940 [main] DEBUG org.apache.hc.client5.http.wire - http-outgoing-1 << "X-Cache: HIT[\r][\n]"
01:07:31.940 [main] DEBUG org.apache.hc.client5.http.wire - http-outgoing-1 << "X-Cache-Hits: 1[\r][\n]"
01:07:31.940 [main] DEBUG org.apache.hc.client5.http.wire - http-outgoing-1 << "X-Timer: S1729559252.928803,VS0,VE1[\r][\n]"
01:07:31.940 [main] DEBUG org.apache.hc.client5.http.wire - http-outgoing-1 << "Vary: Accept-Encoding[\r][\n]"
01:07:31.940 [main] DEBUG org.apache.hc.client5.http.wire - http-outgoing-1 << "X-Fastly-Request-ID: a23748bfcb9a0fcbcd1a7a3aceeb1ca4a817fe05[\r][\n]"
01:07:31.940 [main] DEBUG org.apache.hc.client5.http.wire - http-outgoing-1 << "[\r][\n]"
01:07:31.941 [main] DEBUG org.apache.hc.client5.http.headers - http-outgoing-1 << HTTP/1.1 200 OK
01:07:31.941 [main] DEBUG org.apache.hc.client5.http.headers - http-outgoing-1 << Connection: keep-alive
01:07:31.941 [main] DEBUG org.apache.hc.client5.http.headers - http-outgoing-1 << Content-Length: 644
01:07:31.941 [main] DEBUG org.apache.hc.client5.http.headers - http-outgoing-1 << Server: GitHub.com
01:07:31.941 [main] DEBUG org.apache.hc.client5.http.headers - http-outgoing-1 << Content-Type: application/json; charset=utf-8
01:07:31.941 [main] DEBUG org.apache.hc.client5.http.headers - http-outgoing-1 << permissions-policy: interest-cohort=()
01:07:31.941 [main] DEBUG org.apache.hc.client5.http.headers - http-outgoing-1 << x-origin-cache: HIT
01:07:31.941 [main] DEBUG org.apache.hc.client5.http.headers - http-outgoing-1 << Last-Modified: Tue, 22 Oct 2024 00:31:32 GMT
01:07:31.941 [main] DEBUG org.apache.hc.client5.http.headers - http-outgoing-1 << Access-Control-Allow-Origin: *
01:07:31.941 [main] DEBUG org.apache.hc.client5.http.headers - http-outgoing-1 << Strict-Transport-Security: max-age=31556952
01:07:31.941 [main] DEBUG org.apache.hc.client5.http.headers - http-outgoing-1 << ETag: W/"6716f264-21d8"
01:07:31.941 [main] DEBUG org.apache.hc.client5.http.headers - http-outgoing-1 << expires: Tue, 22 Oct 2024 00:44:34 GMT
01:07:31.941 [main] DEBUG org.apache.hc.client5.http.headers - http-outgoing-1 << Cache-Control: max-age=600
01:07:31.941 [main] DEBUG org.apache.hc.client5.http.headers - http-outgoing-1 << Content-Encoding: gzip
01:07:31.941 [main] DEBUG org.apache.hc.client5.http.headers - http-outgoing-1 << x-proxy-cache: HIT
01:07:31.941 [main] DEBUG org.apache.hc.client5.http.headers - http-outgoing-1 << X-GitHub-Request-Id: 9E6E:1126:657106:67497F:6716F372
01:07:31.941 [main] DEBUG org.apache.hc.client5.http.headers - http-outgoing-1 << Accept-Ranges: bytes
01:07:31.941 [main] DEBUG org.apache.hc.client5.http.headers - http-outgoing-1 << Date: Tue, 22 Oct 2024 01:07:31 GMT
01:07:31.942 [main] DEBUG org.apache.hc.client5.http.headers - http-outgoing-1 << Via: 1.1 varnish
01:07:31.942 [main] DEBUG org.apache.hc.client5.http.headers - http-outgoing-1 << Age: 237
01:07:31.942 [main] DEBUG org.apache.hc.client5.http.headers - http-outgoing-1 << X-Served-By: cache-bur-kbur8200055-BUR
01:07:31.942 [main] DEBUG org.apache.hc.client5.http.headers - http-outgoing-1 << X-Cache: HIT
01:07:31.942 [main] DEBUG org.apache.hc.client5.http.headers - http-outgoing-1 << X-Cache-Hits: 1
01:07:31.942 [main] DEBUG org.apache.hc.client5.http.headers - http-outgoing-1 << X-Timer: S1729559252.928803,VS0,VE1
01:07:31.942 [main] DEBUG org.apache.hc.client5.http.headers - http-outgoing-1 << Vary: Accept-Encoding
01:07:31.942 [main] DEBUG org.apache.hc.client5.http.headers - http-outgoing-1 << X-Fastly-Request-ID: a23748bfcb9a0fcbcd1a7a3aceeb1ca4a817fe05
01:07:31.942 [main] DEBUG org.apache.hc.client5.http.impl.classic.MainClientExec - ex-0000000002 connection can be kept alive for 3 MINUTES
01:07:31.984 [main] DEBUG org.apache.hc.client5.http.wire - http-outgoing-1 << "[0x1f][0xffffff8b][0x8][0x0][0x0][0x0][0x0][0x0][0x0][0x3][0xffffffcd][0xffffff98][0xffffffc9][0xffffff92][0xffffff9b]0[0x10][0xffffff86][0xffffffef]y[0xc][0xffffff9d]Y[0x4]x[0xffffff83]c2o09%[0xffffff95][0xffffff83][0xffffffc6]VlU[0xffffff89][0xffffffa5][0x10][0xfffffff6]$q[0xfffffff1][0xffffffee][0xffffff91]1`[0xffffffb6]f.[0x1e]57[0xffffffd3][0xffffff88][0xffffffee][0x1f][0xffffffea][0xffffffab][0xffffffae][0xffffffaf]|%[0xffffff85][0xffffff88][0xffffffb9]*X[0xffffff9c][0xffffff91][0xffffff88][0xfffffff8][0xffffffd4]_[0xffffffd9][0x1e][0xffffffb5]}[0xffffffef][0xffffffbb]O#[0x1a]Fk[0xffffffea][0xffffff84][0xffffffd4][0xffffffff]A,[0xffffffb2]?[0xffffffb1]$[0xffffffe1]R[0xffffff91][0xffffffe8]J^[0xb][0xfffffff6]&[0xfffffff9][0xffffffed]W][0xffffffd5][0xffffff8f][0xffffffd6]5[0xffffff8b]\x[0xffffffae]D[0xffffff9a][0xffffffe8][0xffffff92][0x17]P[0xffffff87]:[0xffffff9b][0xffffffad][0x1f]8[0xffffffeb][0xffffff9d][0xffffffbe][0xffffff93][0xfffffff3][0xffffff8b]ho[0xffffffad]7[0xffffffd4][0xb]t[0xfffffff1][0xffffff90][0xffffffbe]'2e[0x7]uo[0xffffff97][0xffffffa7][0xffffffb1]n[0xfffffffc][0xfffffff3]J2[0xffffffc9][0xffffff8a][0xffffffdf]i[0x1e][0xffffffeb][0xffffffc3]R$[0xffffffe7]?[0xffffff9b][0xffffff95]>|[0xffffffce]o[0xffffffa3]NE[0xffffff91][0xffffffa9][0xffffffc8]uU[0xffffff91][0xffffffe6][0xffffffec][0xffffffc8][0xffffff9d]c[0xffffff9a][0x1e]%g[0xffffff99]P[0xffffffce]>[0xffffff8d][0xffffffdd]{[0x13][?l[0x17][0xfffffffa][0xffffffcd]Dr[0xffffffb4][0xffffffb3][0xfffffff3][0xffffff9b][0x14]{[0xffffffb7][0x17][0xffffffc8][0xffffffad][0xffffffdb]6[0xffffffe7][0xffffffeb]K[0xffffffe7][0xffffff9f][0xffffffc8]Hi[0xfffffff5][0x2][0xffffffc4]lo[0xffffffb3]<~~[0xffffff84][0xffffffb6]q[0xfffffff3]D[[0xffffff80]b|[0xffffffc2]w[0xffffffa8][0xffffffdb]v#[0x0][0xffffffdf][0xffffffe1]]$[0xffffff81][0xffffffff][0xffffffec][0xfffffff1]U[0xffffffd3][0xffffffe6]tu[0x1][0xffffff8c]~[0xfffffffe][0xffffff9b]WM;[0xffffffa3][0xffffff9b][0xffffffb7][0xfffffffe]e[0xffffffd5]$[0x1e]r[0xffffffa1]qF[0xffffffe1][0xfffffff1]>z[0x11]T[0xffffffd6]Q[0xfffffff0][0xffffffd9][0xffffffec][0x4][0xffffffc1]"[0xffffffb4][0xffffff8e][0xffffff80][0xffffffc7][0xffffffe9]#[0xffffffc0][0xffffff88]V[0xfffffffb][0xffffffc4][0xffffffd9]Ar[0xffffffa5]lu[0xffffffe2]R[0xffffffa2]`;[0xffffffc8][0xffffffb0][0x8]~[0xffffff87][0xffffff99][0xfffffff0]A[0xffffff9e]J[0xffffff84]E[0xfffffff4]0[0xb][0x1e][0xffffffda][0x13]IZ[0xffffffc6][0xffffffcb][0xffffffd2]"_y[0xffffffc1][0xfffffffa][0xffffffd2]QU[0xfffffffa][0xffffffca][0xffffffe1]U[0xffffffcd][0xffffffb7];'[0x18][0x1a][0xffffffc7]f[0xffffffb7][0xfffffff6]C[0xffffffe3][0xffffffc6][0xfffffff1][0xffffffc8][0xffffff83]%[0x1c][0xffffff9d][0x4]h[0xffffffbe]1[0xffffffc8]`X7:[0xffffffd3][\r][0xffffffdb]F[0x7f]2[0xffffffb2]l[0xffffff80]([0x1a]v[0xffffff8d][0x19] [\r][0xffffffab][0x6][0xffffff88][0xffffffa5]A[0xffffffd3][0x0][0xffffffe0]4&[0x1a][0x0][0xffffffa2][0xffffff8b][0xfffffff0][0xc]xy"i[0xffffffc6][0xffffffdc].E[0xffffffb2][0xc]x[0xffffffb5]"H[0x6][0xffffffb4]i[0xffffff8d];[0x6][0xffffffb4]x?P[0xffffff8c][0x17]~[0xffffffe9][0x1b][0xffffffc6][0xffffffad][0xffffffd0][0x17][0xc][0xffffffff][0xffffffde]9t[0xffffffe8]H0Boe[0xfffffffe]/[0xffffff8d]G[0x1e],[0xffffffc1][0xffffffe8]$@[0x13][0xffffff8c]A[0x6][0xffffffc3][0xffffff82][0xffffffd1][0xffffff99]nX0[0xfffffffa][0xffffff93][0xffffff91][0x5][0x3]D[0xffffffd1][0xffffffb0]`[0xffffffcc][0x0]iX0@,[\r][\n]"
01:07:31.984 [main] DEBUG org.apache.hc.client5.http.wire - http-outgoing-1 << "[0x6][0x0][0xffffffa7]1[0xffffffc1][0x0][0x10]][0xffffff84]`[0xffffffc0][0xffffffcb][0x13]I0[0xffffffe6]v)[0xffffff92]`[0xffffffc0][0xffffffab][0x15]A0[0xffffffa0]Mk\0[0xffffffa0][0xffffffc5][0xfffffffb][0xffffff81]`|c[0x9][0xffffffcb][0xffffffff][0xfffffff6][0x1d][0xffffffa3][0xffffffae]MiFH[0xffffffc7][0xffffff9a][0xffffffb1][0xffffffd5]7WH[0xffffff9a]q[0xffffffcb][0xffffff83][0xffffffab][0x19]U[0x2]d[0xffffffcd]h3[0xffffffa0]hF5[0x1d]E3[0xffffff9a][0xffffffc9][0xffffff8b][0xffffffd0][0xffffff8c][0x9][0x14]Q4c[0x12]H[0x14][0xffffffcd][0xffffff98][0xffffffc0][0xffffffd2][0xffffffb8]f[0xffffff8c][0xffffffe0]4[0xffffffac][0x19]#D[0x17][0xffffffa4][0x19]S[0xffffffcb][0x13]U3[0xffffffa6]w)[0xffffffaa]fL[0xffffffad]V4[0xffffffcd][0x18]oZ$[0xffffffcd][0x18]/[0xffffffde]Y[0xffffffcd]([0xffffffcb]/[0xffffffff][0x1][0xfffffff2][0xffffffb1][0xfffffff2]z[0xffffffd8]![0x0][0x0]"
01:07:32.007 [main] DEBUG org.apache.hc.client5.http.impl.classic.InternalHttpClient - ep-0000000002 releasing valid endpoint
01:07:32.007 [main] DEBUG org.apache.hc.client5.http.impl.io.PoolingHttpClientConnectionManager - ep-0000000002 releasing endpoint
01:07:32.007 [main] DEBUG org.apache.hc.client5.http.impl.io.PoolingHttpClientConnectionManager - ep-0000000002 connection http-outgoing-1 can be kept alive for 3 MINUTES
01:07:32.007 [main] DEBUG org.apache.hc.client5.http.impl.io.PoolingHttpClientConnectionManager - ep-0000000002 connection released [route: {s}->https://googlechromelabs.github.io:443][total available: 2; route allocated: 1 of 5; total allocated: 2 of 25]
01:07:32.025 [main] DEBUG io.github.bonigarcia.wdm.WebDriverManager - Driver chromedriver 130.0.6723.58 found in cache
01:07:32.025 [main] INFO io.github.bonigarcia.wdm.WebDriverManager - Exporting webdriver.chrome.driver as /home/codespace/.cache/selenium/chromedriver/linux64/130.0.6723.58/chromedriver
]]></system-out>
    <system-err><![CDATA[Starting ChromeDriver 130.0.6723.58 (3a50e012e4c9b8a410a4e2b12bf577e69ee8f755-refs/branch-heads/6723@{#1353}) on port 25848
Only local connections are allowed.
Please see https://chromedriver.chromium.org/security-considerations for suggestions on keeping ChromeDriver safe.
ChromeDriver was started successfully on port 25848.
]]></system-err>
  </testcase>
  <testcase name="testLoginWithWrongCreds" classname="test.com.assignment2.selenium_test.SelinumTest" time="10.271">
    <error message="session not created&#10;from unknown error: cannot find Chrome binary&#10;Build info: version: &apos;3.141.59&apos;, revision: &apos;e82be7d358&apos;, time: &apos;2018-11-14T08:17:03&apos;&#10;System info: host: &apos;codespaces-5e54c8&apos;, ip: &apos;127.0.0.1&apos;, os.name: &apos;Linux&apos;, os.arch: &apos;amd64&apos;, os.version: &apos;6.5.0-1025-azure&apos;, java.version: &apos;11.0.14.1&apos;&#10;Driver info: driver.version: ChromeDriver&#10;remote stacktrace: #0 0x5f7951c580aa &lt;unknown&gt;&#10;#1 0x5f795176f1a0 &lt;unknown&gt;&#10;#2 0x5f79517a2683 &lt;unknown&gt;&#10;#3 0x5f79517a0885 &lt;unknown&gt;&#10;#4 0x5f79517ebec6 &lt;unknown&gt;&#10;#5 0x5f79517eb516 &lt;unknown&gt;&#10;#6 0x5f79517dfb23 &lt;unknown&gt;&#10;#7 0x5f79517ae990 &lt;unknown&gt;&#10;#8 0x5f79517af96e &lt;unknown&gt;&#10;#9 0x5f7951c2416b &lt;unknown&gt;&#10;#10 0x5f7951c27f68 &lt;unknown&gt;&#10;#11 0x5f7951c1164c &lt;unknown&gt;&#10;#12 0x5f7951c28ae7 &lt;unknown&gt;&#10;#13 0x5f7951bf64af &lt;unknown&gt;&#10;#14 0x5f7951c464f8 &lt;unknown&gt;&#10;#15 0x5f7951c466c0 &lt;unknown&gt;&#10;#16 0x5f7951c56f26 &lt;unknown&gt;&#10;#17 0x78e9f8a4c609 start_thread&#10;" type="org.openqa.selenium.SessionNotCreatedException"><![CDATA[org.openqa.selenium.SessionNotCreatedException: 
session not created
from unknown error: cannot find Chrome binary
Build info: version: '3.141.59', revision: 'e82be7d358', time: '2018-11-14T08:17:03'
System info: host: 'codespaces-5e54c8', ip: '127.0.0.1', os.name: 'Linux', os.arch: 'amd64', os.version: '6.5.0-1025-azure', java.version: '11.0.14.1'
Driver info: driver.version: ChromeDriver
remote stacktrace: #0 0x5f7951c580aa <unknown>
#1 0x5f795176f1a0 <unknown>
#2 0x5f79517a2683 <unknown>
#3 0x5f79517a0885 <unknown>
#4 0x5f79517ebec6 <unknown>
#5 0x5f79517eb516 <unknown>
#6 0x5f79517dfb23 <unknown>
#7 0x5f79517ae990 <unknown>
#8 0x5f79517af96e <unknown>
#9 0x5f7951c2416b <unknown>
#10 0x5f7951c27f68 <unknown>
#11 0x5f7951c1164c <unknown>
#12 0x5f7951c28ae7 <unknown>
#13 0x5f7951bf64af <unknown>
#14 0x5f7951c464f8 <unknown>
#15 0x5f7951c466c0 <unknown>
#16 0x5f7951c56f26 <unknown>
#17 0x78e9f8a4c609 start_thread

	at java.base/jdk.internal.reflect.NativeConstructorAccessorImpl.newInstance0(Native Method)
	at java.base/jdk.internal.reflect.NativeConstructorAccessorImpl.newInstance(NativeConstructorAccessorImpl.java:62)
	at java.base/jdk.internal.reflect.DelegatingConstructorAccessorImpl.newInstance(DelegatingConstructorAccessorImpl.java:45)
	at java.base/java.lang.reflect.Constructor.newInstance(Constructor.java:490)
	at org.openqa.selenium.remote.W3CHandshakeResponse.lambda$errorHandler$0(W3CHandshakeResponse.java:62)
	at org.openqa.selenium.remote.HandshakeResponse.lambda$getResponseFunction$0(HandshakeResponse.java:30)
	at org.openqa.selenium.remote.ProtocolHandshake.lambda$createSession$0(ProtocolHandshake.java:126)
	at java.base/java.util.stream.ReferencePipeline$3$1.accept(ReferencePipeline.java:195)
	at java.base/java.util.Spliterators$ArraySpliterator.tryAdvance(Spliterators.java:958)
	at java.base/java.util.stream.ReferencePipeline.forEachWithCancel(ReferencePipeline.java:127)
	at java.base/java.util.stream.AbstractPipeline.copyIntoWithCancel(AbstractPipeline.java:502)
	at java.base/java.util.stream.AbstractPipeline.copyInto(AbstractPipeline.java:488)
	at java.base/java.util.stream.AbstractPipeline.wrapAndCopyInto(AbstractPipeline.java:474)
	at java.base/java.util.stream.FindOps$FindOp.evaluateSequential(FindOps.java:150)
	at java.base/java.util.stream.AbstractPipeline.evaluate(AbstractPipeline.java:234)
	at java.base/java.util.stream.ReferencePipeline.findFirst(ReferencePipeline.java:543)
	at org.openqa.selenium.remote.ProtocolHandshake.createSession(ProtocolHandshake.java:128)
	at org.openqa.selenium.remote.ProtocolHandshake.createSession(ProtocolHandshake.java:74)
	at org.openqa.selenium.remote.HttpCommandExecutor.execute(HttpCommandExecutor.java:136)
	at org.openqa.selenium.remote.service.DriverCommandExecutor.execute(DriverCommandExecutor.java:83)
	at org.openqa.selenium.remote.RemoteWebDriver.execute(RemoteWebDriver.java:552)
	at org.openqa.selenium.remote.RemoteWebDriver.startSession(RemoteWebDriver.java:213)
	at org.openqa.selenium.remote.RemoteWebDriver.<init>(RemoteWebDriver.java:131)
	at org.openqa.selenium.chrome.ChromeDriver.<init>(ChromeDriver.java:181)
	at org.openqa.selenium.chrome.ChromeDriver.<init>(ChromeDriver.java:168)
	at org.openqa.selenium.chrome.ChromeDriver.<init>(ChromeDriver.java:123)
	at com.assignment2.selenium_test.DriverCall.chromeDriverCall(DriverCall.java:36)
	at com.assignment2.selenium_test.DriverCall.driverCall(DriverCall.java:24)
	at test.com.assignment2.selenium_test.SelinumTest.testSetUp(SelinumTest.java:42)
	at java.base/java.lang.reflect.Method.invoke(Method.java:566)
	at java.base/java.util.ArrayList.forEach(ArrayList.java:1541)
	at java.base/java.util.ArrayList.forEach(ArrayList.java:1541)
	Suppressed: java.lang.NullPointerException
		at test.com.assignment2.selenium_test.SelinumTest.testTearDown(SelinumTest.java:80)
		... 3 more
]]></error>
    <system-out><![CDATA[01:08:03.126 [main] DEBUG org.apache.hc.client5.http.impl.classic.InternalHttpClient - ex-0000000007 preparing request execution
01:08:03.126 [main] DEBUG org.apache.hc.client5.http.impl.classic.ProtocolExec - ex-0000000007 target auth state: UNCHALLENGED
01:08:03.126 [main] DEBUG org.apache.hc.client5.http.impl.classic.ProtocolExec - ex-0000000007 proxy auth state: UNCHALLENGED
01:08:03.126 [main] DEBUG org.apache.hc.client5.http.impl.classic.ConnectExec - ex-0000000007 acquiring connection with route {s}->https://raw.githubusercontent.com:443
01:08:03.126 [main] DEBUG org.apache.hc.client5.http.impl.classic.InternalHttpClient - ex-0000000007 acquiring endpoint (3 MINUTES)
01:08:03.126 [main] DEBUG org.apache.hc.client5.http.impl.io.PoolingHttpClientConnectionManager - ex-0000000007 endpoint lease request (3 MINUTES) [route: {s}->https://raw.githubusercontent.com:443][total available: 0; route allocated: 0 of 5; total allocated: 0 of 25]
01:08:03.127 [main] DEBUG org.apache.hc.client5.http.impl.io.PoolingHttpClientConnectionManager - ex-0000000007 endpoint leased [route: {s}->https://raw.githubusercontent.com:443][total available: 0; route allocated: 1 of 5; total allocated: 1 of 25]
01:08:03.127 [main] DEBUG org.apache.hc.client5.http.impl.io.PoolingHttpClientConnectionManager - ex-0000000007 acquired ep-0000000007
01:08:03.127 [main] DEBUG org.apache.hc.client5.http.impl.classic.InternalHttpClient - ex-0000000007 acquired endpoint ep-0000000007
01:08:03.127 [main] DEBUG org.apache.hc.client5.http.impl.classic.ConnectExec - ex-0000000007 opening connection {s}->https://raw.githubusercontent.com:443
01:08:03.127 [main] DEBUG org.apache.hc.client5.http.impl.classic.InternalHttpClient - ep-0000000007 connecting endpoint (null)
01:08:03.127 [main] DEBUG org.apache.hc.client5.http.impl.io.PoolingHttpClientConnectionManager - ep-0000000007 connecting endpoint to https://raw.githubusercontent.com:443 (30 SECONDS)
01:08:03.127 [main] DEBUG org.apache.hc.client5.http.impl.io.DefaultHttpClientConnectionOperator - raw.githubusercontent.com resolving remote address
01:08:03.130 [main] DEBUG org.apache.hc.client5.http.impl.io.DefaultHttpClientConnectionOperator - raw.githubusercontent.com resolved to [raw.githubusercontent.com/185.199.111.133, raw.githubusercontent.com/185.199.110.133, raw.githubusercontent.com/185.199.109.133, raw.githubusercontent.com/185.199.108.133, raw.githubusercontent.com/2606:50c0:8000:0:0:0:0:154, raw.githubusercontent.com/2606:50c0:8001:0:0:0:0:154, raw.githubusercontent.com/2606:50c0:8003:0:0:0:0:154, raw.githubusercontent.com/2606:50c0:8002:0:0:0:0:154]
01:08:03.130 [main] DEBUG org.apache.hc.client5.http.impl.io.DefaultHttpClientConnectionOperator - raw.githubusercontent.com:443 connecting null->raw.githubusercontent.com/185.199.111.133:443 (30 SECONDS)
01:08:03.130 [main] DEBUG org.apache.hc.client5.http.ssl.SSLConnectionSocketFactory - Connecting socket to raw.githubusercontent.com/185.199.111.133:443 with timeout 30 SECONDS
01:08:03.142 [main] DEBUG org.apache.hc.client5.http.ssl.SSLConnectionSocketFactory - Enabled protocols: [TLSv1.3, TLSv1.2]
01:08:03.142 [main] DEBUG org.apache.hc.client5.http.ssl.SSLConnectionSocketFactory - Enabled cipher suites: [TLS_AES_256_GCM_SHA384, TLS_AES_128_GCM_SHA256, TLS_CHACHA20_POLY1305_SHA256, TLS_ECDHE_ECDSA_WITH_AES_256_GCM_SHA384, TLS_ECDHE_ECDSA_WITH_AES_128_GCM_SHA256, TLS_ECDHE_ECDSA_WITH_CHACHA20_POLY1305_SHA256, TLS_ECDHE_RSA_WITH_AES_256_GCM_SHA384, TLS_ECDHE_RSA_WITH_CHACHA20_POLY1305_SHA256, TLS_ECDHE_RSA_WITH_AES_128_GCM_SHA256, TLS_DHE_RSA_WITH_AES_256_GCM_SHA384, TLS_DHE_RSA_WITH_CHACHA20_POLY1305_SHA256, TLS_DHE_DSS_WITH_AES_256_GCM_SHA384, TLS_DHE_RSA_WITH_AES_128_GCM_SHA256, TLS_DHE_DSS_WITH_AES_128_GCM_SHA256, TLS_ECDHE_ECDSA_WITH_AES_256_CBC_SHA384, TLS_ECDHE_RSA_WITH_AES_256_CBC_SHA384, TLS_ECDHE_ECDSA_WITH_AES_128_CBC_SHA256, TLS_ECDHE_RSA_WITH_AES_128_CBC_SHA256, TLS_DHE_RSA_WITH_AES_256_CBC_SHA256, TLS_DHE_DSS_WITH_AES_256_CBC_SHA256, TLS_DHE_RSA_WITH_AES_128_CBC_SHA256, TLS_DHE_DSS_WITH_AES_128_CBC_SHA256, TLS_ECDH_ECDSA_WITH_AES_256_GCM_SHA384, TLS_ECDH_RSA_WITH_AES_256_GCM_SHA384, TLS_ECDH_ECDSA_WITH_AES_128_GCM_SHA256, TLS_ECDH_RSA_WITH_AES_128_GCM_SHA256, TLS_ECDH_ECDSA_WITH_AES_256_CBC_SHA384, TLS_ECDH_RSA_WITH_AES_256_CBC_SHA384, TLS_ECDH_ECDSA_WITH_AES_128_CBC_SHA256, TLS_ECDH_RSA_WITH_AES_128_CBC_SHA256, TLS_ECDHE_ECDSA_WITH_AES_256_CBC_SHA, TLS_ECDHE_RSA_WITH_AES_256_CBC_SHA, TLS_ECDHE_ECDSA_WITH_AES_128_CBC_SHA, TLS_ECDHE_RSA_WITH_AES_128_CBC_SHA, TLS_DHE_RSA_WITH_AES_256_CBC_SHA, TLS_DHE_DSS_WITH_AES_256_CBC_SHA, TLS_DHE_RSA_WITH_AES_128_CBC_SHA, TLS_DHE_DSS_WITH_AES_128_CBC_SHA, TLS_ECDH_ECDSA_WITH_AES_256_CBC_SHA, TLS_ECDH_RSA_WITH_AES_256_CBC_SHA, TLS_ECDH_ECDSA_WITH_AES_128_CBC_SHA, TLS_ECDH_RSA_WITH_AES_128_CBC_SHA, TLS_RSA_WITH_AES_256_GCM_SHA384, TLS_RSA_WITH_AES_128_GCM_SHA256, TLS_RSA_WITH_AES_256_CBC_SHA256, TLS_RSA_WITH_AES_128_CBC_SHA256, TLS_RSA_WITH_AES_256_CBC_SHA, TLS_RSA_WITH_AES_128_CBC_SHA, TLS_EMPTY_RENEGOTIATION_INFO_SCSV]
01:08:03.142 [main] DEBUG org.apache.hc.client5.http.ssl.SSLConnectionSocketFactory - Starting handshake (null)
01:08:03.182 [main] DEBUG org.apache.hc.client5.http.ssl.SSLConnectionSocketFactory - Secure session established
01:08:03.183 [main] DEBUG org.apache.hc.client5.http.ssl.SSLConnectionSocketFactory -  negotiated protocol: TLSv1.3
01:08:03.183 [main] DEBUG org.apache.hc.client5.http.ssl.SSLConnectionSocketFactory -  negotiated cipher suite: TLS_AES_128_GCM_SHA256
01:08:03.183 [main] DEBUG org.apache.hc.client5.http.ssl.SSLConnectionSocketFactory -  peer principal: CN=*.github.io, O="GitHub, Inc.", L=San Francisco, ST=California, C=US
01:08:03.183 [main] DEBUG org.apache.hc.client5.http.ssl.SSLConnectionSocketFactory -  peer alternative names: [*.github.io, github.io, githubusercontent.com, www.github.com, *.github.com, *.githubusercontent.com, github.com]
01:08:03.183 [main] DEBUG org.apache.hc.client5.http.ssl.SSLConnectionSocketFactory -  issuer principal: CN=DigiCert Global G2 TLS RSA SHA256 2020 CA1, O=DigiCert Inc, C=US
01:08:03.183 [main] DEBUG org.apache.hc.client5.http.impl.io.DefaultManagedHttpClientConnection - http-outgoing-6 set socket timeout to 3 MINUTES
01:08:03.183 [main] DEBUG org.apache.hc.client5.http.impl.io.DefaultHttpClientConnectionOperator - raw.githubusercontent.com:443 connected null->raw.githubusercontent.com/185.199.111.133:443 as http-outgoing-6
01:08:03.183 [main] DEBUG org.apache.hc.client5.http.impl.io.PoolingHttpClientConnectionManager - ep-0000000007 connected http-outgoing-6
01:08:03.183 [main] DEBUG org.apache.hc.client5.http.impl.classic.InternalHttpClient - ep-0000000007 endpoint connected
01:08:03.183 [main] DEBUG org.apache.hc.client5.http.impl.classic.MainClientExec - ex-0000000007 executing GET /bonigarcia/webdrivermanager/master/src/main/resources/commands.properties HTTP/1.1
01:08:03.183 [main] DEBUG org.apache.hc.client5.http.protocol.RequestAddCookies - ex-0000000007 Cookie spec selected: strict
01:08:03.183 [main] DEBUG org.apache.hc.client5.http.impl.classic.InternalHttpClient - ep-0000000007 start execution ex-0000000007
01:08:03.183 [main] DEBUG org.apache.hc.client5.http.impl.io.PoolingHttpClientConnectionManager - ep-0000000007 executing exchange ex-0000000007 over http-outgoing-6
01:08:03.183 [main] DEBUG org.apache.hc.client5.http.headers - http-outgoing-6 >> GET /bonigarcia/webdrivermanager/master/src/main/resources/commands.properties HTTP/1.1
01:08:03.183 [main] DEBUG org.apache.hc.client5.http.headers - http-outgoing-6 >> user-agent: Apache-HttpClient/5.0
01:08:03.183 [main] DEBUG org.apache.hc.client5.http.headers - http-outgoing-6 >> accept-encoding: gzip, deflate, br
01:08:03.183 [main] DEBUG org.apache.hc.client5.http.headers - http-outgoing-6 >> cache-control: max-age=0
01:08:03.183 [main] DEBUG org.apache.hc.client5.http.headers - http-outgoing-6 >> connection: keep-alive
01:08:03.183 [main] DEBUG org.apache.hc.client5.http.headers - http-outgoing-6 >> Host: raw.githubusercontent.com
01:08:03.189 [main] DEBUG org.apache.hc.client5.http.wire - http-outgoing-6 >> "GET /bonigarcia/webdrivermanager/master/src/main/resources/commands.properties HTTP/1.1[\r][\n]"
01:08:03.189 [main] DEBUG org.apache.hc.client5.http.wire - http-outgoing-6 >> "user-agent: Apache-HttpClient/5.0[\r][\n]"
01:08:03.189 [main] DEBUG org.apache.hc.client5.http.wire - http-outgoing-6 >> "accept-encoding: gzip, deflate, br[\r][\n]"
01:08:03.189 [main] DEBUG org.apache.hc.client5.http.wire - http-outgoing-6 >> "cache-control: max-age=0[\r][\n]"
01:08:03.189 [main] DEBUG org.apache.hc.client5.http.wire - http-outgoing-6 >> "connection: keep-alive[\r][\n]"
01:08:03.189 [main] DEBUG org.apache.hc.client5.http.wire - http-outgoing-6 >> "Host: raw.githubusercontent.com[\r][\n]"
01:08:03.189 [main] DEBUG org.apache.hc.client5.http.wire - http-outgoing-6 >> "[\r][\n]"
01:08:03.199 [main] DEBUG org.apache.hc.client5.http.wire - http-outgoing-6 << "HTTP/1.1 200 OK[\r][\n]"
01:08:03.199 [main] DEBUG org.apache.hc.client5.http.wire - http-outgoing-6 << "Connection: keep-alive[\r][\n]"
01:08:03.199 [main] DEBUG org.apache.hc.client5.http.wire - http-outgoing-6 << "Content-Length: 745[\r][\n]"
01:08:03.199 [main] DEBUG org.apache.hc.client5.http.wire - http-outgoing-6 << "Cache-Control: max-age=300[\r][\n]"
01:08:03.199 [main] DEBUG org.apache.hc.client5.http.wire - http-outgoing-6 << "Content-Security-Policy: default-src 'none'; style-src 'unsafe-inline'; sandbox[\r][\n]"
01:08:03.199 [main] DEBUG org.apache.hc.client5.http.wire - http-outgoing-6 << "Content-Type: text/plain; charset=utf-8[\r][\n]"
01:08:03.199 [main] DEBUG org.apache.hc.client5.http.wire - http-outgoing-6 << "ETag: W/"dd41edff335272162022217759820159dac501cff56850e2510f504462cd9b5f"[\r][\n]"
01:08:03.199 [main] DEBUG org.apache.hc.client5.http.wire - http-outgoing-6 << "Strict-Transport-Security: max-age=31536000[\r][\n]"
01:08:03.199 [main] DEBUG org.apache.hc.client5.http.wire - http-outgoing-6 << "X-Content-Type-Options: nosniff[\r][\n]"
01:08:03.199 [main] DEBUG org.apache.hc.client5.http.wire - http-outgoing-6 << "X-Frame-Options: deny[\r][\n]"
01:08:03.199 [main] DEBUG org.apache.hc.client5.http.wire - http-outgoing-6 << "X-XSS-Protection: 1; mode=block[\r][\n]"
01:08:03.200 [main] DEBUG org.apache.hc.client5.http.wire - http-outgoing-6 << "X-GitHub-Request-Id: 9A10:1113:470EA8B:497368A:66F41F01[\r][\n]"
01:08:03.200 [main] DEBUG org.apache.hc.client5.http.wire - http-outgoing-6 << "Content-Encoding: gzip[\r][\n]"
01:08:03.200 [main] DEBUG org.apache.hc.client5.http.wire - http-outgoing-6 << "Accept-Ranges: bytes[\r][\n]"
01:08:03.200 [main] DEBUG org.apache.hc.client5.http.wire - http-outgoing-6 << "Date: Tue, 22 Oct 2024 01:08:03 GMT[\r][\n]"
01:08:03.200 [main] DEBUG org.apache.hc.client5.http.wire - http-outgoing-6 << "Via: 1.1 varnish[\r][\n]"
01:08:03.200 [main] DEBUG org.apache.hc.client5.http.wire - http-outgoing-6 << "X-Served-By: cache-bur-kbur8200042-BUR[\r][\n]"
01:08:03.200 [main] DEBUG org.apache.hc.client5.http.wire - http-outgoing-6 << "X-Cache: HIT[\r][\n]"
01:08:03.200 [main] DEBUG org.apache.hc.client5.http.wire - http-outgoing-6 << "X-Cache-Hits: 1[\r][\n]"
01:08:03.200 [main] DEBUG org.apache.hc.client5.http.wire - http-outgoing-6 << "X-Timer: S1729559283.189786,VS0,VE1[\r][\n]"
01:08:03.200 [main] DEBUG org.apache.hc.client5.http.wire - http-outgoing-6 << "Vary: Authorization,Accept-Encoding,Origin[\r][\n]"
01:08:03.200 [main] DEBUG org.apache.hc.client5.http.wire - http-outgoing-6 << "Access-Control-Allow-Origin: *[\r][\n]"
01:08:03.200 [main] DEBUG org.apache.hc.client5.http.wire - http-outgoing-6 << "Cross-Origin-Resource-Policy: cross-origin[\r][\n]"
01:08:03.200 [main] DEBUG org.apache.hc.client5.http.wire - http-outgoing-6 << "X-Fastly-Request-ID: 537e99f094806bb93b17490e487dbb2ce05c4fc9[\r][\n]"
01:08:03.200 [main] DEBUG org.apache.hc.client5.http.wire - http-outgoing-6 << "Expires: Tue, 22 Oct 2024 01:13:03 GMT[\r][\n]"
01:08:03.200 [main] DEBUG org.apache.hc.client5.http.wire - http-outgoing-6 << "Source-Age: 67[\r][\n]"
01:08:03.200 [main] DEBUG org.apache.hc.client5.http.wire - http-outgoing-6 << "[\r][\n]"
01:08:03.201 [main] DEBUG org.apache.hc.client5.http.headers - http-outgoing-6 << HTTP/1.1 200 OK
01:08:03.201 [main] DEBUG org.apache.hc.client5.http.headers - http-outgoing-6 << Connection: keep-alive
01:08:03.201 [main] DEBUG org.apache.hc.client5.http.headers - http-outgoing-6 << Content-Length: 745
01:08:03.201 [main] DEBUG org.apache.hc.client5.http.headers - http-outgoing-6 << Cache-Control: max-age=300
01:08:03.201 [main] DEBUG org.apache.hc.client5.http.headers - http-outgoing-6 << Content-Security-Policy: default-src 'none'; style-src 'unsafe-inline'; sandbox
01:08:03.201 [main] DEBUG org.apache.hc.client5.http.headers - http-outgoing-6 << Content-Type: text/plain; charset=utf-8
01:08:03.201 [main] DEBUG org.apache.hc.client5.http.headers - http-outgoing-6 << ETag: W/"dd41edff335272162022217759820159dac501cff56850e2510f504462cd9b5f"
01:08:03.201 [main] DEBUG org.apache.hc.client5.http.headers - http-outgoing-6 << Strict-Transport-Security: max-age=31536000
01:08:03.201 [main] DEBUG org.apache.hc.client5.http.headers - http-outgoing-6 << X-Content-Type-Options: nosniff
01:08:03.201 [main] DEBUG org.apache.hc.client5.http.headers - http-outgoing-6 << X-Frame-Options: deny
01:08:03.201 [main] DEBUG org.apache.hc.client5.http.headers - http-outgoing-6 << X-XSS-Protection: 1; mode=block
01:08:03.201 [main] DEBUG org.apache.hc.client5.http.headers - http-outgoing-6 << X-GitHub-Request-Id: 9A10:1113:470EA8B:497368A:66F41F01
01:08:03.201 [main] DEBUG org.apache.hc.client5.http.headers - http-outgoing-6 << Content-Encoding: gzip
01:08:03.201 [main] DEBUG org.apache.hc.client5.http.headers - http-outgoing-6 << Accept-Ranges: bytes
01:08:03.201 [main] DEBUG org.apache.hc.client5.http.headers - http-outgoing-6 << Date: Tue, 22 Oct 2024 01:08:03 GMT
01:08:03.201 [main] DEBUG org.apache.hc.client5.http.headers - http-outgoing-6 << Via: 1.1 varnish
01:08:03.201 [main] DEBUG org.apache.hc.client5.http.headers - http-outgoing-6 << X-Served-By: cache-bur-kbur8200042-BUR
01:08:03.201 [main] DEBUG org.apache.hc.client5.http.headers - http-outgoing-6 << X-Cache: HIT
01:08:03.201 [main] DEBUG org.apache.hc.client5.http.headers - http-outgoing-6 << X-Cache-Hits: 1
01:08:03.201 [main] DEBUG org.apache.hc.client5.http.headers - http-outgoing-6 << X-Timer: S1729559283.189786,VS0,VE1
01:08:03.201 [main] DEBUG org.apache.hc.client5.http.headers - http-outgoing-6 << Vary: Authorization,Accept-Encoding,Origin
01:08:03.201 [main] DEBUG org.apache.hc.client5.http.headers - http-outgoing-6 << Access-Control-Allow-Origin: *
01:08:03.201 [main] DEBUG org.apache.hc.client5.http.headers - http-outgoing-6 << Cross-Origin-Resource-Policy: cross-origin
01:08:03.201 [main] DEBUG org.apache.hc.client5.http.headers - http-outgoing-6 << X-Fastly-Request-ID: 537e99f094806bb93b17490e487dbb2ce05c4fc9
01:08:03.202 [main] DEBUG org.apache.hc.client5.http.headers - http-outgoing-6 << Expires: Tue, 22 Oct 2024 01:13:03 GMT
01:08:03.202 [main] DEBUG org.apache.hc.client5.http.headers - http-outgoing-6 << Source-Age: 67
01:08:03.202 [main] DEBUG org.apache.hc.client5.http.impl.classic.MainClientExec - ex-0000000007 connection can be kept alive for 3 MINUTES
01:08:03.205 [main] DEBUG org.apache.hc.client5.http.wire - http-outgoing-6 << "[0x1f][0xffffff8b][0x8][0x0][0x0][0x0][0x0][0x0][0x0][0x3][0xffffffb5]W]o[0xffffffda]0[0x14]}[0xffffffe7]W\QUj% [0x1b][0xffffffad][0xffffffa6]i[0x12][0xf]4c[0xffffffdd]4*[0x18][0xffffffb4][0xffffffdd]&[0xfffffff9][0xffffffc5]$N[0xffffffb0][0xffffff94][0xffffffd8][0xffffffc8]NJ[0xffffffb7]_?[0xffffffdb][0xfffffff9]X[0xffffff92]:[0xffffffa3]k[0xffffffe8][0x1b][0xffffffb6][0xffffffef]=[0xffffffe7][0xffffffd8][0xfffffff7][0xffffffe4][0xffffffda][0xffffff9c][0xffffff80][0xffffffcb][0xffffffe3][0x18]3_[0xffffff82][0xffffff8f][0x13][0xffffffbc][0xffffffc1][0xffffff92][0xfffffff4]N[0xffffffe0]vK%[0x4]4"[0xffffffe0]q[0xffffff96]`[0xffffffca]$$[=[0xffffffc8]C[0x13][0xe][0x1b][0x2][0xffffffe4][0xffffff91]xiB|[0xffffffa0][0xffffffcc],[0xffffffcb]-[0xffffff89]"=[0xffffffe0][0xffffffc2]'B[0x7][0xfffffff9]$!^b[0x16][0x1f][0xffffff88][0xffffff90][0xffffff94][0xffffffab][0xffffffb5][0x0][0xffffff88][0xfffffffa][0x1d][\n]"
01:08:03.205 [main] DEBUG org.apache.hc.client5.http.wire - http-outgoing-6 << "B[0x18]l[0x4][0xffffffdf]K[0xffffffb5][0xffffffa0]([0xffffffcf][0xffffffdc][0xffffffad][0xffffffe0]1[0x19][0xffffffc0]'*H[0xffffffc0][0x1f][0x7][0xffffffb0][0xffffffd8][0x11][0xffffff81][0x7]0[0xfffffff3]C5kVi[0x1a][0xffffff9f]k|[0xffffff9f][0x6][0x1][0x11][0xffffff84]%[0xffffffc0]uLBY[0x8][0xfffffff2][0xffffff97]LH,[0xffffffe1][0xffffffec];e[0xffffffbe]B[0x1d][0xffffffc0][0xffffff9c][0xffffffb2]T[0xffffffc1][0xffffffdc]`[0xf][0x16][0xffffffeb][0xfffffff3][0xffffff9e][0xffffffe2][0xffffffc8](z[0xfffffff9]6F[0xffffff9e][0x19][0xffffff8e][0xfffffff6]Y[0xffffffc2][0xffffffe8][0xffffffcd][0xffffffdb][0xffffff89][0x17][0xfffffffb]#[0xffffffb5]+p\[0xffffffd8][0xffffffc7][0xffffffd4]3Gb[0xffffff8e]a[0xffffffbf]U|[0xffffffc0]pL&[0xfffffffd][0xffffffd3][0xffffffe5]jq[0xffffffbd][0xffffff9a][0xffffffde]|[0xfffffffa]2[0xffffff9f][0xffffffad]?[0xffffffa0][0x9]B[0xffffffa7][0x8]]s[0x1e]F[0x4][0xffffffa1][0xffffff8c][0x2][0xffffffa1][0xffffffe9]n[0x17]QOI[0xffffffe3][0xc][0xffffffa1][0xffffff9c]H![0xfffffff7]!$[0x9][0xffffffdc][0xffffffe7]g[0xffffffe1]<[0xffffffe0](m[0xffffffd7]3~[0xffffff81][0xffffff9e][0xffffffb3][0x1f][0xffffffef][0xffffffdf][0xffffff9d][0xffffffbf][0xffffffa6][0xffffffa8][0xffffff8b]g[0xffffff8a][0xffffff9a]/[0xffffffdc][0xffffffe9]|[0xffffffba]\~[0xffffff9c][0xffffffde]N_S[0xffffffcf][0xffffffe5]d5[0xffffffbb][0xffffff86]ow[0xffffffb3][0xffffffd5]O[0xfffffff8][0xfffffffc][0xffffffd5][0xffffffbd]Ck[0x1e]${,H[0xffffffc1][0xffffff96][0xffffff93]][0xffffffcd][0xffffffaf][0x8][0xfffffff6][0xc]^[0xffffffe1][0xffffffc5]^[0x13]4[0xffffffd2][0xffffff8e][0xffffffd1]>pR)[0xffffff9c][\r]eNh0[0xffffff86][0xffffffd9]:[0xc][0xffffff87]E[0xffffffa6]=q<i[0xffffff8b]o&[0xffffffc4][0xffffffd8]3<[0xffffff95][0x13][0xffffff90]N&8w[0xffffffe9][0x8][0xffffffef]v[0xffffff8e][0xffffffab][0xffffffbe]>es[0xffffffe9]([0x13]/[0xffffffd6][0xfffffff5][0xffffff80]*[0xffffffba][0xfffffff2]v[0xfffffffe][0xffffffd9][0xffffff94]DA6>[0xffffff8e][0xffffffbb]o[0xfffffff8]o[0x1a]E[0xffffffb8] A[0xffffffa8]@?T[0xffffffad]'*:{[0xfffffffa]xR.*[0xffffffce][0xffffffe9][0xffffffd7][0xffffffad][0xffffff93][0xffffff93]4[0xffffffc9][0xfffffffa][0xffffffda]<n*t[0xffffffeb][0xffffffb9]oV[0xffffffb6][0xffffffc0]/M[0xffffff94]O[0xffffffc0][0xfffffff0][0xffffffe1]i[0xffffff90][0xffffffb5][0xfffffffe]9[0xffffff8b][0xffffffad][0xfffffff2]U,Ul[0xffffffdd][0x13]KL[0xffffffa2][0x6][0xffffffdd][0xffffffca]\?`[0xffffffea][0x9].[0xffffffd5]I [0xffffffa4]i[0x1a]_i,[\r][0xffffffdd][0xffffffa1][0xffffffc3][0xffffffae]kzI[0xffffffd1]_Q[0xffffffce]Ek[0xffffffcb][0xfffffff8]Kf[0xffffffb8][0xfffffffe][0xffffffd9]3[0xc][0xffffffe6][0xffffffd3][0xffffff8e][0x11][0x17][0x10]C[0x1d]`i[0x19][0xffffffd5][0xffffffbc][0xfffffff1][0xffffffa4]5[0xffffffbc][0x1e]o[0xfffffff5]K[0xffffffa9][0xffffffd6][0xfffffff8][0xffffffc1]f[0xffffff9b]z[0x4][0xffffffd4][0x1a][0xffffff86][0xffffffb9]^K[0x16]s[0xffffff91][0xfffffffe][0xffffffbf][0xffffff8b]l]~)x(p,[0x11]2[0x14][0x8]E8e[0xffffff9e][0xffffffca]:X[0xffffffa6][0xffffff86][0xffffff88].[0xffffffb6]9[0xffffff9a][0xffffff88].[0xfffffff7]]G[0xffffffea][0xffffffcb][0xe][0xfffffffb][0x7f].u[0xffffff83][0xffffffbb][0xfffffff4][0xffffffb3][0x19][0xffffffda][0xffffffec][0xffffff98][0xffffffc5]Y[0xfffffffd]h8m6\4[0xffffffc1][0xffffff8a][0xffffffb7][0xffffff98]z[0xffffffd0][0xffffffd5]oF5q[0x1c][0x13][0x16][0xfffffff0][0x1d][0x1e][0x19]5-[0xffffff9d][0xffffffef][0xffffffad]c[0xb]z[0xffffffae]/m[0xffffffe6]8[0xffffffb6][0xffffff96][0xfffffff6]7X[0xffffffc9]t[0xfffffff8][0xfffffff9][0xffffffa5][0x11]K[0xfffffffb][0x15]3[0xffffffc3][0xfffffffc][0x1f]B[0xffffffdb][0xffffffd3][0xffffffab][0xffffff92]4.[0xffffff93]Z[0xffffffdf]]:[0xffffffda][0xffffffea][0xffffffdc]B[0xffffffa6][0xffffffcd][0xffffffbc][0xffffffae][0x5][0xfffffff5][0x4][0xffffffd6]8[0xffffffc0][0xffffff82][0xffffff96][0xfffffff0][0xffffffd2][0xc][0xffffffed][0xffffffe0]Y[0xffffffa8][\r]:[[0xffffffa9][0x0][0xffffffff][0x1][0xfffffff8][0x15][0xffffffb4][0xffffffee][0xffffff8e][\r][0x0][0x0]"
01:08:03.205 [main] DEBUG org.apache.hc.client5.http.impl.classic.InternalHttpClient - ep-0000000007 releasing valid endpoint
01:08:03.205 [main] DEBUG org.apache.hc.client5.http.impl.io.PoolingHttpClientConnectionManager - ep-0000000007 releasing endpoint
01:08:03.205 [main] DEBUG org.apache.hc.client5.http.impl.io.PoolingHttpClientConnectionManager - ep-0000000007 connection http-outgoing-6 can be kept alive for 3 MINUTES
01:08:03.206 [main] DEBUG org.apache.hc.client5.http.impl.io.PoolingHttpClientConnectionManager - ep-0000000007 connection released [route: {s}->https://raw.githubusercontent.com:443][total available: 1; route allocated: 1 of 5; total allocated: 1 of 25]
01:08:03.208 [main] DEBUG io.github.bonigarcia.wdm.versions.VersionDetector - Detecting chrome version using online commands.properties
01:08:03.208 [main] DEBUG io.github.bonigarcia.wdm.versions.Shell - Running command on the shell: [/usr/bin/google-chrome, --version]
01:08:03.214 [main] DEBUG io.github.bonigarcia.wdm.versions.Shell - There was a problem executing command </usr/bin/google-chrome --version> on the shell: Cannot run program "/usr/bin/google-chrome" (in directory "."): error=2, No such file or directory
01:08:03.214 [main] DEBUG io.github.bonigarcia.wdm.versions.Shell - Result: 
01:08:03.214 [main] DEBUG io.github.bonigarcia.wdm.versions.Shell - Running command on the shell: [google-chrome, --version]
01:08:03.226 [main] DEBUG io.github.bonigarcia.wdm.versions.Shell - There was a problem executing command <google-chrome --version> on the shell: Cannot run program "google-chrome" (in directory "."): error=2, No such file or directory
01:08:03.226 [main] DEBUG io.github.bonigarcia.wdm.versions.Shell - Result: 
01:08:03.226 [main] DEBUG io.github.bonigarcia.wdm.versions.VersionDetector - Browser version for chrome not detected using online properties (using local commands.properties)
01:08:03.227 [main] DEBUG io.github.bonigarcia.wdm.versions.Shell - Running command on the shell: [/usr/bin/google-chrome, --version]
01:08:03.229 [main] DEBUG io.github.bonigarcia.wdm.versions.Shell - There was a problem executing command </usr/bin/google-chrome --version> on the shell: Cannot run program "/usr/bin/google-chrome" (in directory "."): error=2, No such file or directory
01:08:03.229 [main] DEBUG io.github.bonigarcia.wdm.versions.Shell - Result: 
01:08:03.229 [main] DEBUG io.github.bonigarcia.wdm.versions.Shell - Running command on the shell: [google-chrome, --version]
01:08:03.235 [main] DEBUG io.github.bonigarcia.wdm.versions.Shell - There was a problem executing command <google-chrome --version> on the shell: Cannot run program "google-chrome" (in directory "."): error=2, No such file or directory
01:08:03.235 [main] DEBUG io.github.bonigarcia.wdm.versions.Shell - Result: 
01:08:03.235 [main] DEBUG io.github.bonigarcia.wdm.WebDriverManager - The driver version for CHROME is unknown ... trying with latest
01:08:03.237 [main] DEBUG org.apache.hc.client5.http.impl.classic.InternalHttpClient - ex-0000000008 preparing request execution
01:08:03.238 [main] DEBUG org.apache.hc.client5.http.impl.classic.ProtocolExec - ex-0000000008 target auth state: UNCHALLENGED
01:08:03.238 [main] DEBUG org.apache.hc.client5.http.impl.classic.ProtocolExec - ex-0000000008 proxy auth state: UNCHALLENGED
01:08:03.238 [main] DEBUG org.apache.hc.client5.http.impl.classic.ConnectExec - ex-0000000008 acquiring connection with route {s}->https://googlechromelabs.github.io:443
01:08:03.238 [main] DEBUG org.apache.hc.client5.http.impl.classic.InternalHttpClient - ex-0000000008 acquiring endpoint (3 MINUTES)
01:08:03.239 [main] DEBUG org.apache.hc.client5.http.impl.io.PoolingHttpClientConnectionManager - ex-0000000008 endpoint lease request (3 MINUTES) [route: {s}->https://googlechromelabs.github.io:443][total available: 1; route allocated: 0 of 5; total allocated: 1 of 25]
01:08:03.239 [main] DEBUG org.apache.hc.client5.http.impl.io.PoolingHttpClientConnectionManager - ex-0000000008 endpoint leased [route: {s}->https://googlechromelabs.github.io:443][total available: 1; route allocated: 1 of 5; total allocated: 2 of 25]
01:08:03.239 [main] DEBUG org.apache.hc.client5.http.impl.io.PoolingHttpClientConnectionManager - ex-0000000008 acquired ep-0000000008
[...]
01:08:23.669 [main] DEBUG org.apache.hc.client5.http.impl.io.PoolingHttpClientConnectionManager - ex-0000000012 acquired ep-0000000012
01:08:23.669 [main] DEBUG org.apache.hc.client5.http.impl.classic.InternalHttpClient - ex-0000000012 acquired endpoint ep-0000000012
01:08:23.669 [main] DEBUG org.apache.hc.client5.http.impl.classic.ConnectExec - ex-0000000012 opening connection {s}->https://googlechromelabs.github.io:443
01:08:23.669 [main] DEBUG org.apache.hc.client5.http.impl.classic.InternalHttpClient - ep-0000000012 connecting endpoint (null)
01:08:23.669 [main] DEBUG org.apache.hc.client5.http.impl.io.PoolingHttpClientConnectionManager - ep-0000000012 connecting endpoint to https://googlechromelabs.github.io:443 (30 SECONDS)
01:08:23.669 [main] DEBUG org.apache.hc.client5.http.impl.io.DefaultHttpClientConnectionOperator - googlechromelabs.github.io resolving remote address
01:08:23.669 [main] DEBUG org.apache.hc.client5.http.impl.io.DefaultHttpClientConnectionOperator - googlechromelabs.github.io resolved to [googlechromelabs.github.io/185.199.108.153, googlechromelabs.github.io/185.199.109.153, googlechromelabs.github.io/185.199.111.153, googlechromelabs.github.io/185.199.110.153, googlechromelabs.github.io/2606:50c0:8001:0:0:0:0:153, googlechromelabs.github.io/2606:50c0:8002:0:0:0:0:153, googlechromelabs.github.io/2606:50c0:8000:0:0:0:0:153, googlechromelabs.github.io/2606:50c0:8003:0:0:0:0:153]
01:08:23.670 [main] DEBUG org.apache.hc.client5.http.impl.io.DefaultHttpClientConnectionOperator - googlechromelabs.github.io:443 connecting null->googlechromelabs.github.io/185.199.108.153:443 (30 SECONDS)
01:08:23.672 [main] DEBUG org.apache.hc.client5.http.ssl.SSLConnectionSocketFactory - Connecting socket to googlechromelabs.github.io/185.199.108.153:443 with timeout 30 SECONDS
01:08:23.681 [main] DEBUG org.apache.hc.client5.http.ssl.SSLConnectionSocketFactory - Enabled protocols: [TLSv1.3, TLSv1.2]
01:08:23.681 [main] DEBUG org.apache.hc.client5.http.ssl.SSLConnectionSocketFactory - Enabled cipher suites: [TLS_AES_256_GCM_SHA384, TLS_AES_128_GCM_SHA256, TLS_CHACHA20_POLY1305_SHA256, TLS_ECDHE_ECDSA_WITH_AES_256_GCM_SHA384, TLS_ECDHE_ECDSA_WITH_AES_128_GCM_SHA256, TLS_ECDHE_ECDSA_WITH_CHACHA20_POLY1305_SHA256, TLS_ECDHE_RSA_WITH_AES_256_GCM_SHA384, TLS_ECDHE_RSA_WITH_CHACHA20_POLY1305_SHA256, TLS_ECDHE_RSA_WITH_AES_128_GCM_SHA256, TLS_DHE_RSA_WITH_AES_256_GCM_SHA384, TLS_DHE_RSA_WITH_CHACHA20_POLY1305_SHA256, TLS_DHE_DSS_WITH_AES_256_GCM_SHA384, TLS_DHE_RSA_WITH_AES_128_GCM_SHA256, TLS_DHE_DSS_WITH_AES_128_GCM_SHA256, TLS_ECDHE_ECDSA_WITH_AES_256_CBC_SHA384, TLS_ECDHE_RSA_WITH_AES_256_CBC_SHA384, TLS_ECDHE_ECDSA_WITH_AES_128_CBC_SHA256, TLS_ECDHE_RSA_WITH_AES_128_CBC_SHA256, TLS_DHE_RSA_WITH_AES_256_CBC_SHA256, TLS_DHE_DSS_WITH_AES_256_CBC_SHA256, TLS_DHE_RSA_WITH_AES_128_CBC_SHA256, TLS_DHE_DSS_WITH_AES_128_CBC_SHA256, TLS_ECDH_ECDSA_WITH_AES_256_GCM_SHA384, TLS_ECDH_RSA_WITH_AES_256_GCM_SHA384, TLS_ECDH_ECDSA_WITH_AES_128_GCM_SHA256, TLS_ECDH_RSA_WITH_AES_128_GCM_SHA256, TLS_ECDH_ECDSA_WITH_AES_256_CBC_SHA384, TLS_ECDH_RSA_WITH_AES_256_CBC_SHA384, TLS_ECDH_ECDSA_WITH_AES_128_CBC_SHA256, TLS_ECDH_RSA_WITH_AES_128_CBC_SHA256, TLS_ECDHE_ECDSA_WITH_AES_256_CBC_SHA, TLS_ECDHE_RSA_WITH_AES_256_CBC_SHA, TLS_ECDHE_ECDSA_WITH_AES_128_CBC_SHA, TLS_ECDHE_RSA_WITH_AES_128_CBC_SHA, TLS_DHE_RSA_WITH_AES_256_CBC_SHA, TLS_DHE_DSS_WITH_AES_256_CBC_SHA, TLS_DHE_RSA_WITH_AES_128_CBC_SHA, TLS_DHE_DSS_WITH_AES_128_CBC_SHA, TLS_ECDH_ECDSA_WITH_AES_256_CBC_SHA, TLS_ECDH_RSA_WITH_AES_256_CBC_SHA, TLS_ECDH_ECDSA_WITH_AES_128_CBC_SHA, TLS_ECDH_RSA_WITH_AES_128_CBC_SHA, TLS_RSA_WITH_AES_256_GCM_SHA384, TLS_RSA_WITH_AES_128_GCM_SHA256, TLS_RSA_WITH_AES_256_CBC_SHA256, TLS_RSA_WITH_AES_128_CBC_SHA256, TLS_RSA_WITH_AES_256_CBC_SHA, TLS_RSA_WITH_AES_128_CBC_SHA, TLS_EMPTY_RENEGOTIATION_INFO_SCSV]
01:08:23.681 [main] DEBUG org.apache.hc.client5.http.ssl.SSLConnectionSocketFactory - Starting handshake (null)
01:08:23.700 [main] DEBUG org.apache.hc.client5.http.ssl.SSLConnectionSocketFactory - Secure session established
01:08:23.700 [main] DEBUG org.apache.hc.client5.http.ssl.SSLConnectionSocketFactory -  negotiated protocol: TLSv1.3
01:08:23.700 [main] DEBUG org.apache.hc.client5.http.ssl.SSLConnectionSocketFactory -  negotiated cipher suite: TLS_AES_128_GCM_SHA256
01:08:23.700 [main] DEBUG org.apache.hc.client5.http.ssl.SSLConnectionSocketFactory -  peer principal: CN=*.github.io, O="GitHub, Inc.", L=San Francisco, ST=California, C=US
01:08:23.700 [main] DEBUG org.apache.hc.client5.http.ssl.SSLConnectionSocketFactory -  peer alternative names: [*.github.io, github.io, githubusercontent.com, www.github.com, *.github.com, *.githubusercontent.com, github.com]
01:08:23.700 [main] DEBUG org.apache.hc.client5.http.ssl.SSLConnectionSocketFactory -  issuer principal: CN=DigiCert Global G2 TLS RSA SHA256 2020 CA1, O=DigiCert Inc, C=US
01:08:23.700 [main] DEBUG org.apache.hc.client5.http.impl.io.DefaultManagedHttpClientConnection - http-outgoing-11 set socket timeout to 3 MINUTES
01:08:23.700 [main] DEBUG org.apache.hc.client5.http.impl.io.DefaultHttpClientConnectionOperator - googlechromelabs.github.io:443 connected null->googlechromelabs.github.io/185.199.108.153:443 as http-outgoing-11
01:08:23.700 [main] DEBUG org.apache.hc.client5.http.impl.io.PoolingHttpClientConnectionManager - ep-0000000012 connected http-outgoing-11
01:08:23.700 [main] DEBUG org.apache.hc.client5.http.impl.classic.InternalHttpClient - ep-0000000012 endpoint connected
01:08:23.709 [main] DEBUG org.apache.hc.client5.http.impl.classic.MainClientExec - ex-0000000012 executing GET /chrome-for-testing/last-known-good-versions-with-downloads.json HTTP/1.1
01:08:23.709 [main] DEBUG org.apache.hc.client5.http.protocol.RequestAddCookies - ex-0000000012 Cookie spec selected: strict
01:08:23.709 [main] DEBUG org.apache.hc.client5.http.impl.classic.InternalHttpClient - ep-0000000012 start execution ex-0000000012
01:08:23.709 [main] DEBUG org.apache.hc.client5.http.impl.io.PoolingHttpClientConnectionManager - ep-0000000012 executing exchange ex-0000000012 over http-outgoing-11
01:08:23.709 [main] DEBUG org.apache.hc.client5.http.headers - http-outgoing-11 >> GET /chrome-for-testing/last-known-good-versions-with-downloads.json HTTP/1.1
01:08:23.709 [main] DEBUG org.apache.hc.client5.http.headers - http-outgoing-11 >> user-agent: Apache-HttpClient/5.0
01:08:23.709 [main] DEBUG org.apache.hc.client5.http.headers - http-outgoing-11 >> accept-encoding: gzip, deflate, br
01:08:23.709 [main] DEBUG org.apache.hc.client5.http.headers - http-outgoing-11 >> cache-control: max-age=0
01:08:23.709 [main] DEBUG org.apache.hc.client5.http.headers - http-outgoing-11 >> connection: keep-alive
01:08:23.709 [main] DEBUG org.apache.hc.client5.http.headers - http-outgoing-11 >> Host: googlechromelabs.github.io
01:08:23.710 [main] DEBUG org.apache.hc.client5.http.wire - http-outgoing-11 >> "GET /chrome-for-testing/last-known-good-versions-with-downloads.json HTTP/1.1[\r][\n]"
01:08:23.710 [main] DEBUG org.apache.hc.client5.http.wire - http-outgoing-11 >> "user-agent: Apache-HttpClient/5.0[\r][\n]"
01:08:23.710 [main] DEBUG org.apache.hc.client5.http.wire - http-outgoing-11 >> "accept-encoding: gzip, deflate, br[\r][\n]"
01:08:23.710 [main] DEBUG org.apache.hc.client5.http.wire - http-outgoing-11 >> "cache-control: max-age=0[\r][\n]"
01:08:23.710 [main] DEBUG org.apache.hc.client5.http.wire - http-outgoing-11 >> "connection: keep-alive[\r][\n]"
01:08:23.710 [main] DEBUG org.apache.hc.client5.http.wire - http-outgoing-11 >> "Host: googlechromelabs.github.io[\r][\n]"
01:08:23.710 [main] DEBUG org.apache.hc.client5.http.wire - http-outgoing-11 >> "[\r][\n]"
01:08:23.721 [main] DEBUG org.apache.hc.client5.http.wire - http-outgoing-11 << "HTTP/1.1 200 OK[\r][\n]"
01:08:23.721 [main] DEBUG org.apache.hc.client5.http.wire - http-outgoing-11 << "Connection: keep-alive[\r][\n]"
01:08:23.721 [main] DEBUG org.apache.hc.client5.http.wire - http-outgoing-11 << "Content-Length: 644[\r][\n]"
01:08:23.721 [main] DEBUG org.apache.hc.client5.http.wire - http-outgoing-11 << "Server: GitHub.com[\r][\n]"
01:08:23.721 [main] DEBUG org.apache.hc.client5.http.wire - http-outgoing-11 << "Content-Type: application/json; charset=utf-8[\r][\n]"
01:08:23.721 [main] DEBUG org.apache.hc.client5.http.wire - http-outgoing-11 << "permissions-policy: interest-cohort=()[\r][\n]"
01:08:23.721 [main] DEBUG org.apache.hc.client5.http.wire - http-outgoing-11 << "x-origin-cache: HIT[\r][\n]"
01:08:23.721 [main] DEBUG org.apache.hc.client5.http.wire - http-outgoing-11 << "Last-Modified: Tue, 22 Oct 2024 00:31:32 GMT[\r][\n]"
01:08:23.721 [main] DEBUG org.apache.hc.client5.http.wire - http-outgoing-11 << "Access-Control-Allow-Origin: *[\r][\n]"
01:08:23.721 [main] DEBUG org.apache.hc.client5.http.wire - http-outgoing-11 << "Strict-Transport-Security: max-age=31556952[\r][\n]"
01:08:23.721 [main] DEBUG org.apache.hc.client5.http.wire - http-outgoing-11 << "ETag: W/"6716f264-21d8"[\r][\n]"
01:08:23.721 [main] DEBUG org.apache.hc.client5.http.wire - http-outgoing-11 << "expires: Tue, 22 Oct 2024 00:44:34 GMT[\r][\n]"
01:08:23.721 [main] DEBUG org.apache.hc.client5.http.wire - http-outgoing-11 << "Cache-Control: max-age=600[\r][\n]"
01:08:23.721 [main] DEBUG org.apache.hc.client5.http.wire - http-outgoing-11 << "Content-Encoding: gzip[\r][\n]"
01:08:23.721 [main] DEBUG org.apache.hc.client5.http.wire - http-outgoing-11 << "x-proxy-cache: HIT[\r][\n]"
01:08:23.721 [main] DEBUG org.apache.hc.client5.http.wire - http-outgoing-11 << "X-GitHub-Request-Id: 9E6E:1126:657106:67497F:6716F372[\r][\n]"
01:08:23.721 [main] DEBUG org.apache.hc.client5.http.wire - http-outgoing-11 << "Accept-Ranges: bytes[\r][\n]"
01:08:23.721 [main] DEBUG org.apache.hc.client5.http.wire - http-outgoing-11 << "Date: Tue, 22 Oct 2024 01:08:23 GMT[\r][\n]"
01:08:23.721 [main] DEBUG org.apache.hc.client5.http.wire - http-outgoing-11 << "Via: 1.1 varnish[\r][\n]"
01:08:23.721 [main] DEBUG org.apache.hc.client5.http.wire - http-outgoing-11 << "Age: 289[\r][\n]"
01:08:23.721 [main] DEBUG org.apache.hc.client5.http.wire - http-outgoing-11 << "X-Served-By: cache-bur-kbur8200135-BUR[\r][\n]"
01:08:23.721 [main] DEBUG org.apache.hc.client5.http.wire - http-outgoing-11 << "X-Cache: HIT[\r][\n]"
01:08:23.721 [main] DEBUG org.apache.hc.client5.http.wire - http-outgoing-11 << "X-Cache-Hits: 1[\r][\n]"
01:08:23.721 [main] DEBUG org.apache.hc.client5.http.wire - http-outgoing-11 << "X-Timer: S1729559304.710188,VS0,VE2[\r][\n]"
01:08:23.721 [main] DEBUG org.apache.hc.client5.http.wire - http-outgoing-11 << "Vary: Accept-Encoding[\r][\n]"
01:08:23.721 [main] DEBUG org.apache.hc.client5.http.wire - http-outgoing-11 << "X-Fastly-Request-ID: f46fafdc81e018e91c2dfea27ab719cab9de8a0f[\r][\n]"
01:08:23.721 [main] DEBUG org.apache.hc.client5.http.wire - http-outgoing-11 << "[\r][\n]"
01:08:23.721 [main] DEBUG org.apache.hc.client5.http.headers - http-outgoing-11 << HTTP/1.1 200 OK
01:08:23.721 [main] DEBUG org.apache.hc.client5.http.headers - http-outgoing-11 << Connection: keep-alive
01:08:23.721 [main] DEBUG org.apache.hc.client5.http.headers - http-outgoing-11 << Content-Length: 644
01:08:23.721 [main] DEBUG org.apache.hc.client5.http.headers - http-outgoing-11 << Server: GitHub.com
01:08:23.721 [main] DEBUG org.apache.hc.client5.http.headers - http-outgoing-11 << Content-Type: application/json; charset=utf-8
01:08:23.721 [main] DEBUG org.apache.hc.client5.http.headers - http-outgoing-11 << permissions-policy: interest-cohort=()
01:08:23.721 [main] DEBUG org.apache.hc.client5.http.headers - http-outgoing-11 << x-origin-cache: HIT
01:08:23.721 [main] DEBUG org.apache.hc.client5.http.headers - http-outgoing-11 << Last-Modified: Tue, 22 Oct 2024 00:31:32 GMT
01:08:23.721 [main] DEBUG org.apache.hc.client5.http.headers - http-outgoing-11 << Access-Control-Allow-Origin: *
01:08:23.721 [main] DEBUG org.apache.hc.client5.http.headers - http-outgoing-11 << Strict-Transport-Security: max-age=31556952
01:08:23.721 [main] DEBUG org.apache.hc.client5.http.headers - http-outgoing-11 << ETag: W/"6716f264-21d8"
01:08:23.721 [main] DEBUG org.apache.hc.client5.http.headers - http-outgoing-11 << expires: Tue, 22 Oct 2024 00:44:34 GMT
01:08:23.721 [main] DEBUG org.apache.hc.client5.http.headers - http-outgoing-11 << Cache-Control: max-age=600
01:08:23.721 [main] DEBUG org.apache.hc.client5.http.headers - http-outgoing-11 << Content-Encoding: gzip
01:08:23.721 [main] DEBUG org.apache.hc.client5.http.headers - http-outgoing-11 << x-proxy-cache: HIT
01:08:23.721 [main] DEBUG org.apache.hc.client5.http.headers - http-outgoing-11 << X-GitHub-Request-Id: 9E6E:1126:657106:67497F:6716F372
01:08:23.721 [main] DEBUG org.apache.hc.client5.http.headers - http-outgoing-11 << Accept-Ranges: bytes
01:08:23.721 [main] DEBUG org.apache.hc.client5.http.headers - http-outgoing-11 << Date: Tue, 22 Oct 2024 01:08:23 GMT
01:08:23.721 [main] DEBUG org.apache.hc.client5.http.headers - http-outgoing-11 << Via: 1.1 varnish
01:08:23.721 [main] DEBUG org.apache.hc.client5.http.headers - http-outgoing-11 << Age: 289
01:08:23.721 [main] DEBUG org.apache.hc.client5.http.headers - http-outgoing-11 << X-Served-By: cache-bur-kbur8200135-BUR
01:08:23.721 [main] DEBUG org.apache.hc.client5.http.headers - http-outgoing-11 << X-Cache: HIT
01:08:23.721 [main] DEBUG org.apache.hc.client5.http.headers - http-outgoing-11 << X-Cache-Hits: 1
01:08:23.721 [main] DEBUG org.apache.hc.client5.http.headers - http-outgoing-11 << X-Timer: S1729559304.710188,VS0,VE2
01:08:23.721 [main] DEBUG org.apache.hc.client5.http.headers - http-outgoing-11 << Vary: Accept-Encoding
01:08:23.721 [main] DEBUG org.apache.hc.client5.http.headers - http-outgoing-11 << X-Fastly-Request-ID: f46fafdc81e018e91c2dfea27ab719cab9de8a0f
01:08:23.722 [main] DEBUG org.apache.hc.client5.http.impl.classic.MainClientExec - ex-0000000012 connection can be kept alive for 3 MINUTES
01:08:23.722 [main] DEBUG org.apache.hc.client5.http.wire - http-outgoing-11 << "[0x1f][0xffffff8b][0x8][0x0][0x0][0x0][0x0][0x0][0x0][0x3][0xffffffcd][0xffffff98][0xffffffc9][0xffffff92][0xffffff9b]0[0x10][0xffffff86][0xffffffef]y[0xc][0xffffff9d]Y[0x4]x[0xffffff83]c2o09%[0xffffff95][0xffffff83][0xffffffc6]VlU[0xffffff89][0xffffffa5][0x10][0xfffffff6]$q[0xfffffff1][0xffffffee][0xffffff91]1`[0xffffffb6]f.[0x1e]57[0xffffffd3][0xffffff88][0xffffffee][0x1f][0xffffffea][0xffffffab][0xffffffae][0xffffffaf]|%[0xffffff85][0xffffff88][0xffffffb9]*X[0xffffff9c][0xffffff91][0xffffff88][0xfffffff8][0xffffffd4]_[0xffffffd9][0x1e][0xffffffb5]}[0xffffffef][0xffffffbb]O#[0x1a]Fk[0xffffffea][0xffffff84][0xffffffd4][0xffffffff]A,[0xffffffb2]?[0xffffffb1]$[0xffffffe1]R[0xffffff91][0xffffffe8]J^[0xb][0xfffffff6]&[0xfffffff9][0xffffffed]W][0xffffffd5][0xffffff8f][0xffffffd6]5[0xffffff8b]\x[0xffffffae]D[0xffffff9a][0xffffffe8][0xffffff92][0x17]P[0xffffff87]:[0xffffff9b][0xffffffad][0x1f]8[0xffffffeb][0xffffff9d][0xffffffbe][0xffffff93][0xfffffff3][0xffffff8b]ho[0xffffffad]7[0xffffffd4][0xb]t[0xfffffff1][0xffffff90][0xffffffbe]'2e[0x7]uo[0xffffff97][0xffffffa7][0xffffffb1]n[0xfffffffc][0xfffffff3]J2[0xffffffc9][0xffffff8a][0xffffffdf]i[0x1e][0xffffffeb][0xffffffc3]R$[0xffffffe7]?[0xffffff9b][0xffffff95]>|[0xffffffce]o[0xffffffa3]NE[0xffffff91][0xffffffa9][0xffffffc8]uU[0xffffff91][0xffffffe6][0xffffffec][0xffffffc8][0xffffff9d]c[0xffffff9a][0x1e]%g[0xffffff99]P[0xffffffce]>[0xffffff8d][0xffffffdd]{[0x13][?l[0x17][0xfffffffa][0xffffffcd]Dr[0xffffffb4][0xffffffb3][0xfffffff3][0xffffff9b][0x14]{[0xffffffb7][0x17][0xffffffc8][0xffffffad][0xffffffdb]6[0xffffffe7][0xffffffeb]K[0xffffffe7][0xffffff9f][0xffffffc8]Hi[0xfffffff5][0x2][0xffffffc4]lo[0xffffffb3]<~~[0xffffff84][0xffffffb6]q[0xfffffff3]D[[0xffffff80]b|[0xffffffc2]w[0xffffffa8][0xffffffdb]v#[0x0][0xffffffdf][0xffffffe1]]$[0xffffff81][0xffffffff][0xffffffec][0xfffffff1]U[0xffffffd3][0xffffffe6]tu[0x1][0xffffff8c]~[0xfffffffe][0xffffff9b]WM;[0xffffffa3][0xffffff9b][0xffffffb7][0xfffffffe]e[0xffffffd5]$[0x1e]r[0xffffffa1]qF[0xffffffe1][0xfffffff1]>z[0x11]T[0xffffffd6]Q[0xfffffff0][0xffffffd9][0xffffffec][0x4][0xffffffc1]"[0xffffffb4][0xffffff8e][0xffffff80][0xffffffc7][0xffffffe9]#[0xffffffc0][0xffffff88]V[0xfffffffb][0xffffffc4][0xffffffd9]Ar[0xffffffa5]lu[0xffffffe2]R[0xffffffa2]`;[0xffffffc8][0xffffffb0][0x8]~[0xffffff87][0xffffff99][0xfffffff0]A[0xffffff9e]J[0xffffff84]E[0xfffffff4]0[0xb][0x1e][0xffffffda][0x13]IZ[0xffffffc6][0xffffffcb][0xffffffd2]"_y[0xffffffc1][0xfffffffa][0xffffffd2]QU[0xfffffffa][0xffffffca][0xffffffe1]U[0xffffffcd][0xffffffb7];'[0x18][0x1a][0xffffffc7]f[0xffffffb7][0xfffffff6]C[0xffffffe3][0xffffffc6][0xfffffff1][0xffffffc8][0xffffff83]%[0x1c][0xffffff9d][0x4]h[0xffffffbe]1[0xffffffc8]`X7:[0xffffffd3][\r][0xffffffdb]F[0x7f]2[0xffffffb2]l[0xffffff80]([0x1a]v[0xffffff8d][0x19] [\r][0xffffffab][0x6][0xffffff88][0xffffffa5]A[0xffffffd3][0x0][0xffffffe0]4&[0x1a][0x0][0xffffffa2][0xffffff8b][0xfffffff0][0xc]xy"i[0xffffffc6][0xffffffdc].E[0xffffffb2][0xc]x[0xffffffb5]"H[0x6][0xffffffb4]i[0xffffff8d];[0x6][0xffffffb4]x?P[0xffffff8c][0x17]~[0xffffffe9][0x1b][0xffffffc6][0xffffffad][0xffffffd0][0x17][0xc][0xffffffff][0xffffffde]9t[0xffffffe8]H0Boe[0xfffffffe]/[0xffffff8d]G[0x1e],[0xffffffc1][0xffffffe8]$@[0x13][0xffffff8c]A[0x6][0xffffffc3][0xffffff82][0xffffffd1][0xffffff99]nX0[0xfffffffa][0xffffff93][0xffffff91][0x5][0x3]D[0xffffffd1][0xffffffb0]`[0xffffffcc][0x0]iX0@,[\r][\n]"
01:08:23.722 [main] DEBUG org.apache.hc.client5.http.wire - http-outgoing-11 << "[0x6][0x0][0xffffffa7]1[0xffffffc1][0x0][0x10]][0xffffff84]`[0xffffffc0][0xffffffcb][0x13]I0[0xffffffe6]v)[0xffffff92]`[0xffffffc0][0xffffffab][0x15]A0[0xffffffa0]Mk\0[0xffffffa0][0xffffffc5][0xfffffffb][0xffffff81]`|c[0x9][0xffffffcb][0xffffffff][0xfffffff6][0x1d][0xffffffa3][0xffffffae]MiFH[0xffffffc7][0xffffff9a][0xffffffb1][0xffffffd5]7WH[0xffffff9a]q[0xffffffcb][0xffffff83][0xffffffab][0x19]U[0x2]d[0xffffffcd]h3[0xffffffa0]hF5[0x1d]E3[0xffffff9a][0xffffffc9][0xffffff8b][0xffffffd0][0xffffff8c][0x9][0x14]Q4c[0x12]H[0x14][0xffffffcd][0xffffff98][0xffffffc0][0xffffffd2][0xffffffb8]f[0xffffff8c][0xffffffe0]4[0xffffffac][0x19]#D[0x17][0xffffffa4][0x19]S[0xffffffcb][0x13]U3[0xffffffa6]w)[0xffffffaa]fL[0xffffffad]V4[0xffffffcd][0x18]oZ$[0xffffffcd][0x18]/[0xffffffde]Y[0xffffffcd]([0xffffffcb]/[0xffffffff][0x1][0xfffffff2][0xffffffb1][0xfffffff2]z[0xffffffd8]![0x0][0x0]"
01:08:23.723 [main] DEBUG org.apache.hc.client5.http.impl.classic.InternalHttpClient - ep-0000000012 releasing valid endpoint
01:08:23.724 [main] DEBUG org.apache.hc.client5.http.impl.io.PoolingHttpClientConnectionManager - ep-0000000012 releasing endpoint
01:08:23.724 [main] DEBUG org.apache.hc.client5.http.impl.io.PoolingHttpClientConnectionManager - ep-0000000012 connection http-outgoing-11 can be kept alive for 3 MINUTES
01:08:23.724 [main] DEBUG org.apache.hc.client5.http.impl.io.PoolingHttpClientConnectionManager - ep-0000000012 connection released [route: {s}->https://googlechromelabs.github.io:443][total available: 2; route allocated: 1 of 5; total allocated: 2 of 25]
01:08:23.731 [main] DEBUG io.github.bonigarcia.wdm.WebDriverManager - Driver chromedriver 130.0.6723.58 found in cache
01:08:23.731 [main] INFO io.github.bonigarcia.wdm.WebDriverManager - Exporting webdriver.chrome.driver as /home/codespace/.cache/selenium/chromedriver/linux64/130.0.6723.58/chromedriver
]]></system-out>
    <system-err><![CDATA[Starting ChromeDriver 130.0.6723.58 (3a50e012e4c9b8a410a4e2b12bf577e69ee8f755-refs/branch-heads/6723@{#1353}) on port 16452
Only local connections are allowed.
Please see https://chromedriver.chromium.org/security-considerations for suggestions on keeping ChromeDriver safe.
ChromeDriver was started successfully on port 16452.
]]></system-err>
  </testcase>
</testsuite>