<?xml version="1.0" encoding="UTF-8"?>
<testng-results ignored="0" total="1" passed="1" failed="0" skipped="0">
  <reporter-output>
  </reporter-output>
  <suite started-at="2024-10-19T17:19:48 CDT" name="Default suite" finished-at="2024-10-19T17:20:09 CDT" duration-ms="20568">
    <groups>
    </groups>
    <test started-at="2024-10-19T17:19:48 CDT" name="Default test" finished-at="2024-10-19T17:20:09 CDT" duration-ms="20568">
      <class name="test.com.assignment2.selenium_test.SelinumTest">
        <test-method signature="testDri()[pri:0, instance:test.com.assignment2.selenium_test.SelinumTest@484970b0]" started-at="2024-10-19T17:19:48 CDT" name="testDri" finished-at="2024-10-19T17:20:09 CDT" duration-ms="20524" status="PASS">
          <reporter-output>
          </reporter-output>
        </test-method> <!-- testDri -->
      </class> <!-- test.com.assignment2.selenium_test.SelinumTest -->
    </test> <!-- Default test -->
  </suite> <!-- Default suite -->
</testng-results>
